
Log started (V22.2.0.0) Sun Jun 21 02:07:47 2026

Version identifier: 22.2.0.0 | 2026-05-04 | 5dff98e58
CPXPARAM_TimeLimit                               1800
Tried aggregator 1 time.
Reduced MIP has 23251 rows, 7875 columns, and 54375 nonzeros.
Reduced MIP has 125 binaries, 0 generals, 0 SOSs, and 0 indicators.
Presolve time = 0.03 sec. (32.84 ticks)
Found incumbent of value 321.000000 after 0.05 sec. (47.71 ticks)
Probing time = 0.00 sec. (4.78 ticks)
Tried aggregator 1 time.
Detecting symmetries...
Reduced MIP has 23251 rows, 7875 columns, and 54375 nonzeros.
Reduced MIP has 7875 binaries, 0 generals, 0 SOSs, and 0 indicators.
Presolve time = 0.09 sec. (113.05 ticks)
Probing time = 0.02 sec. (4.78 ticks)
Clique table members: 15500.
MIP emphasis: balance optimality and feasibility.
MIP search method: dynamic search.
Parallel mode: deterministic, using up to 12 threads.
Root relaxation solution time = 0.75 sec. (601.92 ticks)

        Nodes                                         Cuts/
   Node  Left     Objective  IInf  Best Integer    Best Bound    ItCnt     Gap

*     0+    0                          321.0000    35015.0000              --- 
*     0+    0                          363.0000    35015.0000              --- 
*     0+    0                          367.0000    35015.0000              --- 
*     0+    0                          372.0000    35015.0000              --- 
*     0+    0                          380.0000    35015.0000              --- 
*     0+    0                          389.0000    35015.0000              --- 
*     0+    0                          397.0000    35015.0000              --- 
*     0+    0                          407.0000    35015.0000              --- 
*     0+    0                          414.0000    35015.0000              --- 
*     0+    0                          422.0000    35015.0000              --- 
      0     0     3361.4400  7124      422.0000     3361.4400        6  696.55%
      0     0     3354.0960  7113      422.0000      Fract: 1       84  694.81%
      0     0     3349.4766  7104      422.0000      Fract: 1      161  693.71%
*     0+    0                          425.0000     3349.4766           688.11%
Detecting symmetries...
      0     2     3349.4766  7104      425.0000     3349.4766      161  688.11%
Elapsed time = 6.36 sec. (4811.91 ticks, tree = 0.02 MB, solutions = 11)
      2     4     3310.3600  6900      425.0000     3349.1347      815  688.03%
      4     5     3288.8981  6798      425.0000     3349.1347     1075  688.03%
      8    10     3235.6333  6580      425.0000     3330.5587     3168  683.66%
     12    14     3020.3214  6717      425.0000     3330.5587     5239  683.66%
     23    16     3004.4979  6611      425.0000     3330.5587     6076  683.66%
     30    21     2988.3361  6602      425.0000     3213.6529    11863  656.15%
     42    18     2990.1106  6599      425.0000     3213.6529     8081  656.15%
     52    23     2956.3675  6414      425.0000     3211.9221    13613  655.75%
     64    50     2789.0208  6837      425.0000     3211.9221    27684  655.75%
    111    95     2789.4000  5707      425.0000     3211.9221    48308  655.75%
Elapsed time = 12.86 sec. (8342.84 ticks, tree = 1.27 MB, solutions = 11)
    137   125     2715.8067  5417      425.0000     3211.9221    57417  655.75%
    175   159     2284.5983  3827      425.0000     3211.9221    63014  655.75%
    264   240     1499.6667  1870      425.0000     3211.9221    74268  655.75%
    399   259     2496.7449  4589      425.0000     3211.9221    79143  655.75%
    506   428      975.9444   691      425.0000     3211.9221   101994  655.75%
    589   513      431.6923   143      425.0000     3211.9221   108219  655.75%
    741   562     2097.7053  3272      425.0000     3211.9221   119276  655.75%
    948   638     1952.9101  2832      425.0000     3211.9221   129196  655.75%
   1251   823      806.8065   539      425.0000     3211.9221   155936  655.75%
   1601  1208     1206.0000   954      425.0000     3211.9221   206557  655.75%
Elapsed time = 36.73 sec. (18002.19 ticks, tree = 27.26 MB, solutions = 11)
   1863  1554      732.6552   481      425.0000     3211.9221   237719  655.75%
   2097  1776     2853.4468  5994      425.0000     3190.1614   263099  650.63%
   2271  1949     1318.2593  1531      425.0000     3053.6120   285082  618.50%
   2477  2176      572.6364   290      425.0000     3053.6120   316483  618.50%
   2753  2430     1702.2637  2216      425.0000     3053.6120   362127  618.50%
   3061  2626      630.9167   341      425.0000     3053.6120   381559  618.50%
   3374  3016      558.9048   252      425.0000     3053.6120   425763  618.50%
   3549  3125     2383.7320  5039      425.0000     3003.3043   437776  606.66%
   3743  3400     2105.2361  3986      425.0000     2983.4722   479136  601.99%
   3852  3516     2394.2843  5037      425.0000     2979.6017   495524  601.08%
Elapsed time = 59.19 sec. (27587.68 ticks, tree = 101.10 MB, solutions = 11)

Performing restart 1

Repeating presolve.
Tried aggregator 1 time.
Reduced MIP has 23251 rows, 7875 columns, and 54375 nonzeros.
Reduced MIP has 7875 binaries, 0 generals, 0 SOSs, and 0 indicators.
Presolve time = 0.08 sec. (104.82 ticks)
Tried aggregator 1 time.
Reduced MIP has 23251 rows, 7875 columns, and 54375 nonzeros.
Reduced MIP has 7875 binaries, 0 generals, 0 SOSs, and 0 indicators.
Presolve time = 0.08 sec. (114.16 ticks)
Represolve time = 0.28 sec. (295.44 ticks)
   3856     0     3342.1280  7083      425.0000      Fract: 1   537207  601.08%
   3856     0     3332.0680  7061      425.0000      Fract: 4   537381  601.08%
   3856     0     3329.5610  7054      425.0000      Fract: 1   537492  601.08%
*  3856+    0                          435.0000     2979.6017           584.97%
   3856     0        cutoff            435.0000     2979.6017   537492  584.97%
   3856     0     3327.0626  7045      435.0000      Fract: 1   537586  584.97%
   3856     0     3325.2684  7035      435.0000      Fract: 1   537673  584.97%
   3856     0     3322.7062  7028      435.0000      Fract: 1   537807  584.97%
*  3856+    0                          439.0000     2979.6017           578.72%
   3856     0        cutoff            439.0000     2979.6017   537807  578.72%
   3856     0     3320.4151  7018      439.0000      Fract: 1   537922  578.72%
   3856     0     3317.2954  7009      439.0000      Fract: 1   538067  578.72%
   3856     0     3314.6646  7002      439.0000      Fract: 1   538180  578.72%
*  3856+    0                          443.0000     2979.6017           572.60%
   3856     0        cutoff            443.0000     2979.6017   538180  572.60%
   3856     0     3312.2421  6993      443.0000      Fract: 1   538279  572.60%
   3856     2     3312.2421  6989      443.0000     2979.6017   538279  572.60%
   3859     4     3266.5601  6773      443.0000     2979.6017   539378  572.60%
   3868     3     3067.4157  7018      443.0000     2979.6017   540574  572.60%
   3888     9     2769.3035  6727      443.0000     2979.6017   543896  572.60%
   3916    10     2320.0343  7042      443.0000     2979.6017   546780  572.60%
   3997    75     2282.1122  6781      443.0000     2979.6017   586474  572.60%
   4030    78     1784.6261  6707      443.0000     2979.6017   588047  572.60%
   4117   189     2226.2551  6482      443.0000     2979.6017   622746  572.60%
   4243   320     2539.1777  5679      443.0000     2979.6017   643946  572.60%
   4384   439     2936.6271  6387      443.0000     2979.6017   660266  572.60%
Elapsed time = 110.66 sec. (60916.43 ticks, tree = 38.14 MB, solutions = 14)
   4456   490     2734.4954  6580      443.0000     2979.6017   669744  572.60%
   4486   547     2701.7739  6370      443.0000     2979.6017   678736  572.60%
   4537   593     2170.7738  6148      443.0000     2979.6017   683556  572.60%
   4585   614     1903.0000  4663      443.0000     2979.6017   688803  572.60%
   4638   699     1617.7115  5539      443.0000     2979.6017   703612  572.60%
   4686   760     2148.4818  5989      443.0000     2979.6017   712771  572.60%
   4762   851     2117.3180  5778      443.0000     2979.6017   725169  572.60%
   4908   843     2137.7207  5974      443.0000     2979.6017   724528  572.60%
   5057   945     2566.2050  5742      443.0000     2979.6017   736852  572.60%
   5190  1168     2605.0864  5956      443.0000     2979.6017   770519  572.60%
Elapsed time = 138.08 sec. (70609.92 ticks, tree = 160.70 MB, solutions = 14)
   5339  1338     1557.4366  2499      443.0000     2979.6017   797872  572.60%
   5464  1273     1464.1111  3340      443.0000     2979.6017   787520  572.60%
   5613  1543     2144.8213  5998      443.0000     2979.6017   829873  572.60%
   5813  1789     2174.7353  5008      443.0000     2979.6017   869261  572.60%
   5977  1786     1199.1695  1786      443.0000     2979.6017   867390  572.60%
   6130  2032     2308.7583  4723      443.0000     2979.6017   904011  572.60%
   6317  2210      517.9524   295      443.0000     2979.6017   923056  572.60%
   6463  2418     1822.9765  3527      443.0000     2979.6017   960866  572.60%
   6547  2516     1750.0000  3895      443.0000     2979.6017   975878  572.60%
   6665  2595     1522.0000  2426      443.0000     2979.6017   987889  572.60%
Elapsed time = 163.73 sec. (80192.24 ticks, tree = 419.44 MB, solutions = 14)
   6787  2765     1707.3125  3131      443.0000     2979.6017  1016565  572.60%
   6967  2884     1013.1154  1501      443.0000     2979.6017  1042076  572.60%
   7150  2931      673.7500   512      443.0000     2979.6017  1044473  572.60%
   7351  3289      531.3182   337      443.0000     2979.6017  1104056  572.60%
   7513  3231     1616.3000  3242      443.0000     2979.6017  1101646  572.60%
   7692  3531     1547.3143  2450      443.0000     2979.6017  1151441  572.60%
   7843  3755     2287.4688  5527      443.0000     2979.6017  1182857  572.60%
   8009  3847      551.9583   385      443.0000     2979.6017  1188414  572.60%
   8197  4114     1854.0075  3155      443.0000     2979.6017  1231841  572.60%
   8378  4086     2381.2589  6017      443.0000     2979.6017  1223750  572.60%
Elapsed time = 189.42 sec. (89781.94 ticks, tree = 697.66 MB, solutions = 14)
   8495  4408     2102.1122  4665      443.0000     2979.6017  1273369  572.60%
   8619  4465     1347.8214  1534      443.0000     2979.6017  1283535  572.60%
   8728  4551     1395.3636  3055      443.0000     2979.6017  1301741  572.60%

Performing restart 2

Repeating presolve.
Tried aggregator 1 time.
Reduced MIP has 23251 rows, 7875 columns, and 54375 nonzeros.
Reduced MIP has 7875 binaries, 0 generals, 0 SOSs, and 0 indicators.
Presolve time = 0.06 sec. (104.82 ticks)
Tried aggregator 1 time.
Reduced MIP has 23251 rows, 7875 columns, and 54375 nonzeros.
Reduced MIP has 7875 binaries, 0 generals, 0 SOSs, and 0 indicators.
Presolve time = 0.08 sec. (114.16 ticks)
Represolve time = 0.39 sec. (301.16 ticks)
*  8744+    0                          456.0000     2979.6017           553.42%
   8744     0     3298.4900  6945      456.0000      Fract: 8  1354727  553.42%
   8744     0     3295.7044  6939      456.0000      Fract: 1  1354826  553.42%
   8744     0     3293.2435  6932      456.0000      Fract: 1  1354913  553.42%
   8744     0     3291.2190  6929      456.0000      Fract: 1  1355019  553.42%
   8744     0     3288.7432  6914      456.0000      Fract: 1  1355096  553.42%
   8744     0     3287.1968  6908      456.0000      Fract: 1  1355161  553.42%
   8744     0     3284.6964  6896      456.0000      Fract: 1  1355296  553.42%
   8744     0     3283.1220  6888      456.0000      Fract: 1  1355364  553.42%
   8744     0     3280.8249  6882      456.0000      Fract: 1  1355494  553.42%
   8744     0     3278.1959  6875      456.0000      Fract: 1  1355636  553.42%
   8744     2     3278.1959  6874      456.0000     2979.6017  1355636  553.42%
   8746     3     3042.1114  6925      456.0000     2979.6017  1357841  553.42%
   8750     4     3019.4209  6819      456.0000     2979.6017  1358884  553.42%
   8757    11     2784.5687  6844      456.0000     2979.6017  1366188  553.42%
   8766    14     2957.4140  6493      456.0000     2979.6017  1370738  553.42%
   8779    28     2925.1422  6263      456.0000     2979.6017  1392047  553.42%
   8813    42     2816.7024  5783      456.0000     2979.6017  1413890  553.42%
Elapsed time = 245.16 sec. (127033.54 ticks, tree = 2.02 MB, solutions = 15)
   8862    64     2657.1687  5121      456.0000     2979.6017  1433966  553.42%
   8882    94     2867.6157  6022      456.0000     2979.6017  1439845  553.42%
   8910   140     2774.1197  5648      456.0000     2979.6017  1452405  553.42%
   8949   179     2481.1977  5415      456.0000     2979.6017  1472245  553.42%
   8988   187     2384.0149  4928      456.0000     2979.6017  1474835  553.42%
   9035   266     2242.3983  4395      456.0000     2979.6017  1506262  553.42%
   9102   267     2163.3091  4132      456.0000     2979.6017  1506311  553.42%
   9153   351     2410.5126  4285      456.0000     2979.6017  1531656  553.42%
   9208   378     2123.6902  3377      456.0000     2979.6017  1538182  553.42%
   9270   458     1473.4407  1660      456.0000     2979.6017  1555489  553.42%
Elapsed time = 269.62 sec. (136725.43 ticks, tree = 10.36 MB, solutions = 15)
   9377   479     1044.4634   822      456.0000     2979.6017  1557711  553.42%
   9602   532      969.5000   827      456.0000     2979.6017  1566388  553.42%
   9864   782      528.8571   273      456.0000     2979.6017  1592640  553.42%
  10001   950     1252.0588  1242      456.0000     2979.6017  1611219  553.42%
  10128  1143      559.5652   270      456.0000     2979.6017  1632947  553.42%
  10189  1187     2501.6950  4017      456.0000     2979.6017  1638848  553.42%
  10225  1303     2607.9493  5067      456.0000     2979.6017  1654900  553.42%
  10272  1427     2486.2014  4623      456.0000     2979.6017  1687803  553.42%
  10326  1434     2318.6804  4028      456.0000     2979.6017  1689266  553.42%
  10740  1719     1001.5366   805      456.0000     2979.6017  1749823  553.42%
Elapsed time = 302.70 sec. (149249.73 ticks, tree = 22.52 MB, solutions = 15)
  11401  2439      737.0000   449      456.0000     2966.4754  1841998  550.54%
  11848  2804     2018.6513  3628      456.0000     2966.4754  1898762  550.54%
  12366  3054     1922.4615  2852      456.0000     2966.4754  1950086  550.54%
  12811  3648     2408.1024  5102      456.0000     2966.4754  2037194  550.54%
  13180  4088     1664.2329  2570      456.0000     2898.3911  2116441  535.61%
  13625  4515      903.5000   791      456.0000     2894.2762  2178514  534.71%
  14126  4998      905.5000   791      456.0000     2881.9764  2257646  532.01%
  14580  5422     1490.3846  2037      456.0000     2867.2227  2321416  528.78%
  14988  5806     1034.8696  1032      456.0000     2865.3064  2379511  528.36%
  15520  6153     1742.4474  2786      456.0000     2850.7612  2437727  525.17%
Elapsed time = 401.75 sec. (187441.86 ticks, tree = 74.69 MB, solutions = 15)
  16068  6679      677.6774   490      456.0000     2842.1968  2510508  523.29%
  16819  7493      540.3750   277      456.0000     2834.0511  2609155  521.50%
  17361  7864      901.1538   718      456.0000     2817.8376  2652977  517.95%
  18064  8363     2008.7510  3623      456.0000     2812.7575  2723393  516.83%
  18537  9101      983.6667   991      456.0000     2801.8820  2815800  514.45%
  19150  9532      653.5517   431      456.0000     2793.1495  2867748  512.53%
  19757 10325     1638.8831  2934      456.0000     2780.3817  2966305  509.73%
  20338 10575      687.8750   519      456.0000     2780.3817  3003561  509.73%
  20575 11024     1512.5152  2106      456.0000     2780.3817  3056246  509.73%
  20998 11372     2443.5836  5203      456.0000     2780.3817  3105543  509.73%
Elapsed time = 504.00 sec. (225703.33 ticks, tree = 964.04 MB, solutions = 15)
  21203 11576     2491.2274  5401      456.0000     2777.7105  3129491  509.15%
  21773 12203      479.1429   259      456.0000     2777.7105  3207013  509.15%
  22315 12391     2229.7896  5247      456.0000     2766.7190  3227944  506.74%
  22825 12895      525.6250   324      456.0000     2766.7190  3295750  506.74%
  23455 13323     1941.4524  3379      456.0000     2766.7190  3347530  506.74%
  24020 14012     1536.3014  2647      456.0000     2747.3945  3431822  502.50%
  24515 14536     2330.2992  5833      456.0000     2744.8274  3511006  501.94%
  24962 15101     1265.0000  1866      456.0000     2738.4888  3582302  500.55%
  25734 15663     2038.0587  3709      456.0000     2735.2361  3669131  499.83%
  26304 16254     1000.1111   990      456.0000     2735.2361  3737302  499.83%
Elapsed time = 603.59 sec. (263909.99 ticks, tree = 1673.16 MB, solutions = 15)
  26963 16904     1925.5000  3961      456.0000     2726.0978  3819153  497.83%
  27675 17482      526.0000   298      456.0000     2721.6795  3888886  496.86%
  28010 18167     1876.0569  3220      456.0000     2720.8481  3987155  496.68%
  28759 18700      798.5676   682      456.0000     2714.7166  4067434  495.33%
  29270 19184     1909.2892  3300      456.0000     2714.3571  4123675  495.25%
  29964 19649     2289.0969  4562      456.0000     2706.7944  4185743  493.60%
  30462 20315      462.4737   218      456.0000     2700.0880  4271598  492.12%
  31054 20549     1458.4783  2368      456.0000     2699.3528  4318281  491.96%
  31681 20885     1596.2800  2778      456.0000     2697.7425  4366987  491.61%
  32375 21746     2319.6766  5714      456.0000     2696.0603  4464877  491.24%
Elapsed time = 718.47 sec. (302132.75 ticks, tree = 2408.03 MB, solutions = 15)
Nodefile size = 343.67 MB (238.81 MB after compression)
  33099 22193     1122.3774  1410      456.0000     2694.0770  4519518  490.81%
  33682 23280     2085.3364  3862      456.0000     2693.8933  4655019  490.77%
  34362 23517     1177.1786  1572      456.0000     2686.2624  4688452  489.09%
  34844 24320     2278.6327  4568      456.0000     2679.7496  4786602  487.66%
  35497 24588     1799.5000  3459      456.0000     2678.8074  4824496  487.46%
  36110 25026     1200.6296  1408      456.0000     2677.0768  4899817  487.08%
  36943 26226        cutoff            456.0000     2674.4762  5045089  486.51%
  37510 26541     1921.8371  3873      456.0000     2673.0345  5083604  486.19%
  38145 27250     1828.0717  2992      456.0000     2671.1145  5168081  485.77%
  38635 27386     1528.0000  2571      456.0000     2667.7997  5188690  485.04%
Elapsed time = 832.20 sec. (340323.74 ticks, tree = 3261.53 MB, solutions = 15)
Nodefile size = 1206.70 MB (844.60 MB after compression)
  39322 28597     2309.6570  5670      456.0000     2667.1920  5354054  484.91%
  39950 28741     1284.8070  1573      456.0000     2662.4790  5376026  483.88%
  40613 29759     2035.8649  4398      456.0000     2661.6111  5498770  483.69%
  41465 29990      686.9032   489      456.0000     2656.5010  5524787  482.57%
  41985 30601      881.0000   791      456.0000     2655.1828  5598211  482.28%
  42525 31226     1354.5714  1986      456.0000     2650.2607  5681966  481.20%
  43083 31764     1088.2979  1024      456.0000     2650.2607  5752251  481.20%
  43853 32167      477.8571   253      456.0000     2647.4201  5805827  480.57%
  44495 33341     1520.8873  2502      456.0000     2646.8384  5956552  480.45%
  45265 33732     1281.1404  1573      456.0000     2643.4721  6003177  479.71%
Elapsed time = 952.36 sec. (378534.57 ticks, tree = 4125.51 MB, solutions = 15)
Nodefile size = 2061.42 MB (1446.23 MB after compression)
  45956 34508     1780.8193  3375      456.0000     2643.4721  6100437  479.71%
  46673 34494     2140.7055  4032      456.0000     2638.2756  6097847  478.57%
  47194 35652     1241.0678  1748      456.0000     2635.7713  6240929  478.02%
  47779 36120      892.8571   909      456.0000     2632.2746  6305177  477.25%
  48456 37083     1942.6333  3957      456.0000     2632.0231  6435993  477.20%
  49188 37611     1758.3171  3300      456.0000     2631.2914  6504438  477.04%
  49879 37604      738.2857   644      456.0000     2628.2311  6500815  476.37%
  50647 38531      658.5000   490      456.0000     2623.6313  6609630  475.36%
  51312 39032      595.3333   401      456.0000     2621.3717  6667913  474.86%
  51890 39889      483.2609   298      456.0000     2620.6443  6770590  474.70%
Elapsed time = 1072.28 sec. (416728.32 ticks, tree = 5024.53 MB, solutions = 15)
Nodefile size = 2967.86 MB (2088.43 MB after compression)
  52326 40456     1074.4706  1308      456.0000     2620.1595  6838745  474.60%
  52743 41091      765.3704  1732      456.0000     2620.1595  6923535  474.60%
  53074 41391     2283.1962  5596      456.0000     2620.1595  6962954  474.60%
  53365 42130      543.2400   347      456.0000     2620.1595  7060411  474.60%
  53863 42365      634.0000  2428      456.0000     2618.7532  7097773  474.29%
  54427 42415     1796.0089  3458      456.0000     2613.6350  7106178  473.17%
  55158 43272     2105.7778  3867      456.0000     2613.6350  7207998  473.17%
  55926 43528     2338.0060  5806      456.0000     2608.4387  7238036  472.03%
  56458 43941     1898.4242  3873      456.0000     2608.2946  7292827  471.99%
  57189 45129      624.6552   458      456.0000     2608.2946  7430204  471.99%
Elapsed time = 1188.91 sec. (454947.59 ticks, tree = 5774.83 MB, solutions = 15)
Nodefile size = 3712.67 MB (2614.42 MB after compression)
  57690 45210     2108.9967  4743      456.0000     2603.4138  7446611  470.92%
  58201 45635     1864.6264  3704      456.0000     2603.4138  7510747  470.92%
  58881 46769        cutoff            456.0000     2602.5729  7657992  470.74%
  59662 46888     2046.1380  4475      456.0000     2602.5729  7674383  470.74%
  60377 47506      639.4000   489      456.0000     2597.7173  7744289  469.67%
  61092 49226      726.3824   611      456.0000     2596.2396  7938623  469.35%
  61675 48555     1718.1406  3153      456.0000     2595.0660  7864513  469.09%
  62334 49296     1149.3333  1464      456.0000     2592.8894  7950692  468.62%
  62896 50749      569.6923   386      456.0000     2591.7310  8143554  468.36%
  63616 51065     1442.8730  1922      456.0000     2588.6196  8185358  467.68%
Elapsed time = 1308.08 sec. (493147.38 ticks, tree = 6371.81 MB, solutions = 15)
Nodefile size = 4303.97 MB (3027.94 MB after compression)
  64391 51587     1271.0000  1805      456.0000     2587.6206  8256082  467.46%
  65119 52777     2081.4127  4657      456.0000     2585.9393  8398694  467.09%
  65878 52956     2119.4615  4757      456.0000     2584.2611  8419490  466.72%
  66688 54002     1546.2500  2577      456.0000     2583.8073  8537816  466.62%
  67335 54596     1174.3208  1357      456.0000     2581.1022  8604627  466.03%
  68126 55333      980.7447  1118      456.0000     2580.1458  8692653  465.82%
  68763 56194     1142.5000  1462      456.0000     2576.8326  8796501  465.09%
  69222 56122     1548.7059  2234      456.0000     2575.9531  8788143  464.90%
  69679 57076     1056.4118  1309      456.0000     2575.9531  8912202  464.90%
  70071 57269     1755.7614  5036      456.0000     2575.9531  8934691  464.90%
Elapsed time = 1438.69 sec. (531351.89 ticks, tree = 7326.74 MB, solutions = 15)
Nodefile size = 5247.79 MB (3693.38 MB after compression)
  70599 57147     1405.6418  2238      456.0000     2575.3235  8922246  464.76%
  71194 57915      782.4865   717      456.0000     2575.3235  9020365  464.76%
  71848 58693     1163.0545  1515      456.0000     2573.8382  9113207  464.44%
  72559 59680      603.9836  2291      456.0000     2573.0707  9227603  464.27%
  73273 60192     2014.0638  4294      456.0000     2573.0707  9290558  464.27%
  74102 61313     2217.3754  5139      456.0000     2567.0362  9420771  462.95%
  74783 60583      682.6216  3229      456.0000     2566.4298  9334448  462.81%
  75373 61703      956.6047   904      456.0000     2563.1187  9465887  462.09%
  75926 62910     1310.0328  1864      456.0000     2562.8888  9617484  462.04%
  76536 63496     1198.1071  1577      456.0000     2562.8888  9694393  462.04%
Elapsed time = 1564.09 sec. (569564.93 ticks, tree = 8178.95 MB, solutions = 15)
Nodefile size = 6113.55 MB (4303.62 MB after compression)
  77259 63299     2219.5725  5125      456.0000     2562.8888  9670657  462.04%
  77860 64677      738.4118   577      456.0000     2562.8888  9846279  462.04%
  78623 65537     2220.0174  5235      456.0000     2556.0310  9944959  460.53%
  79419 64934     1323.2742  1920      456.0000     2556.0310  9875376  460.53%
Starting limited solution polishing.
  80100 67206     1367.0000  1742      456.0000     2553.1533 10136145  459.90%
  80664 67535     1352.2344  2046      456.0000     2552.3575 10174854  459.73%
  81060 68063     1668.1688  2930      456.0000     2552.2629 10234251  459.71%
  81450 68039     2046.4943  3699      456.0000     2552.2629 10229096  459.71%
  81951 68569      876.2821   750      456.0000     2552.2629 10290327  459.71%
  82354 69168     1575.3699  2645      456.0000     2552.2629 10359698  459.71%
Elapsed time = 1693.61 sec. (607811.76 ticks, tree = 9113.05 MB, solutions = 15)
Nodefile size = 7050.31 MB (4963.47 MB after compression)
  82943 69021     1083.8077  1358      456.0000     2552.1348 10341737  459.68%
  83540 69467      796.2703   717      456.0000     2552.1348 10394952  459.68%
  83976 70331      852.2500   828      456.0000     2551.6328 10498232  459.57%
  84343 70687     2294.6026  5604      456.0000     2551.6328 10538818  459.57%
  84485 71482     1812.9643  3459      456.0000     2547.8292 10639930  458.73%
  84650 71700      620.4828   462      456.0000     2547.8292 10667407  458.73%
  84833 71745     1536.1250  2581      456.0000     2547.8292 10673793  458.73%
  85158 72211      827.8462   789      456.0000     2547.3774 10727440  458.64%
  85437 71851     2026.8281  4384      456.0000     2547.3774 10687528  458.64%

Gomory fractional cuts applied:  42

Root node processing (before b&c):
  Real time             =    6.12 sec. (4776.33 ticks)
Parallel b&c, 12 threads:
  Real time             = 1799.95 sec. (639542.78 ticks)
  Sync time (average)   =  513.30 sec.
  Wait time (average)   =    0.03 sec.
                          ------------
Total (root+branch&cut) = 1806.08 sec. (644319.11 ticks)

Solution pool: 15 solutions saved.

MIP - Time limit exceeded, integer feasible:  Objective =  4.5600000000e+02
Current MIP best bound =  2.5473774212e+03 (gap = 2091.38, 458.64%)
Solution time = 1806.08 sec.  Iterations = 10815733  Nodes = 85470 (72931)
Deterministic time = 644319.13 ticks  (356.75 ticks/sec)

MILP problem relaxed to LP with fixed integer variables using
incumbent solution.
Version identifier: 22.2.0.0 | 2026-05-04 | 5dff98e58
CPXPARAM_TimeLimit                               1800
Parallel mode: deterministic, using up to 12 threads for concurrent optimization:
 * Starting dual Simplex on 1 thread...
 * Starting Barrier on 10 threads...
 * Starting primal Simplex on 1 thread...
Tried aggregator 1 time.
LP Presolve eliminated 23251 rows and 7875 columns.
All rows and columns eliminated.
Presolve time = 0.03 sec. (7.17 ticks)

Dual simplex solved model.


Dual simplex - Optimal:  Objective =  4.5600000000e+02
Solution time =    0.22 sec.  Iterations = 0 (0)
Deterministic time = 14.80 ticks  (67.87 ticks/sec)


Solution written to file 'C:\Users\rodri\AppData\Local\Temp\455ddfd08f18477abfaf33595c53f828-pulp.sol'.
