
Log started (V22.2.0.0) Sun Jun 21 01:07:17 2026

Version identifier: 22.2.0.0 | 2026-05-04 | 5dff98e58
CPXPARAM_TimeLimit                               1800
Tried aggregator 1 time.
Reduced MIP has 23251 rows, 7875 columns, and 54375 nonzeros.
Reduced MIP has 125 binaries, 0 generals, 0 SOSs, and 0 indicators.
Presolve time = 0.02 sec. (32.85 ticks)
Found incumbent of value 256.000000 after 0.05 sec. (47.72 ticks)
Probing time = 0.02 sec. (4.78 ticks)
Tried aggregator 1 time.
Detecting symmetries...
Reduced MIP has 23251 rows, 7875 columns, and 54375 nonzeros.
Reduced MIP has 7875 binaries, 0 generals, 0 SOSs, and 0 indicators.
Presolve time = 0.11 sec. (113.07 ticks)
Probing time = 0.02 sec. (4.78 ticks)
Clique table members: 15500.
MIP emphasis: balance optimality and feasibility.
MIP search method: dynamic search.
Parallel mode: deterministic, using up to 12 threads.
Root relaxation solution time = 0.78 sec. (611.55 ticks)

        Nodes                                         Cuts/
   Node  Left     Objective  IInf  Best Integer    Best Bound    ItCnt     Gap

*     0+    0                          256.0000    34726.0000              --- 
*     0+    0                          356.0000    34726.0000              --- 
*     0+    0                          367.0000    34726.0000              --- 
*     0+    0                          379.0000    34726.0000              --- 
*     0+    0                          387.0000    34726.0000              --- 
*     0+    0                          397.0000    34726.0000              --- 
*     0+    0                          404.0000    34726.0000              --- 
*     0+    0                          410.0000    34726.0000              --- 
*     0+    0                          418.0000    34726.0000              --- 
*     0+    0                          423.0000    34726.0000              --- 
      0     0     3333.6960  7076      423.0000     3333.6960        7  688.11%
*     0+    0                          434.0000     3333.6960           668.13%
      0     0     3326.8080  7067      434.0000      Fract: 1       41  666.55%
      0     0     3321.6672  7055      434.0000      Fract: 1      115  665.36%
*     0+    0                          436.0000     3321.6672           661.85%
Detecting symmetries...
      0     2     3321.6672  7055      436.0000     3308.5828      115  658.85%
Elapsed time = 7.77 sec. (5632.47 ticks, tree = 0.02 MB, solutions = 12)
      2     3     3080.5323  7095      436.0000     3308.5828      650  658.85%
      5     6     3034.7377  6882      436.0000     3301.0588     1634  657.12%
      8     9     2984.8500  6672      436.0000     3300.1974     2917  656.93%
     16     6     2808.3115  7004      436.0000     3300.1974     2998  656.93%
     26    23     2763.7431  6789      436.0000     3217.2909    12677  637.91%
     41    27     2538.8000  6910      436.0000     3217.0646    14473  637.86%
     59    49     2500.4153  6699      436.0000     3190.7292    23431  631.82%
     75    51     2876.7543  6163      436.0000     3190.7292    24280  631.82%
     86    59     2735.9664  6687      436.0000     3190.7292    26389  631.82%
    142   129     2672.8962  5290      436.0000     3190.7292    48329  631.82%
Elapsed time = 14.00 sec. (9224.34 ticks, tree = 4.71 MB, solutions = 12)
    150    98     2764.7750  5666      436.0000     3190.7292    39803  631.82%
    166   150     2364.3784  5965      436.0000     3190.7292    54526  631.82%
    206   167     2511.5000  4650      436.0000     3190.7292    59998  631.82%
    268   222     2342.1782  4920      436.0000     3190.7292    80922  631.82%
    339   251     2217.0690  3642      436.0000     3190.7292    91862  631.82%
    437   390     1979.0128  2954      436.0000     3190.7292   137457  631.82%
    570   450     1953.3333  3470      436.0000     3190.7292   152670  631.82%
    749   570     1078.0000   940      436.0000     3190.7292   174372  631.82%
   1113   772      454.6667   189      436.0000     3190.7292   200494  631.82%
   1437  1066      570.4545   290      436.0000     3190.7292   228815  631.82%
Elapsed time = 42.36 sec. (20259.77 ticks, tree = 12.38 MB, solutions = 12)
   1571  1045     2795.3464  5852      436.0000     3171.5507   227612  627.42%
   1632  1212     2468.1887  5391      436.0000     3123.9190   248542  616.50%
   1702  1576     2581.4757  5001      436.0000     3020.2311   296996  592.71%
   1770  1646     2322.2000  4827      436.0000     3020.2311   313242  592.71%
   1847  1661     2193.5417  3700      436.0000     3020.2311   316558  592.71%
   1932  1762     1928.6667  2931      436.0000     3020.2311   336698  592.71%
   2083  1785     2189.4062  3701      436.0000     3020.2311   341658  592.71%
   2321  1901      763.8125   555      436.0000     3020.2311   354866  592.71%
   2560  2305     2214.7285  3780      436.0000     3020.2311   402596  592.71%
   2767  2408     1243.1887  1454      436.0000     3020.2311   415206  592.71%
Elapsed time = 67.64 sec. (29831.23 ticks, tree = 27.03 MB, solutions = 12)
   2953  2674      568.5000   338      436.0000     3020.2311   444709  592.71%
   3112  2897      810.1176   596      436.0000     3020.2311   471559  592.71%
   3227  2908     2341.4356  4912      436.0000     2996.2176   474882  587.21%
   3351  3016     2005.0460  3704      436.0000     2971.8605   492589  581.62%
   3469  3083     2266.6145  3946      436.0000     2950.7296   506856  576.77%
   3620  3381     1548.8824  2319      436.0000     2950.7296   551369  576.77%
   3791  3501     2378.8956  5091      436.0000     2948.0060   569130  576.15%
   3914  3518     1554.6029  2315      436.0000     2948.0060   571467  576.15%

Performing restart 1

Repeating presolve.
Tried aggregator 1 time.
Reduced MIP has 23251 rows, 7875 columns, and 54375 nonzeros.
Reduced MIP has 7875 binaries, 0 generals, 0 SOSs, and 0 indicators.
Presolve time = 0.08 sec. (104.83 ticks)
Tried aggregator 1 time.
Reduced MIP has 23251 rows, 7875 columns, and 54375 nonzeros.
Reduced MIP has 7875 binaries, 0 generals, 0 SOSs, and 0 indicators.
Presolve time = 0.08 sec. (114.18 ticks)
Represolve time = 0.27 sec. (301.78 ticks)
   3926     0     3302.5042  7004      436.0000      Fract: 1   612208  574.00%
   3926     0     3297.7688  6986      436.0000      Fract: 2   612321  574.00%
   3926     0     3296.2785  6980      436.0000      Fract: 1   612420  574.00%
   3926     0     3293.8027  6968      436.0000      Fract: 2   612545  574.00%
   3926     0     3291.3157  6962      436.0000      Fract: 1   612661  574.00%
   3926     0     3289.3959  6954      436.0000      Fract: 1   612748  574.00%
*  3926+    0                          440.0000     2938.6421           567.87%
   3926     0        cutoff            440.0000     2938.6421   612748  567.87%
   3926     0     3286.5083  6945      440.0000      Fract: 1   612878  567.87%
   3926     0     3284.9648  6941      440.0000      Fract: 1   612992  567.87%
   3926     0     3282.4287  6932      440.0000      Fract: 1   613142  567.87%
   3926     0     3280.4787  6926      440.0000      Fract: 1   613265  567.87%
   3926     2     3280.4787  6926      440.0000     2938.6421   613265  567.87%
   3927     3     3254.5110  6815      440.0000     2938.6421   614333  567.87%
Elapsed time = 119.22 sec. (61870.17 ticks, tree = 0.02 MB, solutions = 13)
   3938    14     2983.1215  6710      440.0000     2938.6421   618494  567.87%
   3962    22     2753.4107  6726      440.0000     2938.6421   628343  567.87%
   3994    41     2742.5189  6725      440.0000     2938.6421   647186  567.87%
   4015    76     2733.5439  6620      440.0000     2938.6421   666630  567.87%
   4058    83     3137.9450  6366      440.0000     2938.6421   672127  567.87%
   4093   154     2716.9092  6608      440.0000     2938.6421   704300  567.87%
   4138   132     2502.7431  6745      440.0000     2938.6421   698028  567.87%
   4199   189     2466.1212  6520      440.0000     2938.6421   726132  567.87%
   4225   213     2679.7971  6442      440.0000     2938.6421   740984  567.87%
   4248   253     2170.4189  6219      440.0000     2938.6421   757175  567.87%
Elapsed time = 144.81 sec. (71910.05 ticks, tree = 5.43 MB, solutions = 13)
   4273   309     2486.2705  6623      440.0000     2938.6421   780367  567.87%
   4287   343     2632.7908  6228      440.0000     2938.6421   803273  567.87%
   4316   347     2632.4909  6229      440.0000     2938.6421   803309  567.87%
   4344   380     2555.2185  5776      440.0000     2938.6421   815385  567.87%
   4381   391     2455.7217  5284      440.0000     2938.6421   817102  567.87%
   4418   338     2388.4381  6101      440.0000     2938.6421   799928  567.87%
   4480   460     2575.6315  5892      440.0000     2938.6421   833500  567.87%
   4537   539     2288.5510  4534      440.0000     2938.6421   852166  567.87%
   4611   516     2607.4152  6045      440.0000     2938.6421   848617  567.87%
   4676   567     1972.5000  3354      440.0000     2938.6421   856135  567.87%
Elapsed time = 178.20 sec. (84134.91 ticks, tree = 37.53 MB, solutions = 13)
   4760   597     1997.4038  5285      440.0000     2938.6421   862541  567.87%
   4858   774     2003.6613  4177      440.0000     2938.6421   897361  567.87%
   4965   931     2017.0872  3604      440.0000     2938.6421   926708  567.87%
   5067   962     1869.0988  5744      440.0000     2938.6421   932975  567.87%
   5199  1061     1478.9863  2691      440.0000     2938.6421   951589  567.87%
   5339  1083     1174.0161  2043      440.0000     2938.6421   953595  567.87%
   5484  1142     1746.7100  4977      440.0000     2938.6421   966360  567.87%
   5645  1311     2233.7835  4410      440.0000     2938.6421  1002601  567.87%
   5831  1464     1324.4068  1763      440.0000     2938.6421  1022826  567.87%
   6011  1557     2277.2323  4607      440.0000     2938.6421  1043697  567.87%
Elapsed time = 203.72 sec. (93757.00 ticks, tree = 208.50 MB, solutions = 13)
   6191  1547     1576.5926  3270      440.0000     2938.6421  1044489  567.87%
   6375  1719     1656.5065  2917      440.0000     2938.6421  1071545  567.87%
   6519  2284      668.7419   591      440.0000     2938.6421  1142226  567.87%
   6667  2435     1229.6863  1276      440.0000     2938.6421  1160054  567.87%
   6811  2512     2230.1168  4449      440.0000     2938.6421  1175116  567.87%
   6973  2855     1760.1325  3321      440.0000     2938.6421  1226930  567.87%
   7108  2714     1501.3684  2931      440.0000     2938.6421  1207072  567.87%
   7241  3014     2507.1260  5631      440.0000     2938.6421  1257964  567.87%
   7413  3042     1066.5000  1205      440.0000     2938.6421  1257041  567.87%
   7605  3203     1251.5789  1655      440.0000     2938.6421  1280761  567.87%
Elapsed time = 229.73 sec. (103333.73 ticks, tree = 510.73 MB, solutions = 13)
   7865  3524      790.4444   742      440.0000     2938.6421  1328737  567.87%
   8096  3887      458.8889   228      440.0000     2938.6421  1377011  567.87%
   8257  4088     1009.4255  1182      440.0000     2938.6421  1399227  567.87%
   8424  4139     1148.7115  1386      440.0000     2938.6421  1404064  567.87%
   8615  4219      862.3514   690      440.0000     2938.6421  1414052  567.87%
   8793  4530      451.5556   225      440.0000     2938.6421  1454213  567.87%
   8931  4602     1396.8889  1324      440.0000     2938.6421  1462569  567.87%
   9009  4623     2100.7513  4710      440.0000     2938.6421  1470286  567.87%

Performing restart 2

Repeating presolve.
Tried aggregator 1 time.
Reduced MIP has 23251 rows, 7875 columns, and 54375 nonzeros.
Reduced MIP has 7875 binaries, 0 generals, 0 SOSs, and 0 indicators.
Presolve time = 0.08 sec. (104.83 ticks)
Tried aggregator 1 time.
Reduced MIP has 23251 rows, 7875 columns, and 54375 nonzeros.
Reduced MIP has 7875 binaries, 0 generals, 0 SOSs, and 0 indicators.
Presolve time = 0.08 sec. (114.18 ticks)
Represolve time = 0.64 sec. (305.41 ticks)
   9013     0     3268.9093  6895      440.0000      Fract: 1  1527411  567.87%
   9013     0     3261.1038  6871      440.0000      Fract: 4  1527667  567.87%
*  9013+    0                          453.0000     2938.6421           548.71%
   9013     0     3258.8982  6864      453.0000      Fract: 1  1527765  548.71%
   9013     0     3256.0961  6855      453.0000      Fract: 1  1527907  548.71%
   9013     0     3253.8706  6849      453.0000      Fract: 1  1528012  548.71%
   9013     0     3251.7779  6841      453.0000      Fract: 1  1528155  548.71%
   9013     0     3249.8332  6835      453.0000      Fract: 1  1528305  548.71%
   9013     0     3246.3192  6824      453.0000      Fract: 1  1528408  548.71%
   9013     0     3243.6196  6815      453.0000      Fract: 1  1528532  548.71%
   9013     0     3240.9541  6809      453.0000      Fract: 1  1528691  548.71%
   9013     2     3240.9541  6809      453.0000     2938.6421  1528691  548.71%
   9015     4     3201.4885  6614      453.0000     2938.6421  1530676  548.71%
Elapsed time = 285.27 sec. (140310.45 ticks, tree = 0.02 MB, solutions = 14)
   9020     7     2762.0745  6820      453.0000     2938.6421  1534725  548.71%
   9027    12     2928.2439  6439      453.0000     2938.6421  1540199  548.71%
   9042    28     2688.6344  6414      453.0000     2938.6421  1570820  548.71%
   9075    35     2453.2957  6422      453.0000     2938.6421  1583381  548.71%
   9099    65     2807.7387  5877      453.0000     2938.6421  1599812  548.71%
   9120    83     2464.9871  5368      453.0000     2938.6421  1614301  548.71%
   9145    92     2820.6747  5941      453.0000     2938.6421  1621486  548.71%
   9167   132     2478.8759  5429      453.0000     2938.6421  1645396  548.71%
   9198   171     2514.0076  5540      453.0000     2938.6421  1678097  548.71%
   9328   281     1955.4762  3370      453.0000     2938.6421  1719134  548.71%
Elapsed time = 318.02 sec. (153688.59 ticks, tree = 14.83 MB, solutions = 14)
   9530   426     1179.6939  1153      453.0000     2938.6421  1739931  548.71%
   9835   633      744.5484   575      453.0000     2938.6421  1766104  548.71%
  10279   961      974.1628   970      453.0000     2938.6421  1820233  548.71%
  10794  1467     2662.9331  6303      453.0000     2938.6421  1906917  548.71%
  11301  1867     1413.7167  1582      453.0000     2938.6421  1970178  548.71%
  11765  2489     1342.7458  1694      453.0000     2924.0170  2059172  545.48%
  12250  2815      872.5263   722      453.0000     2924.0170  2116829  545.48%
  12681  3366     1799.5949  2980      453.0000     2924.0170  2207071  545.48%
  13144  3709     1642.6528  2484      453.0000     2877.5635  2270129  535.22%
  13630  4083     1886.1951  3205      453.0000     2859.6157  2334361  531.26%
Elapsed time = 418.56 sec. (191940.42 ticks, tree = 75.59 MB, solutions = 14)
  14092  4631     1686.6622  2621      453.0000     2855.9279  2421472  530.45%
  14522  5045      909.2500   797      453.0000     2842.0660  2482404  527.39%
  14972  5558     2233.6100  4432      453.0000     2834.6998  2571366  525.76%
  15434  6022      777.0000   685      453.0000     2817.3791  2639386  521.94%
  15842  6310     1186.3585  1372      453.0000     2810.4168  2683114  520.40%
  16512  6770     1777.3462  2913      453.0000     2806.7352  2750138  519.59%
  17164  7446     1229.1948  1462      453.0000     2791.4771  2831829  516.22%
  17779  8022      753.0000   520      453.0000     2781.9426  2903456  514.12%
  18305  8415     1675.2838  2627      453.0000     2781.9426  2958089  514.12%
  18870  8897     2514.2653  5608      453.0000     2764.5611  3019304  510.28%
Elapsed time = 519.25 sec. (230124.75 ticks, tree = 599.49 MB, solutions = 14)
  19332  9562      876.7949   755      453.0000     2759.1335  3111225  509.08%
  19993 10371      809.1053   757      453.0000     2747.1665  3211950  506.44%
  20475 10596     1753.3133  3363      453.0000     2747.1665  3257592  506.44%
  20904 11023     1159.9615  1317      453.0000     2747.1665  3307991  506.44%
  21219 11301     1784.1588  3523      453.0000     2747.1665  3345996  506.44%
  21612 11625     1102.1887  1422      453.0000     2747.1665  3386620  506.44%
  21815 11988     1649.8904  2551      453.0000     2747.1665  3438292  506.44%
  22269 12213      896.0000   793      453.0000     2747.1665  3478092  506.44%
  22655 12545     1640.5769  2992      453.0000     2747.1665  3522335  506.44%
  23352 13034     2423.4448  5241      453.0000     2729.8909  3583711  502.62%
Elapsed time = 613.84 sec. (268356.27 ticks, tree = 1179.12 MB, solutions = 14)
  23606 13768     1826.4375  3057      453.0000     2729.8909  3682459  502.62%
  24148 13894      704.7273   586      453.0000     2729.8909  3703208  502.62%
  24660 14688     2110.5500  4740      453.0000     2718.1287  3814687  500.03%
  25322 14942     1642.1731  2989      453.0000     2714.4164  3850416  499.21%
  25840 15647     1507.2090  2157      453.0000     2700.2406  3935602  496.08%
  26433 16106     1017.2041  1219      453.0000     2697.4335  3998403  495.46%
  27025 16560     1046.1200  1266      453.0000     2696.3213  4054642  495.21%
  27479 17201     1688.5625  3144      453.0000     2696.3213  4148129  495.21%
  28089 17618     1273.5514  1566      453.0000     2682.8741  4203645  492.25%
  28655 18487      842.1500   833      453.0000     2682.7306  4317158  492.21%
Elapsed time = 719.84 sec. (306559.55 ticks, tree = 1900.43 MB, solutions = 14)
  29235 18582     1412.9478  1909      453.0000     2681.1712  4328630  491.87%
  29788 19107      544.7500   304      453.0000     2676.4451  4398402  490.83%
  30366 19879     1598.3684  2840      453.0000     2674.5481  4502495  490.41%
  30808 20053     1035.3810  2163      453.0000     2672.4887  4527699  489.95%
  31394 20746      688.8475  2091      453.0000     2672.3851  4626371  489.93%
  31959 21428     2187.0911  5111      453.0000     2660.5427  4719119  487.32%
  32628 22152      965.3696  1087      453.0000     2659.6990  4811092  487.13%
  33204 22681     1674.5750  3134      453.0000     2658.5847  4881132  486.88%
  33794 23062      466.1000   282      453.0000     2655.9371  4931851  486.30%
  34280 23489     1281.1148  1854      453.0000     2654.8330  4989961  486.06%
Elapsed time = 835.98 sec. (344799.99 ticks, tree = 2533.70 MB, solutions = 14)
Nodefile size = 474.14 MB (332.23 MB after compression)
  34867 23976     1019.7391  1041      453.0000     2653.4760  5057691  485.76%
  35567 24415     1653.0063  3057      453.0000     2651.4412  5121565  485.31%
  36255 25387      855.3590   757      453.0000     2648.0173  5234073  484.55%
  36746 26021     1833.6296  3126      453.0000     2647.2034  5326980  484.37%
  37327 26414     1100.1538  1365      453.0000     2639.1967  5384066  482.60%
  37842 26534     2129.8552  4819      453.0000     2637.7667  5405995  482.29%
  38521 27311      854.7000   833      453.0000     2636.3885  5504643  481.98%
  39198 28172     2169.4314  4994      453.0000     2635.3766  5608682  481.76%
  39824 28836     2215.9715  4353      453.0000     2633.1620  5686377  481.27%
  40484 29046     1150.3846  1313      453.0000     2631.7052  5711516  480.95%
Elapsed time = 950.86 sec. (383016.83 ticks, tree = 3407.72 MB, solutions = 14)
Nodefile size = 1351.30 MB (953.69 MB after compression)
  40787 29551     1938.9950  4019      453.0000     2629.0206  5784625  480.36%
  41495 30388      911.9535   956      453.0000     2627.3511  5905389  479.99%
  42107 30432     1934.0519  4020      453.0000     2625.4323  5911528  479.57%
  42917 31512      662.4000   493      453.0000     2621.7146  6045719  478.74%
  43331 31478     1553.6892  2696      453.0000     2621.7146  6041997  478.74%
  43996 32570     1359.4154  2092      453.0000     2621.7146  6179869  478.74%
  44477 32837      696.4545   587      453.0000     2621.7146  6215206  478.74%
  45011 33349      868.7317   874      453.0000     2621.7146  6282594  478.74%
  45475 34161     2333.1498  5760      453.0000     2613.1774  6402137  476.86%
  46180 33978      760.5000   689      453.0000     2611.1385  6378353  476.41%
Elapsed time = 1066.81 sec. (421233.45 ticks, tree = 4003.28 MB, solutions = 14)
Nodefile size = 1933.94 MB (1366.93 MB after compression)
  46827 35235     1144.5385  1312      453.0000     2610.6904  6549107  476.31%
  47663 36060        cutoff            453.0000     2608.7025  6648295  475.87%
  48161 36559     2083.6905  4635      453.0000     2604.6710  6702443  474.98%
  48830 37483     2248.0637  5370      453.0000     2604.6710  6815890  474.98%
  49312 37788     2019.4606  4361      453.0000     2602.5071  6855793  474.50%
  49870 37728     2006.6520  4279      453.0000     2602.5071  6849628  474.50%
  50470 38215      493.0870   328      453.0000     2596.3392  6910499  473.14%
  51037 38974     2017.2384  4362      453.0000     2596.1242  7029331  473.10%
  51757 39772     2154.6548  4989      453.0000     2595.0971  7132494  472.87%
  52381 39836      814.2368   757      453.0000     2594.4610  7139922  472.73%
Elapsed time = 1190.19 sec. (459438.67 ticks, tree = 4790.50 MB, solutions = 14)
Nodefile size = 2711.56 MB (1918.69 MB after compression)
  53074 40373     1017.2169  3779      453.0000     2590.7630  7211380  471.91%
  53650 41973     1492.0211  2490      453.0000     2589.9596  7411796  471.74%
  54175 42000      548.8750   330      453.0000     2589.9596  7409420  471.74%
  54800 42580     2092.5737  4705      453.0000     2586.0993  7492226  470.88%
  55453 43122     1612.2597  2912      453.0000     2586.0993  7564480  470.88%
  56083 44074     2342.5269  5831      453.0000     2581.5609  7687968  469.88%
  56772 44327      554.3478  1405      453.0000     2581.4626  7718623  469.86%
  57487 45508     1987.9116  4189      453.0000     2581.4626  7865289  469.86%
  58060 45676     1270.5500  1789      453.0000     2576.7991  7884821  468.83%
  58744 46508     1133.5686  1264      453.0000     2575.6426  7990469  468.57%
Elapsed time = 1312.73 sec. (497650.50 ticks, tree = 5808.24 MB, solutions = 14)
Nodefile size = 3739.66 MB (2648.20 MB after compression)
  59352 46636     1131.5000  1466      453.0000     2574.9683  8006910  468.43%
  60087 47362      765.0000   689      453.0000     2574.9683  8092769  468.43%
  60547 47922      932.0909   997      453.0000     2571.2864  8163254  467.61%
  61091 48229     2064.5593  4552      453.0000     2569.9806  8198340  467.32%
  61660 49306     2280.4151  5573      453.0000     2569.7015  8346764  467.26%
  62340 49361     1094.3208  1416      453.0000     2568.3868  8353810  466.97%
  63006 50498     1901.9750  3933      453.0000     2568.3868  8504429  466.97%
  63777 50788     1987.7682  3598      453.0000     2563.5243  8538759  465.90%
  64428 51168     1705.6667  3207      453.0000     2561.8659  8585842  465.53%
  65151 51819     1161.5893  1573      453.0000     2560.5803  8662485  465.25%
Elapsed time = 1435.06 sec. (535848.27 ticks, tree = 6430.15 MB, solutions = 14)
Nodefile size = 4351.77 MB (3083.24 MB after compression)
  65754 52412     1439.0652  2347      453.0000     2558.5887  8737425  464.81%
  66352 53281     2191.8955  5164      453.0000     2557.3079  8842852  464.53%
  66927 53708     1960.0875  4106      453.0000     2556.2769  8898590  464.30%
  67650 54544      497.4545   283      453.0000     2554.4324  9007604  463.89%
  68224 55831     2036.1059  4442      453.0000     2552.6628  9169287  463.50%
  69000 55666      699.4375   557      453.0000     2551.8485  9147864  463.32%
  69673 56490      614.6667   407      453.0000     2549.9041  9250732  462.89%
  70289 56656     1315.8750  1458      453.0000     2549.4106  9272424  462.78%
  71148 57265     2065.0765  4547      453.0000     2548.3812  9351840  462.56%
  71861 58376     1409.7914  1905      453.0000     2545.5383  9488065  461.93%
Elapsed time = 1558.53 sec. (574063.76 ticks, tree = 7353.40 MB, solutions = 14)
Nodefile size = 5285.13 MB (3746.95 MB after compression)
  72494 59655      912.6512   954      453.0000     2544.1741  9633259  461.63%
  73140 60517     1318.9036  3612      453.0000     2543.1573  9735368  461.40%
  73724 60109     1735.0649  2826      453.0000     2541.7131  9691106  461.08%
  74306 60882      699.4545   590      453.0000     2539.6086  9782893  460.62%
  74906 61490     1535.9247  2621      453.0000     2538.7807  9862370  460.44%
Starting limited solution polishing.
  75495 62574     1334.4762  1729      453.0000     2538.7807 10010631  460.44%
  75995 62444     2015.4341  4353      453.0000     2536.7977  9988174  460.00%
  76448 63353     1325.8571  1967      453.0000     2536.7977 10106527  460.00%
  76908 63565     1013.6522  1036      453.0000     2536.7977 10130113  460.00%
  77295 63951     1557.8400  2758      453.0000     2536.7977 10176670  460.00%
Elapsed time = 1686.14 sec. (612311.92 ticks, tree = 7969.06 MB, solutions = 14)
Nodefile size = 5895.28 MB (4178.58 MB after compression)
  77725 64646     1997.6217  4277      453.0000     2536.7977 10254922  460.00%
  78247 64966      663.0645   558      453.0000     2536.6012 10292763  459.96%
  78612 65066     1270.0857  1788      453.0000     2536.6012 10308119  459.96%
  79150 65671      926.4318   996      453.0000     2534.0482 10380072  459.39%
  79529 66190      975.5652  1083      453.0000     2534.0482 10442489  459.39%
  80079 66648     1396.2612  2219      453.0000     2533.0431 10502549  459.17%
  80589 66846      834.9500   832      453.0000     2533.0431 10525884  459.17%
  80930 67400      525.8286   899      453.0000     2533.0431 10592513  459.17%
  81232 67655     1315.2245  1969      453.0000     2528.4445 10624388  458.16%
  81529 67932     1483.8944  2481      453.0000     2528.4445 10657142  458.16%
Elapsed time = 1807.36 sec. (650529.14 ticks, tree = 8506.84 MB, solutions = 14)
Nodefile size = 6429.37 MB (4557.52 MB after compression)

Gomory fractional cuts applied:  45

Root node processing (before b&c):
  Real time             =    7.44 sec. (5596.85 ticks)
Parallel b&c, 12 threads:
  Real time             = 1800.53 sec. (649118.97 ticks)
  Sync time (average)   =  504.21 sec.
  Wait time (average)   =    0.06 sec.
                          ------------
Total (root+branch&cut) = 1807.97 sec. (654715.82 ticks)

Solution pool: 14 solutions saved.

MIP - Time limit exceeded, integer feasible:  Objective =  4.5300000000e+02
Current MIP best bound =  2.5284444952e+03 (gap = 2075.44, 458.16%)
Solution time = 1807.99 sec.  Iterations = 10801403  Nodes = 81559 (69168)
Deterministic time = 654715.84 ticks  (362.12 ticks/sec)

MILP problem relaxed to LP with fixed integer variables using
incumbent solution.
Version identifier: 22.2.0.0 | 2026-05-04 | 5dff98e58
CPXPARAM_TimeLimit                               1800
Parallel mode: deterministic, using up to 12 threads for concurrent optimization:
 * Starting dual Simplex on 1 thread...
 * Starting Barrier on 10 threads...
 * Starting primal Simplex on 1 thread...
Tried aggregator 1 time.
LP Presolve eliminated 23251 rows and 7875 columns.
All rows and columns eliminated.
Presolve time = 0.06 sec. (7.14 ticks)

Dual simplex solved model.


Dual simplex - Optimal:  Objective =  4.5300000000e+02
Solution time =    0.19 sec.  Iterations = 0 (0)
Deterministic time = 14.77 ticks  (78.56 ticks/sec)


Solution written to file 'C:\Users\rodri\AppData\Local\Temp\d5f7a895f7ab4bafa57ada691db8dc4d-pulp.sol'.
