
Log started (V22.2.0.0) Sun Jun 21 03:08:02 2026

Version identifier: 22.2.0.0 | 2026-05-04 | 5dff98e58
CPXPARAM_TimeLimit                               1800
Tried aggregator 1 time.
Reduced MIP has 33526 rows, 11325 columns, and 78375 nonzeros.
Reduced MIP has 150 binaries, 0 generals, 0 SOSs, and 0 indicators.
Presolve time = 0.02 sec. (46.81 ticks)
Found incumbent of value 460.000000 after 0.06 sec. (68.23 ticks)
Probing time = 0.00 sec. (5.85 ticks)
Tried aggregator 1 time.
Detecting symmetries...
Reduced MIP has 33526 rows, 11325 columns, and 78375 nonzeros.
Reduced MIP has 11325 binaries, 0 generals, 0 SOSs, and 0 indicators.
Presolve time = 0.12 sec. (181.83 ticks)
Probing time = 0.01 sec. (5.85 ticks)
Clique table members: 22350.
MIP emphasis: balance optimality and feasibility.
MIP search method: dynamic search.
Parallel mode: deterministic, using up to 12 threads.
Root relaxation solution time = 1.36 sec. (969.98 ticks)

        Nodes                                         Cuts/
   Node  Left     Objective  IInf  Best Integer    Best Bound    ItCnt     Gap

*     0+    0                          460.0000    50553.0000              --- 
*     0+    0                          489.0000    50553.0000              --- 
*     0+    0                          525.0000    50553.0000              --- 
*     0+    0                          557.0000    50553.0000              --- 
      0     0     5055.3000 10260      557.0000     5055.3000        6  807.59%
*     0+    0                          635.0000     5055.3000           696.11%
      0     0     5049.8200 10853      635.0000     Cuts: 604      690  682.39%
      0     0     5047.0190 10538      635.0000     Cuts: 172     1021  682.39%
      0     0     5046.4733 10668      635.0000 ZeroHalf: 379     1235  682.39%
*     0+    0                          662.0000     4968.1579           650.48%
      0     0        cutoff            662.0000     4968.1579     1235  650.48%
Detecting symmetries...
      0     2     5046.4733 10668      662.0000     4968.1579     1235  650.48%
Elapsed time = 27.17 sec. (19306.00 ticks, tree = 0.02 MB, solutions = 6)
      1     3     5020.3356 10550      662.0000     4968.1579     2934  650.48%
      2     3     4741.6528 10705      662.0000     4968.1579     3782  650.48%
      3     4     4990.3986 10428      662.0000     4968.1579     5017  650.48%
      4     5     4717.4009 10570      662.0000     4968.1579     7212  650.48%
      6     5     4437.2739 10731      662.0000     4968.1579     8565  650.48%
      8     7     4689.4857 10452      662.0000     4968.1579    10733  650.48%
      9     6     4689.3905 10449      662.0000     4968.1579    10119  650.48%
     13    10     4926.6370 10117      662.0000     4968.1579    18285  650.48%
     16    12     4658.7632 10349      662.0000     4964.9521    22229  649.99%
*    21+    8                          668.0000     4964.9521           643.26%
*    21+    8                          671.0000     4964.9521           639.93%
     28    20     4356.7421 10258      671.0000     4964.8322    35190  639.92%
Elapsed time = 37.64 sec. (25053.19 ticks, tree = 0.03 MB, solutions = 8)
     47    29     4362.6510 10254      671.0000     4926.5857    49771  634.22%
     60    34     4254.3532  9714      671.0000     4926.5857    54363  634.22%
     71    63     4508.1848  9582      671.0000     4926.5857    79830  634.22%
     85    76     4196.7559  9451      671.0000     4926.5857    96126  634.22%
    107    83     4411.6696  9205      671.0000     4926.5857   103095  634.22%
    127   110     4350.9662  8953      671.0000     4926.5857   121659  634.22%
    143   117     4137.1898  9491      671.0000     4926.5857   126937  634.22%
    163   145     3867.8438  9283      671.0000     4926.5857   146091  634.22%
    182   159     3931.5400  8325      671.0000     4926.5857   157554  634.22%
    204   179     3872.1417  8147      671.0000     4926.5857   172871  634.22%
Elapsed time = 64.34 sec. (35116.99 ticks, tree = 5.80 MB, solutions = 8)
    237   201     3819.0119  7871      671.0000     4926.5857   195277  634.22%
    267   230     3915.9690  8186      671.0000     4926.5857   209950  634.22%
    287   245     4225.6129  7393      671.0000     4926.5857   216021  634.22%
    307   248     4124.8306  7054      671.0000     4926.5857   217023  634.22%
    322   268     3785.1613  6700      671.0000     4926.5857   225116  634.22%
    334   298     3635.5250  7335      671.0000     4926.5857   233965  634.22%
    349   304     3456.2105  6591      671.0000     4926.5857   235208  634.22%
    365   327     4042.2555  7636      671.0000     4926.5857   242652  634.22%
    387   342     3079.1063  5209      671.0000     4926.5857   245716  634.22%
    414   272     4022.3354  6724      671.0000     4926.5857   226501  634.22%
Elapsed time = 94.78 sec. (45114.73 ticks, tree = 16.13 MB, solutions = 8)
    456   379     2601.0118  3752      671.0000     4926.5857   255345  634.22%
    504   391     3554.7670  5730      671.0000     4926.5857   261807  634.22%
    558   418     3047.5300  5099      671.0000     4926.5857   270248  634.22%
    626   442     3030.7434  4961      671.0000     4926.5857   275493  634.22%
    713   546     1806.4138  1786      671.0000     4926.5857   298206  634.22%
    832   664     2749.0000  3426      671.0000     4926.5857   323537  634.22%
   1002   641      984.2000   534      671.0000     4926.5857   312836  634.22%
   1154   838     1486.8163  1231      671.0000     4926.5857   345354  634.22%
   1344  1087     1265.6667   839      671.0000     4926.5857   371875  634.22%
   1615   929      714.0000   270      671.0000     4926.5857   355175  634.22%
Elapsed time = 123.19 sec. (54767.86 ticks, tree = 177.49 MB, solutions = 8)
   1725  1124     4393.0715  9081      671.0000     4926.5857   374669  634.22%
   1810  1328     3701.9328  6469      671.0000     4926.5857   395298  634.22%
   1904  1293      964.9655   460      671.0000     4926.5857   389064  634.22%
   1979  1839     3290.3806  5188      671.0000     4926.5857   446846  634.22%
   2030  1526     3864.3500  7021      671.0000     4831.1839   415537  620.00%
   2086  1735     3591.4583  6085      671.0000     4658.5556   435162  594.27%
   2132  1978     3091.3636  4623      671.0000     4657.0667   482276  594.05%
   2188  1938     3056.0833  4534      671.0000     4657.0667   471559  594.05%
   2245  2074     4335.5477  8858      671.0000     4657.0667   503599  594.05%
   2318  2050     1513.7500  1157      671.0000     4657.0667   492973  594.05%
Elapsed time = 152.50 sec. (64465.25 ticks, tree = 449.31 MB, solutions = 8)
   2425  2222     1069.8182   612      671.0000     4657.0667   525887  594.05%
   2563  2242     2339.3243  2751      671.0000     4657.0667   531214  594.05%
   2708  2336      973.9333   485      671.0000     4657.0667   542793  594.05%
   2878  2553     2377.2368  2884      671.0000     4657.0667   572187  594.05%
   3011  2566     1989.3333  2026      671.0000     4633.8840   573631  590.59%
   3064  2367     2423.8182  2962      671.0000     4633.8840   551938  590.59%
   3129  2912      949.0345   485      671.0000     4633.8840   607557  590.59%
   3203  2784     1316.6667   901      671.0000     4633.8840   594371  590.59%
   3261  3048      880.6667   426      671.0000     4633.8840   628520  590.59%
   3319  3060     3167.5000  5528      671.0000     4633.8840   632832  590.59%
Elapsed time = 180.80 sec. (74051.51 ticks, tree = 717.62 MB, solutions = 8)
   3365  3158     3817.7905  7825      671.0000     4633.8840   653690  590.59%
   3410  3089     3986.0839  7471      671.0000     4633.8840   642728  590.59%
   3461  3165     3620.9916  7030      671.0000     4633.8840   655752  590.59%
   3526  3247     2174.7808  2750      671.0000     4633.8840   671712  590.59%
   3598  3303     2741.5714  4181      671.0000     4633.8840   688004  590.59%
   3690  3330     3857.5937  7941      671.0000     4633.8840   698222  590.59%
   3755  3490     3015.3413  4997      671.0000     4633.8840   727999  590.59%
   3860  3626     1580.8868  1443      671.0000     4633.8840   749376  590.59%
   3948  3520     2761.5290  4264      671.0000     4633.8840   735438  590.59%
   3994  3524     3427.0336  6364      671.0000     4633.8840   738453  590.59%
Elapsed time = 206.89 sec. (83696.09 ticks, tree = 840.69 MB, solutions = 8)

Performing restart 1

Repeating presolve.
Tried aggregator 1 time.
Reduced MIP has 33526 rows, 11325 columns, and 78375 nonzeros.
Reduced MIP has 11325 binaries, 0 generals, 0 SOSs, and 0 indicators.
Presolve time = 0.12 sec. (169.96 ticks)
Tried aggregator 1 time.
Reduced MIP has 33526 rows, 11325 columns, and 78375 nonzeros.
Reduced MIP has 11325 binaries, 0 generals, 0 SOSs, and 0 indicators.
Presolve time = 0.11 sec. (183.43 ticks)
Represolve time = 0.61 sec. (483.90 ticks)
   4014     0     5040.1393 10645      671.0000     Cuts: 366   807359  590.59%
   4014     0     5037.3158 10728      671.0000     Cuts: 408   807871  590.59%
   4014     0     5032.8097 10871      671.0000     Cuts: 432   808575  590.59%
   4014     0     5028.0135 10741      671.0000     Cuts: 345   809281  590.59%
   4014     0     5024.0453 10846      671.0000     Cuts: 486   809879  590.59%
*  4014+    0                          673.0000     4633.8840           588.54%
   4014     2     5024.0453 10813      673.0000     4633.8840   809879  588.54%
   4025    13     4725.5087 10774      673.0000     4633.8840   811341  588.54%
   4061    27     4103.1621 10687      673.0000     4633.8840   820761  588.54%
   4111    67     4051.8000 10383      673.0000     4633.8840   831898  588.54%
   4171   141     4052.4861 10407      673.0000     4633.8840   848320  588.54%
   4222   187     4960.3042 10419      673.0000     4633.8840   859405  588.54%
   4277   237     3418.6061  9940      673.0000     4633.8840   873585  588.54%
   4330   240     4325.8542 10200      673.0000     4633.8840   875803  588.54%
   4401   306     3396.3619  9793      673.0000     4633.8840   893614  588.54%
   4459   407     2952.9879  8895      673.0000     4633.8840   915432  588.54%
Elapsed time = 287.39 sec. (133299.94 ticks, tree = 58.94 MB, solutions = 9)
   4541   432     3076.4800  7800      673.0000     4633.8840   920326  588.54%
   4601   465     4305.1743 10134      673.0000     4633.8840   927039  588.54%
   4672   598     3003.3607  7509      673.0000     4633.8840   956612  588.54%
   4731   654     3275.3415  7600      673.0000     4633.8840   969059  588.54%
   4789   634     4316.7259 10237      673.0000     4633.8840   966039  588.54%
   4832   787     2495.3091  6266      673.0000     4633.8840   997455  588.54%
   4856   792     2933.2773  7312      673.0000     4633.8840   999130  588.54%
   4884   801     3138.1525  7060      673.0000     4633.8840  1000387  588.54%
   4910   842     3287.8148  9254      673.0000     4633.8840  1010443  588.54%
   4944   852     2261.3458  6053      673.0000     4633.8840  1012022  588.54%
Elapsed time = 319.66 sec. (143137.07 ticks, tree = 169.11 MB, solutions = 9)
   4975   871     1910.9300  5434      673.0000     4633.8840  1014832  588.54%
   5023   933     3112.1376  5886      673.0000     4633.8840  1025585  588.54%
   5087   947     4310.8968  9919      673.0000     4633.8840  1028263  588.54%
   5160   990     2046.0233  3916      673.0000     4633.8840  1033646  588.54%
   5245  1023     1892.1772  3344      673.0000     4633.8840  1037803  588.54%
   5335  1182     1461.1944  2952      673.0000     4633.8840  1063676  588.54%
   5449  1147     1573.4355  2153      673.0000     4633.8840  1058971  588.54%
   5582  1426     2586.4944  3951      673.0000     4633.8840  1099822  588.54%
   5750  1450      911.0000   707      673.0000     4633.8840  1098803  588.54%
   6270  1943     2033.0959  2810      673.0000     4633.8840  1163992  588.54%
Elapsed time = 356.62 sec. (155608.83 ticks, tree = 459.11 MB, solutions = 9)
   6617  2440     1039.0000   756      673.0000     4633.8840  1231264  588.54%
   6834  2670     3511.7594  8849      673.0000     4633.8840  1287377  588.54%
   7092  2918     1193.0851  1305      673.0000     4633.8840  1340871  588.54%
   7361  3116     2594.9615  5516      673.0000     4633.8840  1376113  588.54%
   7660  3449     2883.1683  5114      673.0000     4633.8840  1443779  588.54%
   8111  3720     1210.2439   954      673.0000     4633.8840  1484522  588.54%
   8662  4209     1054.8158   911      673.0000     4633.8840  1552928  588.54%
   8992  4619     4127.0386  9343      673.0000     4633.8840  1600846  588.54%
   9017  4291     4178.4786  9388      673.0000     4633.8840  1567097  588.54%

Performing restart 2

Repeating presolve.
Tried aggregator 1 time.
Reduced MIP has 33526 rows, 11325 columns, and 78375 nonzeros.
Reduced MIP has 11325 binaries, 0 generals, 0 SOSs, and 0 indicators.
Presolve time = 0.11 sec. (169.96 ticks)
Tried aggregator 1 time.
Reduced MIP has 33526 rows, 11325 columns, and 78375 nonzeros.
Reduced MIP has 11325 binaries, 0 generals, 0 SOSs, and 0 indicators.
Presolve time = 0.12 sec. (183.43 ticks)
Represolve time = 0.89 sec. (491.99 ticks)
   9018     0     5020.0514 10769      673.0000     Cuts: 334  1669236  588.54%
   9018     0     5016.5939 10801      673.0000     Cuts: 620  1669895  588.54%
   9018     0     5015.1493 10849      673.0000     Cuts: 274  1670507  588.54%
   9018     0     5011.3762 10779      673.0000     Cuts: 282  1671184  588.54%
   9018     0     5006.9134 10802      673.0000     Cuts: 432  1671932  588.54%
   9018     0     5006.2479 10839      673.0000     Cuts: 270  1672361  588.54%
   9018     0     5003.1887 10765      673.0000     Cuts: 265  1673115  588.54%
   9018     0     4998.0504 10698      673.0000     Cuts: 679  1674075  588.54%
   9018     0     4995.7418 10749      673.0000     Cuts: 498  1674902  588.54%
   9018     0     4992.6944 10789      673.0000     Cuts: 364  1675668  588.54%
   9018     2     4992.6944 10773      673.0000     4633.8840  1675668  588.54%
Elapsed time = 556.27 sec. (263385.46 ticks, tree = 0.02 MB, solutions = 9)
   9021     4     4928.2998 10461      673.0000     4633.8840  1680839  588.54%
   9029     7     4387.7722 10586      673.0000     4633.8840  1690132  588.54%
*  9043+   10                          677.0000     4633.8840           584.47%
   9045    19     4336.3529 10270      677.0000     4633.8840  1719748  584.47%
   9068    28     4767.6015  9756      677.0000     4633.8840  1749084  584.47%
   9103    54     4240.1819  9904      677.0000     4633.8840  1808257  584.47%
   9160    99     3979.2059  8702      677.0000     4633.8840  1847515  584.47%
   9191   147     3672.1029  7342      677.0000     4633.8840  1876873  584.47%
   9235   177     3407.1735  6325      677.0000     4633.8840  1906275  584.47%
   9280   236     2981.3502  4854      677.0000     4633.8840  1936577  584.47%
   9343   277     4079.5600  8065      677.0000     4633.8840  1957143  584.47%
Elapsed time = 657.55 sec. (303138.51 ticks, tree = 20.48 MB, solutions = 10)
   9503   340     1274.5122   878      677.0000     4633.8840  1965663  584.47%
   9738   509     2616.1770  3747      677.0000     4633.8840  2012328  584.47%
  10087   618     4105.4452  8181      677.0000     4633.8840  2042545  584.47%
  10435  1057      851.0000   367      677.0000     4633.8840  2112818  584.47%
  10667  1398     2964.7278  4366      677.0000     4633.8840  2174191  584.47%
  10831  1687     1587.3200  1239      677.0000     4633.8840  2239473  584.47%
  11061  1822     1356.6977   907      677.0000     4633.8840  2269834  584.47%
  11271  1997     1232.7000   787      677.0000     4633.8840  2305372  584.47%
  11624  2191      797.5833   348      677.0000     4633.8840  2339263  584.47%
  11976  2716      691.2857   315      677.0000     4589.1850  2424868  577.87%
Elapsed time = 770.86 sec. (341386.66 ticks, tree = 54.59 MB, solutions = 10)
  12179  2933     1131.3421   752      677.0000     4589.1850  2464284  577.87%
  12408  2980     3789.2350  7932      677.0000     4559.3634  2487385  573.47%
  12616  3214     3976.6614  7683      677.0000     4559.3634  2528753  573.47%
  12897  3522     1774.1379  1638      677.0000     4559.3634  2604510  573.47%
  13179  3709     4096.9495  9206      677.0000     4559.3634  2644114  573.47%
  13459  4112     1867.5873  1988      677.0000     4559.3634  2713947  573.47%
  13777  4374     3686.5348  7588      677.0000     4559.3634  2765356  573.47%
  13929  4697     3126.5943  5562      677.0000     4497.8440  2825781  564.38%
  14207  4717     3555.4473  7120      677.0000     4497.8263  2835871  564.38%
  14507  5036     2348.2785  3104      677.0000     4496.4216  2910673  564.17%
Elapsed time = 881.38 sec. (379751.54 ticks, tree = 91.30 MB, solutions = 10)
  14754  5480     2825.9692  4023      677.0000     4494.3114  2986323  563.86%
  15093  5612     3883.7013  8312      677.0000     4487.3278  3019021  562.83%
  15323  5964     2174.4658  2656      677.0000     4487.3278  3076253  562.83%
  15537  6024     3762.7108  7817      677.0000     4467.0328  3101360  559.83%
  15720  6238     2580.8727  3853      677.0000     4460.7876  3138524  558.91%
  16115  6489     1290.0909   990      677.0000     4460.7876  3192432  558.91%
  16377  7082     3099.9238  5451      677.0000     4458.8089  3291741  558.61%
  16595  7117     3630.6495  7354      677.0000     4443.8603  3301855  556.40%
  16829  7214     2283.7013  2958      677.0000     4436.6541  3321684  555.34%
  17073  7712     2947.9487  4955      677.0000     4436.5129  3423035  555.32%
Elapsed time = 991.94 sec. (417983.63 ticks, tree = 130.68 MB, solutions = 10)
  17378  7747     2413.2171  3337      677.0000     4436.2873  3430438  555.29%
  17802  8160      964.9375   547      677.0000     4436.2873  3499789  555.29%
  18018  8458     1525.2500  1374      677.0000     4429.5849  3541449  554.30%
  18253  8536     1768.3448  1635      677.0000     4406.9373  3560931  550.95%
  18513  9023     2195.7838  2725      677.0000     4405.7080  3659666  550.77%
  18757  9115     2862.0629  4667      677.0000     4400.7024  3687875  550.03%
  18936  9237     2793.8827  4483      677.0000     4398.7525  3714327  549.74%
  19206  9569     1037.9714   644      677.0000     4398.7525  3768945  549.74%
  19390  9670     3247.3297  5995      677.0000     4398.7525  3803105  549.74%
  19676 10074     1725.4068  1749      677.0000     4387.6799  3870137  548.11%
Elapsed time = 1101.78 sec. (456307.78 ticks, tree = 166.64 MB, solutions = 10)
  19965 10292     2548.9770  3760      677.0000     4384.7372  3920850  547.67%
  20150 10487     2659.0521  4573      677.0000     4378.6889  3952853  546.78%
  20355 10753     2123.2000  2874      677.0000     4378.6889  4016525  546.78%
  20680 10755     1202.8571   945      677.0000     4378.6889  4005963  546.78%
  20844 11192     3356.3419  6317      677.0000     4378.6889  4098311  546.78%
  21007 11214     2681.0000  4111      677.0000     4376.8224  4102805  546.50%
  21273 11577     4009.4725 10193      677.0000     4376.8224  4169533  546.50%
  21412 11751     2779.4617  4469      677.0000     4376.8224  4201027  546.50%
  21647 11700     3823.9087  8066      677.0000     4367.5414  4195289  545.13%
  21835 12304     1226.1667   900      677.0000     4367.5414  4299092  545.13%
Elapsed time = 1204.58 sec. (494653.99 ticks, tree = 200.17 MB, solutions = 10)
  22109 12419     1979.4478  2237      677.0000     4354.2722  4330948  543.17%
  22331 12456     2150.2192  2651      677.0000     4347.3837  4341478  542.15%
  22582 12792     1831.2419  1924      677.0000     4346.0613  4400386  541.96%
  22935 13015     2942.1170  5657      677.0000     4346.0613  4450026  541.96%
  23167 13223     3607.5830  8329      677.0000     4337.4729  4499634  540.69%
  23430 13406     2271.8571  2935      677.0000     4337.0566  4530976  540.63%
  23686 14026     2877.0874  5347      677.0000     4337.0566  4629015  540.63%
  23936 14068     1712.9508  1923      677.0000     4330.7875  4634238  539.70%
  24225 14211      724.2500   419      677.0000     4330.7353  4662977  539.70%
  24483 14424     1266.1364   988      677.0000     4322.4787  4715517  538.48%
Elapsed time = 1318.38 sec. (532988.69 ticks, tree = 406.24 MB, solutions = 10)
  24779 14912     2463.7727  3928      677.0000     4320.9661  4792386  538.25%
  25095 15225     1799.7742  1926      677.0000     4318.1496  4841828  537.84%
  25389 15288     1967.2571  2511      677.0000     4318.1496  4859376  537.84%
  25744 15783     1638.3793  1752      677.0000     4311.4158  4942989  536.84%
  26259 16085     2278.5000  3007      677.0000     4309.0820  4993916  536.50%
  26513 16347     3630.5757  7341      677.0000     4306.8199  5025602  536.16%
  26730 16566     2457.1786  3488      677.0000     4302.1414  5056243  535.47%
  27074 16992     1872.7656  2049      677.0000     4301.3203  5131186  535.35%
  27429 17421      806.0000   452      677.0000     4301.3203  5202352  535.35%
  27740 17384     1521.7778  1509      677.0000     4301.3203  5198842  535.35%
Elapsed time = 1433.47 sec. (571288.68 ticks, tree = 1220.81 MB, solutions = 10)
  28069 17857     2701.6196  4195      677.0000     4301.2948  5274810  535.35%
  28300 18406     3356.7933  7234      677.0000     4300.3007  5357432  535.20%
  28581 18165     2423.4207  3844      677.0000     4293.2261  5318125  534.15%
  28837 18558     3608.5488  7244      677.0000     4293.2261  5384192  534.15%
  29180 18747     3073.0691  6104      677.0000     4288.3746  5432262  533.44%
  29566 19481     1436.4694  1207      677.0000     4280.6808  5558050  532.30%
  29934 19680     1836.0909  2244      677.0000     4278.3868  5589335  531.96%
  30287 19704      889.4000   518      677.0000     4276.2777  5587603  531.65%
  30570 20160     3117.6378  6203      677.0000     4272.5615  5668369  531.10%
  30766 20267     1987.5634  2580      677.0000     4272.5615  5683418  531.10%
Elapsed time = 1547.55 sec. (609503.30 ticks, tree = 1835.08 MB, solutions = 10)
  31109 20805     1689.8000  1866      677.0000     4272.5615  5760893  531.10%
  31405 20933     3947.2421  9955      677.0000     4270.5707  5783955  530.81%
  31666 21010     2732.1102  4838      677.0000     4270.2814  5808794  530.77%
  31904 21593      848.1429   455      677.0000     4269.8981  5901869  530.71%
  32145 21894     3345.9850  6316      677.0000     4265.9315  5966754  530.12%
  32418 22098     3449.7430  7602      677.0000     4263.5917  6013140  529.78%
Starting limited solution polishing.
  32734 22517     1147.5000   862      677.0000     4263.5917  6088577  529.78%
  33086 22321     2433.0345  3840      677.0000     4262.3744  6057172  529.60%
  33321 22849      742.4800   397      677.0000     4262.2350  6144360  529.58%
  33493 22992     2318.8571  3589      677.0000     4254.8680  6182130  528.49%
Elapsed time = 1660.14 sec. (647835.16 ticks, tree = 2307.16 MB, solutions = 10)
Nodefile size = 245.49 MB (178.98 MB after compression)
  33727 23213     3257.4872  6886      677.0000     4250.3547  6209963  527.82%
  33935 23352     3056.3609  5997      677.0000     4250.3547  6229554  527.82%
  34093 23823     2113.6800  2864      677.0000     4250.3547  6303998  527.82%
  34216 23896     1982.5000  2309      677.0000     4250.3547  6318146  527.82%
  34385 24027     3980.5355  8696      677.0000     4250.3547  6342561  527.82%
  34472 24129     3644.8911  7359      677.0000     4250.3547  6357184  527.82%
  34661 24316     3740.0972  8830      677.0000     4250.3547  6378061  527.82%
  34796 24388     2199.4533  2787      677.0000     4249.5912  6391532  527.71%
  35027 24737     1027.7143   676      677.0000     4249.5912  6449077  527.71%
  35297 24872      802.3137  1890      677.0000     4243.9240  6474145  526.87%
Elapsed time = 1767.16 sec. (686379.74 ticks, tree = 2814.87 MB, solutions = 10)
Nodefile size = 761.93 MB (557.41 MB after compression)
  35559 24846      992.1791  2914      677.0000     4243.9240  6468643  526.87%
  35762 24989      844.6667  2011      677.0000     4243.4332  6493467  526.80%
  35955 25217      844.0204  1702      677.0000     4243.4332  6530652  526.80%

Zero-half cuts applied:  806
Gomory fractional cuts applied:  29

Root node processing (before b&c):
  Real time             =   27.12 sec. (19245.53 ticks)
Parallel b&c, 12 threads:
  Real time             = 1775.58 sec. (681003.99 ticks)
  Sync time (average)   =  240.78 sec.
  Wait time (average)   =    0.06 sec.
                          ------------
Total (root+branch&cut) = 1802.70 sec. (700249.52 ticks)

Solution pool: 10 solutions saved.

MIP - Time limit exceeded, integer feasible:  Objective =  6.7700000000e+02
Current MIP best bound =  4.2418502753e+03 (gap = 3564.85, 526.57%)
Solution time = 1802.70 sec.  Iterations = 6684763  Nodes = 36032 (26077)
Deterministic time = 700249.55 ticks  (388.44 ticks/sec)

MILP problem relaxed to LP with fixed integer variables using
incumbent solution.
Version identifier: 22.2.0.0 | 2026-05-04 | 5dff98e58
CPXPARAM_TimeLimit                               1800
Parallel mode: deterministic, using up to 12 threads for concurrent optimization:
 * Starting dual Simplex on 1 thread...
 * Starting Barrier on 10 threads...
 * Starting primal Simplex on 1 thread...
Tried aggregator 1 time.
LP Presolve eliminated 33526 rows and 11325 columns.
All rows and columns eliminated.
Presolve time = 0.05 sec. (10.38 ticks)

Dual simplex solved model.


Dual simplex - Optimal:  Objective =  6.7700000000e+02
Solution time =    0.16 sec.  Iterations = 0 (0)
Deterministic time = 21.38 ticks  (137.06 ticks/sec)


Solution written to file 'C:\Users\rodri\AppData\Local\Temp\2bfd909841234aff865c60206c95e382-pulp.sol'.
