
Log started (V22.2.0.0) Sun Jun 21 00:06:48 2026

Version identifier: 22.2.0.0 | 2026-05-04 | 5dff98e58
CPXPARAM_TimeLimit                               1800
Tried aggregator 1 time.
Reduced MIP has 23251 rows, 7875 columns, and 54375 nonzeros.
Reduced MIP has 125 binaries, 0 generals, 0 SOSs, and 0 indicators.
Presolve time = 0.03 sec. (32.85 ticks)
Found incumbent of value 263.000000 after 0.03 sec. (47.72 ticks)
Probing time = 0.02 sec. (4.78 ticks)
Tried aggregator 1 time.
Detecting symmetries...
Reduced MIP has 23251 rows, 7875 columns, and 54375 nonzeros.
Reduced MIP has 7875 binaries, 0 generals, 0 SOSs, and 0 indicators.
Presolve time = 0.06 sec. (113.06 ticks)
Probing time = 0.02 sec. (4.78 ticks)
Clique table members: 15500.
MIP emphasis: balance optimality and feasibility.
MIP search method: dynamic search.
Parallel mode: deterministic, using up to 12 threads.
Root relaxation solution time = 0.70 sec. (603.12 ticks)

        Nodes                                         Cuts/
   Node  Left     Objective  IInf  Best Integer    Best Bound    ItCnt     Gap

*     0+    0                          263.0000    34997.0000              --- 
*     0+    0                          346.0000    34997.0000              --- 
*     0+    0                          350.0000    34997.0000              --- 
*     0+    0                          355.0000    34997.0000              --- 
*     0+    0                          373.0000    34997.0000              --- 
*     0+    0                          380.0000    34997.0000              --- 
*     0+    0                          393.0000    34997.0000              --- 
*     0+    0                          397.0000    34997.0000              --- 
*     0+    0                          407.0000    34997.0000              --- 
*     0+    0                          416.0000    34997.0000              --- 
      0     0     3359.7120  7058      416.0000     3359.7120        6  707.62%
*     0+    0                          431.0000     3359.7120           679.52%
      0     0     3353.4720  7049      431.0000      Fract: 1       53  678.07%
      0     0     3348.1040  7040      431.0000      Fract: 1      118  676.82%
*     0+    0                          435.0000     3348.1040           669.68%
*     0+    0                          440.0000     3330.5746           656.95%
      0     0        cutoff            440.0000     3330.5746      118  656.95%
Detecting symmetries...
      0     2     3348.1040  7040      440.0000     3330.5746      118  656.95%
Elapsed time = 8.89 sec. (7172.16 ticks, tree = 0.02 MB, solutions = 13)
      2     3     3093.8461  7060      440.0000     3330.5746      978  656.95%
      3     4     3295.3089  6833      440.0000     3330.5746     1075  656.95%
      6     8     3027.1288  6747      440.0000     3323.6961     2715  655.39%
      8     4     3071.5488  6956      440.0000     3323.6961     2202  655.39%
     12    12     3032.7727  6756      440.0000     3272.3333     5948  643.71%
     16    11     3032.2994  6790      440.0000     3272.3333     5390  643.71%
     21    13     2974.9752  6497      440.0000     3272.3333     7663  643.71%
     30    27     2751.5169  6622      440.0000     3235.9305    22619  635.44%
     37    27     2950.4245  6348      440.0000     3235.9305    20796  635.44%
     83    74     2668.1487  6215      440.0000     3235.9305    45967  635.44%
Elapsed time = 14.97 sec. (10565.76 ticks, tree = 1.91 MB, solutions = 13)
    131   110     2634.2035  6039      440.0000     3235.9305    59937  635.44%
    140    92     2811.9096  5735      440.0000     3235.9305    54553  635.44%
    145   137     2577.1818  5765      440.0000     3235.9305    71805  635.44%
    157   114     2626.4622  6013      440.0000     3235.9305    61393  635.44%
    184   168     2496.1615  4461      440.0000     3235.9305    82917  635.44%
    233   186     2514.8962  5528      440.0000     3235.9305    90503  635.44%
    292   207     2454.9479  4356      440.0000     3235.9305   100326  635.44%
    380   319     2294.2562  4620      440.0000     3235.9305   120361  635.44%
    508   311     1816.1000  2401      440.0000     3235.9305   118774  635.44%
    686   510     1904.4000  2314      440.0000     3235.9305   151824  635.44%
Elapsed time = 41.19 sec. (22114.33 ticks, tree = 39.20 MB, solutions = 13)
    890   679      554.6364   311      440.0000     3235.9305   171194  635.44%
   1156   619      751.7931   448      440.0000     3235.9305   166400  635.44%
   1412  1003        cutoff            440.0000     3235.9305   205955  635.44%
   1530  1135     2426.4227  4350      440.0000     3196.3687   222845  626.45%
   1646  1325     2750.2859  5522      440.0000     3032.7727   240674  589.27%
   1711  1519     2205.9539  4278      440.0000     3032.7727   269179  589.27%
   1776  1535     2438.6357  4430      440.0000     3022.2278   274025  586.87%
   1834  1657     1798.6808  2450      440.0000     3022.2278   296117  586.87%
   1922  1700     1917.6667  2785      440.0000     3022.2278   304348  586.87%
   2050  1810     1420.5714  1564      440.0000     3022.2278   325056  586.87%
Elapsed time = 62.14 sec. (31684.87 ticks, tree = 60.25 MB, solutions = 13)
   2244  1959      933.7778   678      440.0000     3022.2278   343236  586.87%
   2497  1934     1014.8205   791      440.0000     3022.2278   341378  586.87%
   2649  2387     1010.3077   790      440.0000     3022.2278   393354  586.87%
   2795  2357     1802.1429  2928      440.0000     3013.7495   391520  584.94%
   2937  2623      641.8000   364      440.0000     3010.2687   420872  584.15%
   3058  2705     2466.1746  5274      440.0000     2987.2316   436907  578.92%
   3165  2986      855.4118   606      440.0000     2987.2316   475232  578.92%
   3292  3042     1765.3111  2792      440.0000     2987.2316   485900  578.92%
   3432  3063     1283.5556  1510      440.0000     2979.8345   487846  577.24%
   3667  3115     2286.6599  4615      440.0000     2974.9312   505086  576.12%
Elapsed time = 83.27 sec. (41299.63 ticks, tree = 77.90 MB, solutions = 13)
   3849  3312      511.0000   287      440.0000     2970.1172   525977  575.03%
   3944  3442      955.7500   863      440.0000     2970.1172   546561  575.03%

Performing restart 1

Repeating presolve.
Tried aggregator 1 time.
Reduced MIP has 23251 rows, 7875 columns, and 54375 nonzeros.
Reduced MIP has 7875 binaries, 0 generals, 0 SOSs, and 0 indicators.
Presolve time = 0.06 sec. (104.83 ticks)
Tried aggregator 1 time.
Reduced MIP has 23251 rows, 7875 columns, and 54375 nonzeros.
Reduced MIP has 7875 binaries, 0 generals, 0 SOSs, and 0 indicators.
Presolve time = 0.06 sec. (114.17 ticks)
Represolve time = 0.20 sec. (302.75 ticks)
   3957     0     3325.1281  6973      440.0000      Fract: 1   600929  574.36%
   3957     0     3319.7056  6953      440.0000      Fract: 2   601056  574.36%
   3957     0     3315.7624  6943      440.0000      Fract: 2   601204  574.36%
   3957     0     3311.0608  6932      440.0000      Fract: 2   601338  574.36%
   3957     0     3309.1278  6928      440.0000      Fract: 1   601429  574.36%
*  3957+    0                          441.0000     2967.1826           572.83%
   3957     0     3306.4280  6920      441.0000      Fract: 1   601545  572.83%
*  3957+    0                          445.0000     2967.1826           566.78%
   3957     0        cutoff            445.0000     2967.1826   601545  566.78%
   3957     0     3303.6607  6911      445.0000      Fract: 1   601707  566.78%
   3957     0     3301.4287  6904      445.0000      Fract: 1   601846  566.78%
   3957     0     3298.4907  6897      445.0000      Fract: 1   601989  566.78%
   3957     0     3296.1507  6888      445.0000      Fract: 1   602130  566.78%
   3957     2     3296.1507  6888      445.0000     2967.1826   602130  566.78%
   3958     3     3057.2666  6940      445.0000     2967.1826   603881  566.78%
   3965    10     3221.1274  6580      445.0000     2967.1826   607280  566.78%
   3982    19     3001.4503  6653      445.0000     2967.1826   616256  566.78%
   4006    23     2928.1832  6311      445.0000     2967.1826   623396  566.78%
   4051    65     2741.0996  6634      445.0000     2967.1826   654894  566.78%
   4091    98     2244.6552  6538      445.0000     2967.1826   666569  566.78%
   4135   133     2498.2293  6594      445.0000     2967.1826   686035  566.78%
Elapsed time = 133.06 sec. (76810.53 ticks, tree = 6.09 MB, solutions = 15)
   4229   199     2282.9506  6832      445.0000     2967.1826   708879  566.78%
   4275   282     3027.5146  6807      445.0000     2967.1826   726563  566.78%
   4347   317     2632.7782  6135      445.0000     2967.1826   745071  566.78%
   4459   358     2178.8584  6192      445.0000     2967.1826   753799  566.78%
   4556   524     2424.0406  6250      445.0000     2967.1826   778416  566.78%
   4622   602     2948.3920  6425      445.0000     2967.1826   792176  566.78%
   4678   618     2024.7810  5369      445.0000     2967.1826   795743  566.78%
   4716   709     2490.1821  5426      445.0000     2967.1826   815819  566.78%
   4744   727     2570.6011  4788      445.0000     2967.1826   818763  566.78%
   4763   749     1478.4255  4543      445.0000     2967.1826   822263  566.78%
Elapsed time = 158.11 sec. (86472.03 ticks, tree = 80.91 MB, solutions = 15)
   4803   754     2521.1651  5565      445.0000     2967.1826   823967  566.78%
   4859   796     2011.6062  5274      445.0000     2967.1826   831007  566.78%
   4936   799     1157.8171  3614      445.0000     2967.1826   831109  566.78%
   5043   860     2618.8752  6045      445.0000     2967.1826   844122  566.78%
   5165   946     1191.0196  3860      445.0000     2967.1826   856936  566.78%
   5296  1019     1887.0052  4602      445.0000     2967.1826   870852  566.78%
   5456  1182     1901.8502  4624      445.0000     2967.1826   903804  566.78%
   5648  1299     2513.7765  5620      445.0000     2967.1826   920641  566.78%
   5820  1473     1169.2857  1670      445.0000     2967.1826   941506  566.78%
   6019  1593     1416.0563  2546      445.0000     2967.1826   965805  566.78%
Elapsed time = 184.27 sec. (96134.49 ticks, tree = 226.31 MB, solutions = 15)
   6177  1993     1312.8525  1841      445.0000     2967.1826  1021232  566.78%
   6296  2018     1016.3061  1268      445.0000     2967.1826  1023392  566.78%
   6451  2202     1198.8358  2330      445.0000     2967.1826  1053946  566.78%
   6630  2447      988.2642  1523      445.0000     2967.1826  1099885  566.78%
   6803  2685     2329.9716  4039      445.0000     2967.1826  1134448  566.78%
   6966  2809      567.5600   410      445.0000     2967.1826  1148084  566.78%
   7124  2930     1142.3019  1421      445.0000     2967.1826  1160443  566.78%
   7253  2944     2502.1009  4625      445.0000     2967.1826  1170364  566.78%
   7421  3106     2085.5169  3768      445.0000     2967.1826  1194508  566.78%
   7566  3251     1910.0341  3753      445.0000     2967.1826  1221484  566.78%
Elapsed time = 208.06 sec. (105728.74 ticks, tree = 531.00 MB, solutions = 15)
   7743  3504     1664.5060  3440      445.0000     2967.1826  1254042  566.78%
   7930  3747     2369.0817  4905      445.0000     2967.1826  1287083  566.78%
   8168  3811     1470.9091  2186      445.0000     2967.1826  1296628  566.78%
   8416  3882     1159.4286  1623      445.0000     2967.1826  1305975  566.78%
   8519  3906     1851.0137  2494      445.0000     2967.1826  1310732  566.78%
   8657  4288     2038.4545  3675      445.0000     2967.1826  1341887  566.78%
   8792  4552     2024.5000  4279      445.0000     2967.1826  1370717  566.78%
   8907  4569     1692.4231  2989      445.0000     2967.1826  1372631  566.78%

Performing restart 2

Repeating presolve.
Tried aggregator 1 time.
Reduced MIP has 23251 rows, 7875 columns, and 54375 nonzeros.
Reduced MIP has 7875 binaries, 0 generals, 0 SOSs, and 0 indicators.
Presolve time = 0.06 sec. (104.83 ticks)
Tried aggregator 1 time.
Reduced MIP has 23251 rows, 7875 columns, and 54375 nonzeros.
Reduced MIP has 7875 binaries, 0 generals, 0 SOSs, and 0 indicators.
Presolve time = 0.06 sec. (114.17 ticks)
Represolve time = 0.41 sec. (307.45 ticks)
   8945     0     3287.2552  6861      445.0000      Fract: 1  1428671  566.78%
   8945     0     3278.3743  6828      445.0000      Fract: 4  1428884  566.78%
   8945     0     3276.4830  6820      445.0000      Fract: 1  1428976  566.78%
   8945     0     3274.9044  6816      445.0000      Fract: 1  1429076  566.78%
   8945     0     3272.6483  6813      445.0000      Fract: 1  1429219  566.78%
   8945     0     3271.5075  6810      445.0000      Fract: 1  1429341  566.78%
   8945     0     3268.2176  6801      445.0000      Fract: 1  1429450  566.78%
   8945     0     3266.3138  6794      445.0000      Fract: 1  1429552  566.78%
   8945     0     3263.0578  6785      445.0000      Fract: 1  1429613  566.78%
   8945     0     3261.3324  6783      445.0000      Fract: 1  1429741  566.78%
   8945     2     3261.3324  6783      445.0000     2967.1826  1429741  566.78%
   8947     3     3045.2457  6872      445.0000     2967.1826  1432048  566.78%
Elapsed time = 268.08 sec. (146688.91 ticks, tree = 0.02 MB, solutions = 15)
   8950     7     3002.3088  6667      445.0000     2967.1826  1435375  566.78%
   8957     7     2789.2106  6818      445.0000     2967.1826  1436796  566.78%
   8965    14     2721.2662  6491      445.0000     2967.1826  1444753  566.78%
   8977    27     2929.4415  6340      445.0000     2967.1826  1468862  566.78%
   8992    39     2465.6244  6426      445.0000     2967.1826  1492412  566.78%
   9026    43     2382.2961  6009      445.0000     2967.1826  1493679  566.78%
   9054    74     2505.6708  5487      445.0000     2967.1826  1511703  566.78%
   9077   117     2738.6050  5558      445.0000     2967.1826  1529963  566.78%
   9104   136     2458.9171  5301      445.0000     2967.1826  1545830  566.78%
   9236   263     1818.9487  2901      445.0000     2967.1826  1594321  566.78%
Elapsed time = 300.22 sec. (159327.36 ticks, tree = 8.22 MB, solutions = 15)
   9367   328     2217.7122  4370      445.0000     2967.1826  1604771  566.78%
   9641   559     1629.5278  2455      445.0000     2967.1826  1652244  566.78%
  10358  1037     2645.7922  5211      445.0000     2967.1826  1713312  566.78%
  10736  1651      616.0769   362      445.0000     2967.1826  1803390  566.78%
  11285  2028     1984.3082  3557      445.0000     2967.1826  1871536  566.78%
  11816  2438     2308.5089  4798      445.0000     2933.1245  1933336  559.13%
  12228  2990     1335.9180  1762      445.0000     2933.1245  2016876  559.13%
  12843  3452      491.0000   265      445.0000     2933.1245  2093650  559.13%
  13275  3968     2261.2882  4558      445.0000     2883.6658  2165919  548.01%
  13811  4305        cutoff            445.0000     2879.5588  2221650  547.09%
Elapsed time = 394.81 sec. (197556.16 ticks, tree = 49.84 MB, solutions = 15)
  14298  4920      806.5714   619      445.0000     2860.8242  2314249  542.88%
  14753  5327     1510.0462  1923      445.0000     2840.0939  2376834  538.22%
  15279  5932     1333.4262  1764      445.0000     2835.6229  2469923  537.22%
  15737  6402      667.4286   416      445.0000     2827.2160  2539059  535.33%
  16163  6736     1328.3279  1764      445.0000     2813.0760  2599640  532.15%
  16675  7078     1458.1818  2052      445.0000     2812.7982  2647836  532.09%
  17155  7732     2040.3464  3721      445.0000     2792.3685  2750193  527.50%
  17698  8033      645.5556   387      445.0000     2788.9404  2796633  526.73%
  18151  8521      712.1613   497      445.0000     2785.1650  2870991  525.88%
  18568  8815      813.1892   674      445.0000     2778.4434  2920840  524.37%
Elapsed time = 494.00 sec. (235825.01 ticks, tree = 97.93 MB, solutions = 15)
  18962  9339     2493.4272  5482      445.0000     2773.5301  3003281  523.27%
  19480  9753      532.0909   270      445.0000     2760.5603  3061793  520.35%
  20084 10257      883.1860   939      445.0000     2757.7339  3141927  519.72%
  20583 10675     1711.0639  2719      445.0000     2757.3496  3194255  519.63%
  20970 11166     2317.6778  5704      445.0000     2746.4783  3254646  517.19%
  21472 11658     1305.1667  1709      445.0000     2746.4783  3327448  517.19%
  21980 11946     1981.4766  4219      445.0000     2746.4783  3365673  517.19%
  22591 12512      519.9091   264      445.0000     2742.5329  3432232  516.30%
  23133 12838     2275.0542  4581      445.0000     2728.0825  3481940  513.05%
  23770 13597      911.0227   982      445.0000     2720.4915  3579246  511.35%
Elapsed time = 592.08 sec. (274054.23 ticks, tree = 806.03 MB, solutions = 15)
  24107 13735     2258.9379  5473      445.0000     2718.8685  3603996  510.98%
  24535 14442     1324.2295  1764      445.0000     2711.5699  3698172  509.34%
  25196 15059     2462.5169  6395      445.0000     2711.5699  3792173  509.34%
  25794 15357      852.9268   858      445.0000     2703.8518  3836158  507.61%
  26421 16345     1090.1667  1448      445.0000     2700.4897  3959100  506.85%
  27086 16819      872.7500   776      445.0000     2697.4371  4028068  506.17%
  27492 17349     1429.4857  2373      445.0000     2694.6683  4097351  505.54%
  27920 17593     1309.7344  1996      445.0000     2691.7861  4131255  504.90%
  28689 18248     1064.2245  1157      445.0000     2691.4199  4234804  504.81%
  29215 18700     1626.4954  2506      445.0000     2681.8700  4285579  502.67%
Elapsed time = 695.30 sec. (312311.87 ticks, tree = 1472.17 MB, solutions = 15)
  29960 19410     1834.2391  3091      445.0000     2681.8700  4371886  502.67%
  30453 19811     1457.8451  2445      445.0000     2678.6989  4423732  501.95%
  30930 20290     2252.7973  5360      445.0000     2675.1623  4503036  501.16%
  31522 20915      846.0750   823      445.0000     2674.3513  4581479  500.98%
  32186 21284        cutoff            445.0000     2671.8341  4638006  500.41%
  32824 21982      536.8205  1061      445.0000     2668.8058  4721934  499.73%
  33430 22367      716.7419   528      445.0000     2665.5424  4765918  499.00%
  34214 23093      534.7391   311      445.0000     2661.9365  4856997  498.19%
  34705 23762      814.6923   782      445.0000     2660.6225  4943533  497.89%
  35316 24626      672.3000   503      445.0000     2654.5223  5053481  496.52%
Elapsed time = 803.19 sec. (350500.68 ticks, tree = 2319.33 MB, solutions = 15)
Nodefile size = 257.77 MB (179.38 MB after compression)
  35861 25210     1892.3494  3239      445.0000     2652.3753  5142869  496.04%
  36440 25275     2406.7005  6121      445.0000     2649.8501  5150111  495.47%
  36796 25652     1137.6038  1342      445.0000     2646.1703  5201445  494.65%
  37402 26295      447.6316   242      445.0000     2645.6414  5291226  494.53%
  38102 26743      940.7442   897      445.0000     2642.7095  5371175  493.87%
  38677 27614     1214.7143  1496      445.0000     2641.3501  5480464  493.56%
  39410 28067      806.9444   649      445.0000     2640.2487  5531738  493.31%
  40033 28995     1144.8571  1553      445.0000     2638.3510  5653395  492.89%
  40752 29666     1231.8070  1549      445.0000     2635.8659  5738271  492.33%
  41332 29778     1855.0542  3713      445.0000     2634.2615  5752589  491.97%
Elapsed time = 915.59 sec. (388730.01 ticks, tree = 3083.84 MB, solutions = 15)
Nodefile size = 1030.56 MB (723.68 MB after compression)
  41882 30949      659.8621   472      445.0000     2630.0889  5900621  491.03%
  42386 30903     1686.5375  3087      445.0000     2630.0889  5898742  491.03%
  43064 31698     1862.4076  3721      445.0000     2627.4124  6010752  490.43%
  43670 32062     1187.5517  1654      445.0000     2623.1063  6064356  489.46%
  44366 32498     1802.8550  3480      445.0000     2621.1874  6123167  489.03%
  44960 33686     1316.0156  1996      445.0000     2619.5269  6265747  488.66%
  45596 33745     2272.0218  4580      445.0000     2617.8042  6272598  488.27%
  46124 34033     1132.0536  1550      445.0000     2613.5438  6312938  487.31%
  46690 34780      797.5000   750      445.0000     2613.2213  6407603  487.24%
  47295 35992      772.5429   651      445.0000     2612.1276  6574879  486.99%
Elapsed time = 1031.16 sec. (426944.86 ticks, tree = 3812.83 MB, solutions = 15)
Nodefile size = 1757.49 MB (1236.22 MB after compression)
  48010 35788      897.2439   817      445.0000     2611.1645  6544109  486.78%
  48662 37245     2070.7176  3311      445.0000     2609.7192  6730967  486.45%
  49306 37427     1906.7083  3883      445.0000     2605.9614  6756796  485.61%
  49892 38565     1523.2603  2578      445.0000     2602.4391  6906565  484.82%
  50376 38640     1088.1667  1442      445.0000     2602.4391  6919893  484.82%
  50840 38954     1396.8529  2245      445.0000     2597.7997  6966532  483.78%
  51565 39311     2074.4400  4646      445.0000     2596.4669  7013985  483.48%
  52194 39913      479.0000   901      445.0000     2596.4669  7101654  483.48%
  52922 41174     2110.7778  4758      445.0000     2593.7418  7259968  482.86%
  53642 41232      882.0000   898      445.0000     2593.7418  7267434  482.86%
Elapsed time = 1148.33 sec. (465153.19 ticks, tree = 4584.24 MB, solutions = 15)
Nodefile size = 2516.65 MB (1775.04 MB after compression)
  54288 42409     1072.2838  2951      445.0000     2588.1456  7409498  481.61%
  55051 42939     1563.7150  5090      445.0000     2587.8189  7475747  481.53%
  55786 43108     1338.9385  2056      445.0000     2585.2705  7493169  480.96%
  56393 44403     1903.4599  3879      445.0000     2584.4011  7647689  480.76%
  56951 45203     1545.2973  2650      445.0000     2581.6222  7750686  480.14%
  57358 45265     2180.8569  5179      445.0000     2580.9633  7757329  479.99%
  57943 45609      906.5581   945      445.0000     2580.3060  7806249  479.84%
  58399 45911     1346.6818  2115      445.0000     2580.3060  7856384  479.84%
  58987 46323     1444.5000  2379      445.0000     2579.5157  7915448  479.67%
  59592 46831     1689.2875  3089      445.0000     2579.5157  7976676  479.67%
Elapsed time = 1266.14 sec. (503381.56 ticks, tree = 5431.17 MB, solutions = 15)
Nodefile size = 3359.68 MB (2371.54 MB after compression)
  60118 47905     1774.8571  3399      445.0000     2577.3538  8104631  479.18%
  60866 48446     2344.1753  5891      445.0000     2577.3538  8167474  479.18%
  61437 49042     1472.1194  2115      445.0000     2567.6407  8245446  477.00%
  62001 49136     1532.1781  2586      445.0000     2567.2939  8258919  476.92%
  62510 50084     1592.1579  2793      445.0000     2565.1314  8391914  476.43%
  63175 50296      799.1667   651      445.0000     2564.8873  8418633  476.38%
  63740 51304     1975.8797  4135      445.0000     2562.8689  8561475  475.93%
  64395 51377     2345.7340  5814      445.0000     2562.3876  8568793  475.82%
  65060 51820     1502.0000  2513      445.0000     2562.3876  8620008  475.82%
  65817 53340      872.2143   905      445.0000     2561.8562  8807912  475.70%
Elapsed time = 1386.45 sec. (541588.43 ticks, tree = 6372.28 MB, solutions = 15)
Nodefile size = 4305.68 MB (3038.98 MB after compression)
  66467 53791      999.9375  1164      445.0000     2558.5042  8865189  474.94%
  67153 54417     1600.6944  2444      445.0000     2557.1552  8943868  474.64%
  67902 54602      796.1316   750      445.0000     2557.0454  8965145  474.62%
  68467 55766     1908.7958  3888      445.0000     2555.7938  9095661  474.34%
  69024 56315      868.1951   863      445.0000     2555.7938  9161352  474.34%
  69341 55973     1329.3594  1997      445.0000     2555.7938  9123684  474.34%
  69929 57448      562.3750   334      445.0000     2554.2232  9322946  473.98%
  70416 57086      528.7826   308      445.0000     2554.2232  9266373  473.98%
  71073 57462     1162.7895  1602      445.0000     2548.7421  9326485  472.75%
  71799 58434     1069.2500  1347      445.0000     2548.7421  9456032  472.75%
Elapsed time = 1506.72 sec. (579768.22 ticks, tree = 7069.66 MB, solutions = 15)
Nodefile size = 4996.76 MB (3526.59 MB after compression)
  72480 59744     1003.8571  1204      445.0000     2543.8267  9611405  471.65%
  73195 59394     2096.4270  4636      445.0000     2542.8520  9571072  471.43%
  73857 60801      698.8438   562      445.0000     2542.2990  9740923  471.30%
  74479 61318      793.3220  2009      445.0000     2540.4626  9806205  470.89%
  75001 60900      477.5556   602      445.0000     2539.1321  9753485  470.59%
  75553 62758      795.4595   718      445.0000     2536.9831  9989008  470.11%
  76121 63233     1546.0541  2653      445.0000     2536.6524 10064636  470.03%
  76899 62973      567.9600   384      445.0000     2534.5872 10017435  469.57%
  77546 63434     1058.7143  1155      445.0000     2533.6318 10090735  469.36%
Starting limited solution polishing.
  78204 64144     1849.6552  3648      445.0000     2533.4036 10180916  469.30%
Elapsed time = 1624.83 sec. (617959.74 ticks, tree = 7882.43 MB, solutions = 15)
Nodefile size = 5802.17 MB (4098.38 MB after compression)
  78749 64708     1037.8462  1348      445.0000     2532.9967 10248215  469.21%
  79013 65513     1024.3600  1252      445.0000     2532.9967 10340530  469.21%
  79293 66347     1587.4079  2797      445.0000     2532.9967 10448104  469.21%
  79625 66542      729.0000   592      445.0000     2532.9967 10468678  469.21%
  80098 66406     1246.2069  1591      445.0000     2532.7786 10455068  469.16%
  80670 66830      599.3846   386      445.0000     2532.7786 10502478  469.16%
  81189 68030      822.3077   788      445.0000     2530.5614 10639344  468.67%
  81380 68397     1746.3343  3322      445.0000     2530.5614 10684056  468.67%
  81554 68583     1545.0541  2650      445.0000     2530.1012 10707213  468.56%
  81887 68542     1275.7097  1887      445.0000     2530.1012 10702344  468.56%
Elapsed time = 1748.20 sec. (656234.92 ticks, tree = 8701.35 MB, solutions = 15)
Nodefile size = 6641.17 MB (4691.65 MB after compression)
  82173 69220      750.2286   655      445.0000     2528.9353 10784853  468.30%
  82731 69146     1591.0789  2795      445.0000     2528.0774 10776819  468.11%
  83371 69789     1651.4038  2939      445.0000     2528.0774 10868090  468.11%
  83829 70018     1174.0323  1949      445.0000     2528.0774 10897312  468.11%
  84226 70080     1937.5496  3978      445.0000     2528.0774 10903792  468.11%

Gomory fractional cuts applied:  47

Root node processing (before b&c):
  Real time             =    8.86 sec. (7136.52 ticks)
Parallel b&c, 12 threads:
  Real time             = 1799.38 sec. (669695.61 ticks)
  Sync time (average)   =  460.31 sec.
  Wait time (average)   =    0.05 sec.
                          ------------
Total (root+branch&cut) = 1808.23 sec. (676832.13 ticks)

Solution pool: 15 solutions saved.

MIP - Time limit exceeded, integer feasible:  Objective =  4.4500000000e+02
Current MIP best bound =  2.5221696404e+03 (gap = 2077.17, 466.78%)
Solution time = 1808.25 sec.  Iterations = 11118273  Nodes = 84272 (71781)
Deterministic time = 676832.15 ticks  (374.30 ticks/sec)

MILP problem relaxed to LP with fixed integer variables using
incumbent solution.
Version identifier: 22.2.0.0 | 2026-05-04 | 5dff98e58
CPXPARAM_TimeLimit                               1800
Parallel mode: deterministic, using up to 12 threads for concurrent optimization:
 * Starting dual Simplex on 1 thread...
 * Starting Barrier on 10 threads...
 * Starting primal Simplex on 1 thread...
Tried aggregator 1 time.
LP Presolve eliminated 23251 rows and 7875 columns.
All rows and columns eliminated.
Presolve time = 0.06 sec. (7.15 ticks)

Dual simplex solved model.


Dual simplex - Optimal:  Objective =  4.4500000000e+02
Solution time =    0.19 sec.  Iterations = 0 (0)
Deterministic time = 14.78 ticks  (78.60 ticks/sec)


Solution written to file 'C:\Users\rodri\AppData\Local\Temp\64be69227cf640e3960513250449f7fd-pulp.sol'.
