
Log started (V22.2.0.0) Sun Jun 21 00:37:02 2026

Version identifier: 22.2.0.0 | 2026-05-04 | 5dff98e58
CPXPARAM_TimeLimit                               1800
Tried aggregator 1 time.
Reduced MIP has 23251 rows, 7875 columns, and 54375 nonzeros.
Reduced MIP has 125 binaries, 0 generals, 0 SOSs, and 0 indicators.
Presolve time = 0.02 sec. (32.85 ticks)
Found incumbent of value 294.000000 after 0.03 sec. (47.72 ticks)
Probing time = 0.02 sec. (4.78 ticks)
Tried aggregator 1 time.
Detecting symmetries...
Reduced MIP has 23251 rows, 7875 columns, and 54375 nonzeros.
Reduced MIP has 7875 binaries, 0 generals, 0 SOSs, and 0 indicators.
Presolve time = 0.06 sec. (113.07 ticks)
Probing time = 0.02 sec. (4.78 ticks)
Clique table members: 15500.
MIP emphasis: balance optimality and feasibility.
MIP search method: dynamic search.
Parallel mode: deterministic, using up to 12 threads.
Root relaxation solution time = 0.81 sec. (610.69 ticks)

        Nodes                                         Cuts/
   Node  Left     Objective  IInf  Best Integer    Best Bound    ItCnt     Gap

*     0+    0                          294.0000    34539.0000              --- 
*     0+    0                          336.0000    34539.0000              --- 
*     0+    0                          351.0000    34539.0000              --- 
*     0+    0                          365.0000    34539.0000              --- 
*     0+    0                          376.0000    34539.0000              --- 
*     0+    0                          381.0000    34539.0000              --- 
*     0+    0                          385.0000    34539.0000              --- 
*     0+    0                          391.0000    34539.0000              --- 
*     0+    0                          401.0000    34539.0000              --- 
*     0+    0                          408.0000    34539.0000              --- 
      0     0     3315.7440  7107      408.0000     3315.7440        7  712.68%
*     0+    0                          419.0000     3315.7440           691.35%
      0     0     3309.5280  7097      419.0000      Fract: 1       57  689.86%
      0     0     3307.4160  7088      419.0000      Fract: 1      113  689.36%
*     0+    0                          420.0000     3307.4160           687.48%
*     0+    0                          422.0000     3290.8618           679.83%
      0     0        cutoff            422.0000     3290.8618      113  679.83%
Detecting symmetries...
      0     2     3307.4160  7088      422.0000     3290.8618      113  679.83%
Elapsed time = 8.41 sec. (5615.98 ticks, tree = 0.02 MB, solutions = 13)
      4     6     2771.8202  6927      422.0000     3290.8618      925  679.83%
      9     9     2954.6595  6660      422.0000     3290.8618     1685  679.83%
     13     7     2523.7750  6938      422.0000     3290.8618     2128  679.83%
*    17+    1                          424.0000     3290.8618           676.15%
     21     9     2733.3692  6781      424.0000     3290.8618     3034  676.15%
     28    11     2786.2104  7017      424.0000     3195.7326     4586  653.71%
     43    32     2915.5509  6457      424.0000     3195.7326    18383  653.71%
     52    31     2745.4375  6808      424.0000     3169.5804    17782  647.54%
     65    50     2885.6849  6355      424.0000     3169.5804    30218  647.54%
     73    50     2686.4900  6496      424.0000     3169.5804    29623  647.54%
    126    99     2619.3012  6189      424.0000     3169.5804    54194  647.54%
Elapsed time = 15.75 sec. (9267.22 ticks, tree = 1.14 MB, solutions = 14)
    137   124     2812.6996  6053      424.0000     3169.5804    65875  647.54%
    144    81     2955.8763  5665      424.0000     3169.5804    42098  647.54%
    164   154     2221.9429  5392      424.0000     3169.5804    77410  647.54%
    196   182     2088.4796  4730      424.0000     3169.5804    86151  647.54%
    237   218     2384.4078  5126      424.0000     3169.5804    96970  647.54%
    274   242     2283.2901  3962      424.0000     3169.5804   105245  647.54%
    328   264     2208.1667  3729      424.0000     3169.5804   110094  647.54%
    417   319     1977.1325  2964      424.0000     3169.5804   121913  647.54%
    546   389     1366.7719  1684      424.0000     3169.5804   134526  647.54%
    821   532      617.1739   343      424.0000     3169.5804   153465  647.54%
Elapsed time = 41.77 sec. (19169.78 ticks, tree = 49.57 MB, solutions = 14)
   1076   695      536.9524   270      424.0000     3169.5804   171579  647.54%
   1270  1030      672.0769   386      424.0000     3169.5804   198997  647.54%
   1451  1150      539.0000   223      424.0000     3169.5804   210772  647.54%
   1561  1332     1742.4000  2393      424.0000     3169.5804   235514  647.54%
   1709  1513     2004.2459  3239      424.0000     3169.5804   263018  647.54%
   1938  1699     1140.4130  1066      424.0000     3169.5804   283414  647.54%
   2160  1730      644.0769   389      424.0000     3169.5804   285837  647.54%
   2328  2025     2049.7976  3389      424.0000     3169.5804   324432  647.54%
   2493  2140      543.5000   309      424.0000     3169.5804   335266  647.54%
   2607  2316     1023.2619   899      424.0000     2955.8763   356342  597.14%
Elapsed time = 66.89 sec. (28769.37 ticks, tree = 221.54 MB, solutions = 14)
   2717  2498      558.0435   312      424.0000     2954.2112   382990  596.75%
   2840  2613     2566.7574  5967      424.0000     2954.2112   409032  596.75%
   2992  2729      770.6970   600      424.0000     2954.2112   424358  596.75%
   3147  2932     2105.4021  3550      424.0000     2950.3000   456515  595.83%
   3345  3049      466.5789   228      424.0000     2950.3000   468645  595.83%
   3559  3077     1982.6226  3714      424.0000     2950.3000   474363  595.83%
   3733  3469      567.7391   314      424.0000     2950.3000   520260  595.83%
   3807  3486     2485.3688  5577      424.0000     2950.3000   525478  595.83%

Performing restart 1

Repeating presolve.
Tried aggregator 1 time.
Reduced MIP has 23251 rows, 7875 columns, and 54375 nonzeros.
Reduced MIP has 7875 binaries, 0 generals, 0 SOSs, and 0 indicators.
Presolve time = 0.08 sec. (104.83 ticks)
Tried aggregator 1 time.
Reduced MIP has 23251 rows, 7875 columns, and 54375 nonzeros.
Reduced MIP has 7875 binaries, 0 generals, 0 SOSs, and 0 indicators.
Presolve time = 0.08 sec. (114.18 ticks)
Represolve time = 0.30 sec. (303.10 ticks)
   3825     0     3289.0052  7039      424.0000      Fract: 1   564447  590.18%
   3825     0     3287.7943  7030      424.0000      Fract: 1   564501  590.18%
   3825     0     3283.9989  7024      424.0000      Fract: 1   564593  590.18%
   3825     0     3281.6961  7018      424.0000      Fract: 1   564684  590.18%
   3825     0     3280.5521  7015      424.0000      Fract: 1   564765  590.18%
   3825     0     3277.1437  7006      424.0000      Fract: 1   564856  590.18%
   3825     0     3274.9308  7000      424.0000      Fract: 1   564949  590.18%
   3825     0     3271.4544  6991      424.0000      Fract: 1   565045  590.18%
   3825     0     3269.0455  6983      424.0000      Fract: 1   565160  590.18%
*  3825+    0                          425.0000     2926.3503           588.55%
*  3825+    0                          427.0000     2926.3503           585.33%
*  3825+    0                          431.0000     2926.3503           578.97%
*  3825+    0                          433.0000     2926.3503           575.83%
   3825     0        cutoff            433.0000     2926.3503   565160  575.83%
   3825     0     3267.5680  6973      433.0000      Fract: 1   565247  575.83%
   3825     2     3267.5680  6973      433.0000     2926.3503   565247  575.83%
   3826     3     3245.0404  6862      433.0000     2926.3503   566176  575.83%
Elapsed time = 122.39 sec. (64136.39 ticks, tree = 0.02 MB, solutions = 18)
   3830     6     3196.7775  6654      433.0000     2926.3503   569236  575.83%
   3851    21     2956.8570  6671      433.0000     2926.3503   579189  575.83%
   3873    22     2282.6259  7021      433.0000     2926.3503   582560  575.83%
   3926    64     2841.3836  6158      433.0000     2926.3503   612567  575.83%
   3982   137     2750.1180  6764      433.0000     2926.3503   632176  575.83%
   4082   155     3094.2385  6226      433.0000     2926.3503   645514  575.83%
   4208   274     2389.0442  6148      433.0000     2926.3503   665542  575.83%
   4299   381     2483.0043  6730      433.0000     2926.3503   682697  575.83%
   4335   448     2477.4202  6632      433.0000     2926.3503   694232  575.83%
   4366   474     1860.2430  5743      433.0000     2926.3503   699313  575.83%
Elapsed time = 148.33 sec. (74152.24 ticks, tree = 47.25 MB, solutions = 18)
   4408   402     2378.7168  6130      433.0000     2926.3503   685516  575.83%
   4454   569     2881.4639  6285      433.0000     2926.3503   712857  575.83%
   4520   584     2549.5512  5870      433.0000     2926.3503   716023  575.83%
   4592   651     2516.9242  5699      433.0000     2926.3503   727593  575.83%
   4677   760     3054.3230  6104      433.0000     2926.3503   743761  575.83%
   4780   592     2749.2066  6832      433.0000     2926.3503   715765  575.83%
   4902   833     1665.1789  4563      433.0000     2926.3503   755956  575.83%
   5045   939     1998.7340  4285      433.0000     2926.3503   772676  575.83%
   5196  1122     2953.8535  6655      433.0000     2926.3503   806315  575.83%
   5339  1311     1992.1395  3510      433.0000     2926.3503   835610  575.83%
Elapsed time = 175.61 sec. (83871.11 ticks, tree = 186.43 MB, solutions = 18)
   5485  1391     1430.9250  3291      433.0000     2926.3503   849638  575.83%
   5635  1562     2218.0449  3694      433.0000     2926.3503   885783  575.83%
   5796  1666     1604.1351  2707      433.0000     2926.3503   908609  575.83%
   5967  1921      944.0000  1336      433.0000     2926.3503   942957  575.83%
   6173  1963      581.3077   444      433.0000     2926.3503   945539  575.83%
   6396  2130     1766.7143  3429      433.0000     2926.3503   984528  575.83%
   6560  2381     2017.0105  4345      433.0000     2926.3503  1020293  575.83%
   6686  2612     1635.4474  2834      433.0000     2926.3503  1062711  575.83%
   6825  2642     2610.3208  5156      433.0000     2926.3503  1070544  575.83%
   6987  2923     1752.7838  2645      433.0000     2926.3503  1112139  575.83%
Elapsed time = 201.50 sec. (93460.71 ticks, tree = 481.09 MB, solutions = 18)
   7195  3053      909.1111   671      433.0000     2926.3503  1133984  575.83%
   7390  3120     1209.3725  1302      433.0000     2926.3503  1139940  575.83%
   7564  3424      851.2051   859      433.0000     2926.3503  1175132  575.83%
   7804  3598      515.4000   273      433.0000     2926.3503  1192193  575.83%
   8024  3857     1755.0244  3313      433.0000     2926.3503  1220629  575.83%
   8273  3963     1486.9524  1943      433.0000     2926.3503  1231363  575.83%
   8462  4253     2073.7347  4645      433.0000     2926.3503  1263794  575.83%
   8676  4463     2201.7917  4377      433.0000     2926.3503  1286116  575.83%
   8775  4562     2600.3509  6083      433.0000     2926.3503  1292170  575.83%

Performing restart 2

Repeating presolve.
Tried aggregator 1 time.
Reduced MIP has 23251 rows, 7875 columns, and 54375 nonzeros.
Reduced MIP has 7875 binaries, 0 generals, 0 SOSs, and 0 indicators.
Presolve time = 0.08 sec. (104.83 ticks)
Tried aggregator 1 time.
Reduced MIP has 23251 rows, 7875 columns, and 54375 nonzeros.
Reduced MIP has 7875 binaries, 0 generals, 0 SOSs, and 0 indicators.
Presolve time = 0.08 sec. (114.18 ticks)
Represolve time = 0.67 sec. (307.00 ticks)
*  8776+    0                          446.0000     2926.3503           556.13%
   8776     0     3257.1064  6934      446.0000      Fract: 6  1338029  556.13%
   8776     0     3254.3138  6926      446.0000      Fract: 1  1338122  556.13%
   8776     0     3251.0548  6922      446.0000      Fract: 1  1338240  556.13%
*  8776+    0                          447.0000     2926.3503           554.66%
   8776     0        cutoff            447.0000     2926.3503  1338240  554.66%
   8776     0     3247.7317  6914      447.0000      Fract: 1  1338344  554.66%
   8776     0     3245.4068  6904      447.0000      Fract: 1  1338500  554.66%
   8776     0     3243.7443  6899      447.0000      Fract: 1  1338613  554.66%
*  8776+    0                          449.0000     2926.3503           551.75%
   8776     0        cutoff            449.0000     2926.3503  1338613  551.75%
   8776     0     3239.9764  6889      449.0000      Fract: 1  1338768  551.75%
   8776     0     3238.0107  6883      449.0000      Fract: 1  1338879  551.75%
   8776     0     3236.3638  6872      449.0000      Fract: 1  1338953  551.75%
   8776     0     3234.5939  6868      449.0000      Fract: 1  1339073  551.75%
   8776     2     3234.5939  6867      449.0000     2926.3503  1339073  551.75%
Elapsed time = 262.16 sec. (129589.01 ticks, tree = 0.02 MB, solutions = 21)
   8778     3     3011.9316  6955      449.0000     2926.3503  1341086  551.75%
   8783     6     2968.9274  6722      449.0000     2926.3503  1344304  551.75%
   8790    13     2753.3722  6888      449.0000     2926.3503  1351846  551.75%
   8797    10     2732.3326  6767      449.0000     2926.3503  1350705  551.75%
   8811    20     2704.1356  6651      449.0000     2926.3503  1364502  551.75%
   8835    34     2822.2854  6087      449.0000     2926.3503  1395735  551.75%
   8861    70     2654.0310  6356      449.0000     2926.3503  1419231  551.75%
   8882    87     2502.0662  5683      449.0000     2926.3503  1427126  551.75%
   8908   115     2752.7826  5812      449.0000     2926.3503  1441460  551.75%
   8934   131     2482.1724  5574      449.0000     2926.3503  1453333  551.75%
Elapsed time = 283.31 sec. (139839.40 ticks, tree = 5.67 MB, solutions = 21)
   8955   154     2434.7883  5294      449.0000     2926.3503  1465823  551.75%
   8976   174     2188.0307  4313      449.0000     2926.3503  1473443  551.75%
   8992   190     2209.9019  4372      449.0000     2926.3503  1478170  551.75%
   9005   212     2329.1775  4185      449.0000     2926.3503  1484564  551.75%
   9013   215     2478.5903  5566      449.0000     2926.3503  1486214  551.75%
   9031   225     2388.7886  4362      449.0000     2926.3503  1490085  551.75%
   9064   241     1762.8526  3333      449.0000     2926.3503  1493882  551.75%
   9110   284     1739.4000  2729      449.0000     2926.3503  1504613  551.75%
   9209   360     2033.9558  3774      449.0000     2926.3503  1522863  551.75%
   9873   832     2145.7126  4192      449.0000     2926.3503  1588637  551.75%
Elapsed time = 316.50 sec. (152661.40 ticks, tree = 12.02 MB, solutions = 21)
  10285  1280     1569.6718  2001      449.0000     2926.3503  1663651  551.75%
  10751  1598      645.0714   390      449.0000     2926.3503  1705195  551.75%
  11309  2308      839.5789   730      449.0000     2913.5429  1822326  548.90%
  11727  2710     2427.0365  5366      449.0000     2911.4041  1894993  548.42%
  12345  3007     2145.0536  4193      449.0000     2889.2277  1942759  543.48%
  12772  3521     1194.8148  1433      449.0000     2864.3113  2019109  537.93%
  13145  4113      889.8537   845      449.0000     2844.4095  2126967  533.50%
  13647  4354      676.8065   494      449.0000     2842.9211  2159732  533.17%
  14110  4847     1884.8601  3294      449.0000     2823.4722  2241468  528.84%
  14580  5276      476.0435   333      449.0000     2820.9557  2307923  528.28%
Elapsed time = 415.44 sec. (190936.75 ticks, tree = 58.52 MB, solutions = 21)
  15034  5718     2272.0813  4722      449.0000     2804.2739  2380700  524.56%
  15557  6242     1101.4000  1234      449.0000     2795.6934  2463120  522.65%
  16054  6810      470.0000   265      449.0000     2788.0494  2547041  520.95%
  16543  7171      937.5349   923      449.0000     2779.2943  2600448  519.00%
  17239  7776      742.6667   524      449.0000     2773.7962  2678476  517.77%
  17739  8429     1248.9074  1379      449.0000     2759.2928  2768248  514.54%
  18356  8826     2300.5397  5792      449.0000     2757.3587  2817249  514.11%
  18869  9229     1525.2511  2638      449.0000     2748.7477  2869634  512.19%
  19512  9984     2408.6252  6389      449.0000     2737.9427  2966020  509.79%
  20119 10286      600.6429   410      449.0000     2730.8838  3006888  508.21%
Elapsed time = 517.42 sec. (229167.19 ticks, tree = 567.52 MB, solutions = 21)
  20535 10935     2090.2115  4036      449.0000     2728.2955  3098038  507.64%
  20865 11178      733.2857   660      449.0000     2728.2955  3130767  507.64%
  21077 11469     1995.0395  3693      449.0000     2728.2955  3172533  507.64%
  21358 11645     2494.3659  5662      449.0000     2728.2955  3191124  507.64%
  21686 11877     1830.0844  3142      449.0000     2724.9908  3219890  506.90%
  22089 12348     1402.9683  1921      449.0000     2715.8478  3276858  504.87%
  22539 12913     1959.9658  3606      449.0000     2713.1830  3358641  504.27%
  23049 13150     1762.6752  2932      449.0000     2713.1830  3390825  504.27%
  23683 13802      753.2500   695      449.0000     2703.3892  3469563  502.09%
  24339 14372     2478.6761  5577      449.0000     2692.6667  3551733  499.70%
Elapsed time = 611.78 sec. (267501.70 ticks, tree = 1224.87 MB, solutions = 21)
  24885 14975     1164.2857  1591      449.0000     2687.7504  3631409  498.61%
  25411 15323     1016.1702  1094      449.0000     2685.1486  3680957  498.03%
  25968 15982        cutoff            449.0000     2684.5500  3768517  497.90%
  26482 16487     1835.9496  3780      449.0000     2679.7255  3842691  496.82%
  27147 16946      764.0000   696      449.0000     2668.6112  3900730  494.35%
  27763 17533     2374.3429  5125      449.0000     2666.7352  3965433  493.93%
  28295 18046     2236.8887  5486      449.0000     2664.1461  4042516  493.35%
  28794 18335     1370.2823  1864      449.0000     2663.0808  4082359  493.11%
  29457 18910     1273.5199  3384      449.0000     2663.0808  4173442  493.11%
  29944 19235     1837.8975  3777      449.0000     2655.7285  4213678  491.48%
Elapsed time = 718.88 sec. (305731.05 ticks, tree = 1857.95 MB, solutions = 21)
  30636 20444      839.9024   883      449.0000     2654.0844  4366262  491.11%
  30992 20820     2106.9258  4835      449.0000     2645.4418  4423612  489.19%
  31528 21245      988.7164  2507      449.0000     2644.5349  4494723  488.98%
  32274 21507     2337.4973  5984      449.0000     2643.6266  4534798  488.78%
  32925 22529      583.4615   384      449.0000     2639.7176  4652855  487.91%
  33643 22918     2258.0609  5577      449.0000     2639.4718  4702956  487.86%
  34375 23809     1390.6194  2238      449.0000     2637.6439  4804186  487.45%
  34965 23818     1085.8000  1230      449.0000     2632.9905  4804698  486.41%
  35527 24486     2170.7192  4284      449.0000     2626.9354  4897815  485.06%
  36065 25220      831.1053   730      449.0000     2623.3982  5001708  484.28%
Elapsed time = 835.89 sec. (343944.80 ticks, tree = 2679.16 MB, solutions = 21)
Nodefile size = 618.71 MB (432.50 MB after compression)
  36726 25662      595.6667   410      449.0000     2622.6194  5067821  484.10%
  37344 26463     2157.9476  4287      449.0000     2621.2031  5175101  483.79%
  38051 27000        cutoff            449.0000     2619.8320  5237853  483.48%
  38633 27393     2398.0505  5201      449.0000     2619.0438  5288453  483.31%
  39338 28249     1487.3582  2165      449.0000     2613.5517  5396943  482.08%
  39814 28555     1306.6271  1693      449.0000     2611.3004  5436586  481.58%
  40411 29020     2162.1333  4303      449.0000     2610.6369  5493131  481.43%
  40979 29621     1788.3149  2995      449.0000     2607.0096  5572998  480.63%
  41564 30673     1957.6173  4204      449.0000     2603.8832  5716075  479.93%
  42113 30487     1551.7635  2716      449.0000     2602.8983  5694496  479.71%
Elapsed time = 954.23 sec. (382169.43 ticks, tree = 3440.00 MB, solutions = 21)
Nodefile size = 1375.09 MB (965.04 MB after compression)
  42792 31383     1276.6552  1639      449.0000     2601.6398  5827553  479.43%
  43497 31904     1178.8947  1643      449.0000     2597.3196  5891830  478.47%
  44174 32112     2218.0405  5329      449.0000     2595.7981  5914829  478.13%
  44866 32979      460.9545   282      449.0000     2594.2146  6017818  477.78%
  45417 33640      993.0204  1233      449.0000     2590.4873  6098974  476.95%
  45958 34422     2148.9547  5022      449.0000     2588.6788  6203480  476.54%
  46560 34698     1481.0448  2173      449.0000     2588.5195  6241142  476.51%
  47287 35401     1112.7843  1279      449.0000     2587.4804  6330931  476.28%
  47950 35620     1500.1250  2570      449.0000     2587.1374  6363153  476.20%
  48675 36483      909.8864  1008      449.0000     2582.9245  6471810  475.26%
Elapsed time = 1076.42 sec. (420359.59 ticks, tree = 4334.16 MB, solutions = 21)
Nodefile size = 2266.77 MB (1596.25 MB after compression)
  49357 36986      465.2857   271      449.0000     2582.9245  6530809  475.26%
  49914 37896     1284.3871  1930      449.0000     2578.7568  6643640  474.33%
  50408 38787     1584.4803  2850      449.0000     2577.7652  6766008  474.11%
  51183 39030      849.5641   767      449.0000     2577.3166  6796325  474.01%
  51859 39800     1033.1600  1280      449.0000     2577.1785  6904080  473.98%
  52664 40080      466.7273   285      449.0000     2572.4093  6934693  472.92%
  53295 41550     1694.0000  2713      449.0000     2568.8578  7113628  472.13%
  53969 42043      670.3871   493      449.0000     2567.7739  7169981  471.89%
  54438 41870     2143.4722  4199      449.0000     2567.7739  7150981  471.89%
  55010 42813     1656.7027  2641      449.0000     2567.7739  7273559  471.89%
Elapsed time = 1195.61 sec. (458554.22 ticks, tree = 5195.69 MB, solutions = 21)
Nodefile size = 3128.68 MB (2203.36 MB after compression)
  55616 43430      925.8000  1052      449.0000     2567.7739  7358073  471.89%
  56226 43243     1533.2657  2290      449.0000     2567.7739  7330500  471.89%
  56880 44731     1567.5600  2787      449.0000     2562.3625  7521486  470.68%
  57623 44964     2020.4827  4485      449.0000     2562.3625  7549583  470.68%
  58350 46078      708.9091   590      449.0000     2559.9434  7678630  470.14%
  59046 46266      503.5000   332      449.0000     2559.3766  7698999  470.02%
  59710 47124     2216.9815  5315      449.0000     2555.6504  7803434  469.19%
  60230 48120     1375.0000  2186      449.0000     2553.8745  7922637  468.79%
  60855 48478     1456.4667  2432      449.0000     2551.1677  7977439  468.19%
  61611 48825      864.8049   887      449.0000     2549.1131  8028604  467.73%
Elapsed time = 1319.27 sec. (496755.18 ticks, tree = 6087.42 MB, solutions = 21)
Nodefile size = 4015.99 MB (2828.81 MB after compression)
  62197 49507     1841.2414  3707      449.0000     2546.8422  8118586  467.23%
  63027 49498     2089.7619  4753      449.0000     2546.0982  8117411  467.06%
  63750 51315     1783.3735  3547      449.0000     2545.3110  8334423  466.88%
  64454 51983      646.2000   492      449.0000     2543.3764  8412035  466.45%
  65198 51555      894.9545  1008      449.0000     2541.7004  8363236  466.08%
  65905 52694     1500.4792  2571      449.0000     2540.7821  8493252  465.88%
  66385 53902     1637.0128  3003      449.0000     2540.1903  8639944  465.74%
  67115 54059     1142.3462  1330      449.0000     2538.5677  8660598  465.38%
  67646 54707     1344.0308  2118      449.0000     2538.1521  8748687  465.29%
  68319 55741     1883.3500  3955      449.0000     2536.7593  8893209  464.98%
Elapsed time = 1445.03 sec. (534952.90 ticks, tree = 6978.99 MB, solutions = 21)
Nodefile size = 4917.02 MB (3463.38 MB after compression)
  68994 55343     1103.9298  1700      449.0000     2536.7593  8841242  464.98%
  69523 56305     1158.3929  1593      449.0000     2536.7593  8961995  464.98%
  70097 57195     1868.3415  3223      449.0000     2536.7593  9067488  464.98%
  70653 57727     2324.3287  4908      449.0000     2536.7593  9129604  464.98%
  71151 57772     1248.4912  1587      449.0000     2536.7593  9136395  464.98%
  71817 58839     2278.6391  5694      449.0000     2532.7406  9264505  464.08%
  72476 58830     1491.9896  2572      449.0000     2532.7406  9265423  464.08%
  73275 60014     1155.7857  1585      449.0000     2532.7406  9401238  464.08%
  73870 60704      844.9375  2374      449.0000     2525.8717  9481333  462.55%
  74507 60627      739.1429   658      449.0000     2524.1811  9473120  462.18%
Elapsed time = 1579.67 sec. (573162.63 ticks, tree = 7896.42 MB, solutions = 21)
Nodefile size = 5815.52 MB (4098.55 MB after compression)
  75198 61073      508.1250   332      449.0000     2521.7273  9522272  461.63%
  75793 62008     1232.0000  2116      449.0000     2519.3815  9629908  461.11%
  76377 62622      459.0909   282      449.0000     2519.0923  9707765  461.05%
Starting limited solution polishing.
  77098 63295      591.5000   435      449.0000     2517.9607  9791790  460.79%
  77795 64583     1804.8295  3628      449.0000     2517.1216  9960265  460.61%
  78529 64134     1393.6119  2247      449.0000     2515.6712  9909962  460.28%
  79166 65332      794.1111   657      449.0000     2515.3491 10047529  460.21%
  79743 65867     1434.8261  2375      449.0000     2515.3491 10113123  460.21%
  80432 66166     1007.7347  1235      449.0000     2515.3491 10151242  460.21%
  80903 66726     1197.3158  1644      449.0000     2515.3491 10214064  460.21%
Elapsed time = 1708.34 sec. (611352.23 ticks, tree = 8737.81 MB, solutions = 21)
Nodefile size = 6675.64 MB (4703.30 MB after compression)
  81298 67634     2212.1159  5315      449.0000     2515.3491 10333203  460.21%
  81542 68004     1249.4000  1811      449.0000     2515.3491 10383259  460.21%
  81766 68335      883.7143   924      449.0000     2509.8219 10420625  458.98%
  81999 68877      739.8000   658      449.0000     2509.8219 10493041  458.98%
  82285 68921     1621.7922  2933      449.0000     2506.2158 10499737  458.18%
  82551 69385     1617.0390  2934      449.0000     2506.2158 10552442  458.18%
  82646 69449     2043.1389  3871      449.0000     2506.2158 10559557  458.18%
  82867 69428     1930.8179  4129      449.0000     2505.6207 10558256  458.04%
  82946 68008     1165.5179  1587      449.0000     2505.6207 10383619  458.04%

Gomory fractional cuts applied:  41

Root node processing (before b&c):
  Real time             =    8.17 sec. (5580.23 ticks)
Parallel b&c, 12 threads:
  Real time             = 1800.30 sec. (640855.66 ticks)
  Sync time (average)   =  503.18 sec.
  Wait time (average)   =    0.05 sec.
                          ------------
Total (root+branch&cut) = 1808.47 sec. (646435.90 ticks)

Solution pool: 21 solutions saved.

MIP - Time limit exceeded, integer feasible:  Objective =  4.4900000000e+02
Current MIP best bound =  2.5049300412e+03 (gap = 2055.93, 457.89%)
Solution time = 1808.47 sec.  Iterations = 10680953  Nodes = 82947 (70430)
Deterministic time = 646435.92 ticks  (357.45 ticks/sec)

MILP problem relaxed to LP with fixed integer variables using
incumbent solution.
Version identifier: 22.2.0.0 | 2026-05-04 | 5dff98e58
CPXPARAM_TimeLimit                               1800
Parallel mode: deterministic, using up to 12 threads for concurrent optimization:
 * Starting dual Simplex on 1 thread...
 * Starting Barrier on 10 threads...
 * Starting primal Simplex on 1 thread...
Tried aggregator 1 time.
LP Presolve eliminated 23251 rows and 7875 columns.
All rows and columns eliminated.
Presolve time = 0.06 sec. (7.14 ticks)

Dual simplex solved model.


Dual simplex - Optimal:  Objective =  4.4900000000e+02
Solution time =    0.20 sec.  Iterations = 0 (0)
Deterministic time = 14.77 ticks  (72.77 ticks/sec)


Solution written to file 'C:\Users\rodri\AppData\Local\Temp\b00eef49c3ce405ca65469928b9dd9a1-pulp.sol'.
