
Log started (V22.2.0.0) Sun Jun 21 04:08:12 2026

Version identifier: 22.2.0.0 | 2026-05-04 | 5dff98e58
CPXPARAM_TimeLimit                               1800
Tried aggregator 1 time.
Reduced MIP has 33526 rows, 11325 columns, and 78375 nonzeros.
Reduced MIP has 150 binaries, 0 generals, 0 SOSs, and 0 indicators.
Presolve time = 0.03 sec. (46.81 ticks)
Found incumbent of value 471.000000 after 0.05 sec. (68.22 ticks)
Probing time = 0.02 sec. (5.85 ticks)
Tried aggregator 1 time.
Detecting symmetries...
Reduced MIP has 33526 rows, 11325 columns, and 78375 nonzeros.
Reduced MIP has 11325 binaries, 0 generals, 0 SOSs, and 0 indicators.
Presolve time = 0.11 sec. (181.83 ticks)
Probing time = 0.03 sec. (5.85 ticks)
Clique table members: 22350.
MIP emphasis: balance optimality and feasibility.
MIP search method: dynamic search.
Parallel mode: deterministic, using up to 12 threads.
Root relaxation solution time = 1.39 sec. (976.97 ticks)

        Nodes                                         Cuts/
   Node  Left     Objective  IInf  Best Integer    Best Bound    ItCnt     Gap

*     0+    0                          471.0000    50619.0000              --- 
*     0+    0                          508.0000    50619.0000              --- 
*     0+    0                          518.0000    50619.0000              --- 
*     0+    0                          527.0000    50619.0000              --- 
*     0+    0                          533.0000    50619.0000              --- 
*     0+    0                          540.0000    50619.0000              --- 
*     0+    0                          553.0000    50619.0000              --- 
*     0+    0                          561.0000    50619.0000              --- 
*     0+    0                          570.0000    50619.0000              --- 
*     0+    0                          579.0000    50619.0000              --- 
      0     0     5061.9000 10230      579.0000     5061.9000        7  774.25%
      0     0     5055.0400 10873      579.0000     Cuts: 653      725  773.06%
*     0+    0                          593.0000     5055.0400           752.45%
      0     0     5050.6067 10668      593.0000     Cuts: 160     1150  751.70%
      0     0     5049.7513 10704      593.0000 ZeroHalf: 268     1382  751.56%
*     0+    0                          599.0000     5049.7513           743.03%
      0     0        cutoff            599.0000     5049.7513     1382  743.03%
      0     0     5048.9889 10930      599.0000 ZeroHalf: 278     1631  742.90%
      0     0     5048.3025 11020      599.0000 ZeroHalf: 160     1792  742.79%
Detecting symmetries...
      0     0     5045.8615 10941      599.0000     Cuts: 199     2097  742.38%
*     0+    0                          605.0000     5045.8615           734.03%
      0     0        cutoff            605.0000     5045.8615     2097  734.03%
      0     0     5045.4372 11026      605.0000 ZeroHalf: 118     2330  733.96%
      0     0     5042.3866 11138      605.0000     Cuts: 101     2568  733.45%
      0     0     5041.4186 11099      605.0000 ZeroHalf: 131     2834  733.29%
*     0+    0                          606.0000     5041.4186           731.92%
*     0+    0                          613.0000     5041.4186           722.42%
      0     0        cutoff            613.0000     5041.4186     2834  722.42%
      0     0     5040.5470 10839      613.0000 ZeroHalf: 154     3061  722.28%
      0     0     5040.2249 11083      613.0000 ZeroHalf: 277     3294  722.22%
      0     0     5037.1719 10755      613.0000     Cuts: 248     3839  705.79%
*     0+    0                          627.0000     4939.4921           687.80%
      0     0        cutoff            627.0000     4939.4921     3839  687.80%
      0     0     5033.8298 10798      627.0000     Cuts: 430     4408  687.80%
Detecting symmetries...
      0     2     5033.8298 10798      627.0000     4939.4921     4408  687.80%
Elapsed time = 46.61 sec. (35602.88 ticks, tree = 0.02 MB, solutions = 16)
      1     3     5007.8583 10843      627.0000     4939.4921     6954  687.80%
      2     3     4753.5946 11145      627.0000     4939.4921     8598  687.80%
      3     4     4979.2586 10642      627.0000     4939.4921     9372  687.80%
      4     4     4727.5405 10937      627.0000     4939.4921    10283  687.80%
      5     5     4724.5000 11009      627.0000     4939.4921    12967  687.80%
      6     5     4447.0473 11184      627.0000     4939.4921    13592  687.80%
      8     6     4949.8373 10503      627.0000     4939.4921    15839  687.80%
*    11+    8                          636.0000     4939.4921           676.65%
     11    10     4397.5913 10823      636.0000     4939.4921    22850  676.65%
     14     8     4420.9388 11035      636.0000     4939.4921    20904  676.65%
     27    19     4634.1103 10600      636.0000     4939.4921    37962  676.65%
Elapsed time = 56.69 sec. (42267.11 ticks, tree = 0.30 MB, solutions = 17)
     42    28     4362.3950 10773      636.0000     4914.5149    47739  672.72%
     52    29     4326.4242 10623      636.0000     4914.5149    49121  672.72%
     60    46     4561.1277  9847      636.0000     4914.5149    62887  672.72%
     70    50     4297.3884 10483      636.0000     4914.4459    67637  672.71%
     84    61     4058.9500 10745      636.0000     4914.4459    88020  672.71%
     92    83     4201.1253  9877      636.0000     4914.4459   113738  672.71%
    105    88     4143.6097  9627      636.0000     4914.4459   120767  672.71%
    117    98     4292.7134  8704      636.0000     4914.4459   129525  672.71%
    125   101     3973.1887 10331      636.0000     4914.4459   139083  672.71%
    132   130     4446.4238  9733      636.0000     4914.4459   166240  672.71%
Elapsed time = 86.41 sec. (52728.71 ticks, tree = 1.07 MB, solutions = 17)
    141   132     4124.7324  9525      636.0000     4914.4459   168989  672.71%
    149   133     4353.3009  9368      636.0000     4914.4459   168178  672.71%
    156   142     3884.3281  8400      636.0000     4914.4459   176075  672.71%
    164   141     3732.8182  9023      636.0000     4914.4459   175006  672.71%
    173   157     4172.7900  8599      636.0000     4914.4459   185110  672.71%
    179   164     4095.4804  9536      636.0000     4914.4459   190886  672.71%
    186   164     4345.5490  9400      636.0000     4914.4459   191560  672.71%
    190   179     3945.8092  8874      636.0000     4914.4459   198432  672.71%
    194   181     3877.4868  8530      636.0000     4914.4459   199464  672.71%
    206   190     3789.1079  8141      636.0000     4914.4459   204501  672.71%
Elapsed time = 117.92 sec. (63174.29 ticks, tree = 8.16 MB, solutions = 17)
    220   188     3649.5455  7533      636.0000     4914.4459   203672  672.71%
    234   212     3559.7373  7183      636.0000     4914.4459   214082  672.71%
    254   210     3855.3223  7444      636.0000     4914.4459   213126  672.71%
    270   246     3792.4706  7205      636.0000     4914.4459   229424  672.71%
    295   173     3810.2647  8157      636.0000     4914.4459   195552  672.71%
    324   235     4328.2267  9187      636.0000     4914.4459   225721  672.71%
    354   291     3275.1111  6036      636.0000     4914.4459   247833  672.71%
    386   322     3498.7845  6936      636.0000     4914.4459   258306  672.71%
    424   299     4099.4844  8304      636.0000     4914.4459   252164  672.71%
    469   319     2967.3978  4366      636.0000     4914.4459   256112  672.71%
Elapsed time = 145.62 sec. (72931.81 ticks, tree = 28.47 MB, solutions = 17)
    527   341     2322.7368  3041      636.0000     4914.4459   261036  672.71%
    594   408     2372.5000  3198      636.0000     4914.4459   288227  672.71%
    673   529     2431.1467  2803      636.0000     4914.4459   318673  672.71%
    779   466     1405.7273  1005      636.0000     4914.4459   298807  672.71%
    903   536     2023.2787  1770      636.0000     4914.4459   317808  672.71%
   1046   666     2247.3797  3172      636.0000     4914.4459   351863  672.71%
   1163   673     1509.0000  1179      636.0000     4914.4459   349565  672.71%
   1261   647     2165.0588  2243      636.0000     4914.4459   346220  672.71%
   1330   691     1577.8889  1543      636.0000     4914.4459   354766  672.71%
   1410  1093     1483.6957  1051      636.0000     4881.9124   406725  667.60%
Elapsed time = 173.25 sec. (82536.05 ticks, tree = 199.21 MB, solutions = 17)
   1483  1254     2485.6341  3500      636.0000     4881.9124   432916  667.60%
   1543  1334     2330.7105  3034      636.0000     4881.9124   444217  667.60%
   1630  1281     1700.7455  1549      636.0000     4881.9124   435706  667.60%
   1714  1382     1385.5455  1022      636.0000     4881.9124   449901  667.60%
   1790  1320      893.7143   467      636.0000     4881.9124   438661  667.60%
   1891  1425      733.7273   319      636.0000     4881.9124   453348  667.60%
   1959  1618     4316.7196  8761      636.0000     4881.9124   496053  667.60%
   1992  1753     1109.7059   592      636.0000     4881.9124   507132  667.60%
   2045  1549     3769.3040  7639      636.0000     4818.9911   487659  657.70%
   2084  1774     2902.5964  4184      636.0000     4659.6214   514145  632.64%
Elapsed time = 202.97 sec. (92359.49 ticks, tree = 210.89 MB, solutions = 17)
   2115  1853     4485.4606  9910      636.0000     4659.6214   526285  632.64%
   2147  1889     2274.9680  2605      636.0000     4631.9071   531417  628.29%
   2188  2062     2548.8081  3272      636.0000     4631.9071   581913  628.29%
   2247  2073     2204.1784  2468      636.0000     4631.9071   583236  628.29%
   2311  2099     3776.8496  6802      636.0000     4631.9071   598902  628.29%
   2392  2085     3355.0262  6144      636.0000     4631.9071   588949  628.29%
   2454  2111     3295.6455  5930      636.0000     4631.9071   602086  628.29%
   2505  2206     2546.0650  3285      636.0000     4631.6120   619123  628.24%
   2545  2254     2671.3644  4021      636.0000     4631.6120   632423  628.24%
   2594  2213     2719.5435  4184      636.0000     4631.6120   621963  628.24%
Elapsed time = 232.03 sec. (102059.44 ticks, tree = 231.58 MB, solutions = 17)
   2662  2280     2903.0480  4183      636.0000     4619.2206   642065  626.29%
   2733  2484     3740.5205  6688      636.0000     4619.2206   679921  626.29%
   2833  2458        cutoff            636.0000     4619.2206   667928  626.29%
   2936  2477     1564.2500  1400      636.0000     4619.2206   674366  626.29%
   3029  2700     2333.8933  2743      636.0000     4619.2206   717894  626.29%
   3125  2765     1008.0000   531      636.0000     4619.2206   724507  626.29%
   3193  2787      683.0000   294      636.0000     4619.2206   726139  626.29%
   3253  2689     2697.8590  3686      636.0000     4619.2206   716458  626.29%
   3315  2863     2439.6829  3348      636.0000     4619.2206   742856  626.29%
   3364  2876     2066.9565  2404      636.0000     4619.2206   744301  626.29%
Elapsed time = 259.77 sec. (111722.37 ticks, tree = 243.67 MB, solutions = 17)
   3423  3199     1657.1636  1558      636.0000     4619.2206   792484  626.29%
   3491  3221     2843.6667  4539      636.0000     4619.2206   807618  626.29%
   3576  3263     2511.3119  3164      636.0000     4619.2206   818031  626.29%
   3631  3366     2092.5612  2204      636.0000     4619.2206   840578  626.29%
   3684  3293     1582.8235  1288      636.0000     4619.2206   821016  626.29%
   3740  3453     3786.8175  7746      636.0000     4619.2206   859046  626.29%
   3790  3408      962.8387   495      636.0000     4619.2206   845230  626.29%
   3846  3477     2140.9444  2611      636.0000     4619.2206   865507  626.29%
   3882  3494     2984.7200  4926      636.0000     4619.2206   870443  626.29%
   3916  3532     3177.2607  4845      636.0000     4580.2147   876687  620.16%
Elapsed time = 285.05 sec. (121427.60 ticks, tree = 259.14 MB, solutions = 17)
   3924  3593     4265.6921 10125      636.0000     4580.2147   890076  620.16%

Performing restart 1

Repeating presolve.
Tried aggregator 1 time.
Reduced MIP has 33526 rows, 11325 columns, and 78375 nonzeros.
Reduced MIP has 11325 binaries, 0 generals, 0 SOSs, and 0 indicators.
Presolve time = 0.11 sec. (169.96 ticks)
Tried aggregator 1 time.
Reduced MIP has 33526 rows, 11325 columns, and 78375 nonzeros.
Reduced MIP has 11325 binaries, 0 generals, 0 SOSs, and 0 indicators.
Presolve time = 0.12 sec. (183.43 ticks)
Represolve time = 0.41 sec. (488.87 ticks)
   3925     0     5028.9288 10913      636.0000     Cuts: 211   958367  620.16%
   3925     0     5024.0364 10697      636.0000     Cuts: 290   959226  620.16%
   3925     0     5017.2068 10590      636.0000     Cuts: 433   960007  620.16%
   3925     0     5014.3268 10786      636.0000     Cuts: 708   960867  620.16%
*  3925+    0                          639.0000     4580.2147           616.78%
   3925     0     5012.0382 10729      639.0000     Cuts: 288   961440  616.78%
   3925     0     5009.9950 10839      639.0000     Cuts: 541   962058  616.78%
*  3925+    0                          650.0000     4580.2147           604.65%
   3925     0        cutoff            650.0000     4580.2147   962058  604.65%
   3925     0     5007.4522 10791      650.0000     Cuts: 292   962826  604.65%
   3925     0     5005.9200 10774      650.0000     Cuts: 390   963330  604.65%
   3925     0     5004.6385 10647      650.0000     Cuts: 333   963924  604.65%
*  3925+    0                          651.0000     4580.2147           603.57%
*  3925+    0                          656.0000     4580.2147           598.20%
*  3925+    0                          658.0000     4580.2147           596.08%
   3925     0        cutoff            658.0000     4580.2147   963924  596.08%
   3925     0     5003.6120 10707      658.0000     Cuts: 456   964611  596.08%
   3925     2     5003.6120 10693      658.0000     4580.2147   964611  596.08%
   3926     3     4969.3140 10566      658.0000     4580.2147   968054  596.08%
   3933    10     4706.5113 10681      658.0000     4580.2147   972942  596.08%
   3942    14     4928.5969 10156      658.0000     4580.2147   975158  596.08%
   3944     4     4677.3632 10589      658.0000     4580.2147   971449  596.08%
   3948    10     4101.6011 10666      658.0000     4580.2147   976157  596.08%
   3970    26     4113.7445 10712      658.0000     4580.2147   999122  596.08%
   3993    42     4098.4203 10603      658.0000     4580.2147  1020470  596.08%
   4146   128     3501.5196 10504      658.0000     4580.2147  1058092  596.08%
Elapsed time = 397.98 sec. (198082.11 ticks, tree = 14.79 MB, solutions = 22)
   4315   259     3497.7985 10462      658.0000     4580.2147  1091933  596.08%
   4468   503     3873.3796  9099      658.0000     4580.2147  1163265  596.08%
   4552   578     3074.3139  9601      658.0000     4580.2147  1187530  596.08%
   4656   656     4415.7379  9157      658.0000     4580.2147  1229545  596.08%
   4763   793     3976.7551  9937      658.0000     4580.2147  1271948  596.08%
   4886   902     4108.2078  7892      658.0000     4580.2147  1308652  596.08%
   5041   956     3244.5410  7374      658.0000     4580.2147  1325407  596.08%
   5197  1076     3144.7636  5924      658.0000     4580.2147  1362372  596.08%
   5384  1236     3521.3662  7687      658.0000     4580.2147  1413945  596.08%
   5593  1421     2191.2000  2809      658.0000     4580.2147  1452938  596.08%
Elapsed time = 512.03 sec. (236439.83 ticks, tree = 307.18 MB, solutions = 22)
   5884  1636     1149.0256   859      658.0000     4580.2147  1496484  596.08%
   6207  2101     1076.6571   642      658.0000     4580.2147  1583011  596.08%
   6480  2217     2991.7097  6392      658.0000     4580.2147  1619923  596.08%
   6794  2526     3780.5972  8932      658.0000     4580.2147  1675356  596.08%
   7089  2925      904.0000   575      658.0000     4580.2147  1739883  596.08%
   7380  3206      790.1290   732      658.0000     4580.2147  1785705  596.08%
   7502  3253     2838.4211  6568      658.0000     4580.2147  1798078  596.08%
   7677  3592     2538.1373  5325      658.0000     4580.2147  1867155  596.08%
   7987  3734     3754.2419  7427      658.0000     4580.2147  1912104  596.08%
   8411  4241     3784.1896  8845      658.0000     4580.2147  1996364  596.08%
Elapsed time = 630.73 sec. (274735.45 ticks, tree = 1077.41 MB, solutions = 22)
   8804  4352     3602.0811  6926      658.0000     4580.2147  2022960  596.08%
   9050  4628     3088.8772  8060      658.0000     4580.2147  2058370  596.08%

Performing restart 2

Repeating presolve.
Tried aggregator 1 time.
Reduced MIP has 33526 rows, 11325 columns, and 78375 nonzeros.
Reduced MIP has 11325 binaries, 0 generals, 0 SOSs, and 0 indicators.
Presolve time = 0.11 sec. (169.96 ticks)
Tried aggregator 1 time.
Reduced MIP has 33526 rows, 11325 columns, and 78375 nonzeros.
Reduced MIP has 11325 binaries, 0 generals, 0 SOSs, and 0 indicators.
Presolve time = 0.11 sec. (183.43 ticks)
Represolve time = 0.74 sec. (495.60 ticks)
   9051     0     5002.4087 10764      658.0000     Cuts: 325  2137814  596.08%
   9051     0     5000.8598 10717      658.0000     Cuts: 252  2138469  596.08%
   9051     0     4997.9471 10724      658.0000     Cuts: 399  2139373  596.08%
   9051     0     4997.3063 10768      658.0000     Cuts: 432  2139949  596.08%
   9051     0     4992.3634 10752      658.0000     Cuts: 416  2141032  596.08%
   9051     0     4989.7852 10706      658.0000     Cuts: 366  2141716  596.08%
*  9051+    0                          661.0000     4580.2147           592.92%
   9051     0        cutoff            661.0000     4580.2147  2141716  592.92%
   9051     0     4986.8391 10708      661.0000     Cuts: 436  2142486  592.92%
   9051     0     4985.2128 10660      661.0000     Cuts: 389  2143342  592.92%
   9051     0     4983.8962 10765      661.0000     Cuts: 504  2144136  592.92%
   9051     0     4983.1716 10735      661.0000     Cuts: 360  2144743  592.92%
   9051     0     4982.5445 10766      661.0000 ZeroHalf: 393  2145301  592.92%
   9051     2     4982.5445 10745      661.0000     4580.2147  2145301  592.92%
   9053     3     4698.0066 10679      661.0000     4580.2147  2151177  592.92%
   9059     6     4631.7435 10376      661.0000     4580.2147  2160018  592.92%
   9066    11     4598.7458 10253      661.0000     4580.2147  2174530  592.92%
   9083    20     4811.6681 10013      661.0000     4580.2147  2202165  592.92%
   9102    33     4027.4603 10313      661.0000     4580.2147  2250305  592.92%
   9123    58     4488.7221  9726      661.0000     4580.2147  2319301  592.92%
   9172    74     3836.4394  9262      661.0000     4580.2147  2336067  592.92%
Elapsed time = 821.86 sec. (391524.81 ticks, tree = 5.60 MB, solutions = 23)
   9220   125     3832.4653  8033      661.0000     4580.2147  2375553  592.92%
   9265   163     4023.0323  8885      661.0000     4580.2147  2393395  592.92%
   9344   199     4017.8368  7781      661.0000     4580.2147  2413946  592.92%
   9470   305     2421.8313  3541      661.0000     4580.2147  2452620  592.92%
   9688   456     3272.6398  5910      661.0000     4580.2147  2487455  592.92%
   9906   686     2551.6471  3589      661.0000     4580.2147  2536196  592.92%
  10400   743     2298.2609  2243      661.0000     4580.2147  2548905  592.92%
  10772  1131      927.7931   455      661.0000     4580.2147  2605594  592.92%
  11004  1420     3063.4822  4536      661.0000     4580.2147  2649722  592.92%
  11196  1964     4138.7654  8300      661.0000     4580.2147  2741030  592.92%
Elapsed time = 937.69 sec. (429813.33 ticks, tree = 469.98 MB, solutions = 23)
  11431  2123     3387.0388  5557      661.0000     4571.6297  2780971  591.62%
  11728  2442     1269.7674   900      661.0000     4571.6297  2844345  591.62%
  12213  2828     1150.1538   743      661.0000     4565.8225  2899614  590.74%
  12505  3143     1242.3333   859      661.0000     4563.0876  2940008  590.33%
  12730  3281     3092.5751  5263      661.0000     4561.0997  2970955  590.03%
  12906  3510     2597.5341  3326      661.0000     4535.9727  3018246  586.23%
  13218  3767     2475.5012  3409      661.0000     4535.9727  3081787  586.23%
  13534  4176     2199.0811  2729      661.0000     4520.5047  3153854  583.89%
  13800  4231     1881.0781  2034      661.0000     4513.5311  3163403  582.83%
  14012  4598     3438.8554  6483      661.0000     4507.3066  3231232  581.89%
Elapsed time = 1050.06 sec. (468124.59 ticks, tree = 1192.01 MB, solutions = 23)
  14240  4750     3667.3189  7422      661.0000     4490.7612  3263967  579.39%
  14603  5209     1264.2273   976      661.0000     4488.6209  3352169  579.07%
  14866  5443     2730.5652  4169      661.0000     4484.6368  3395653  578.46%
  15148  5585     3879.7605  8301      661.0000     4477.3609  3429125  577.36%
  15381  5947     3117.9083  5370      661.0000     4475.7097  3482716  577.11%
  15674  6293     3428.3058  6488      661.0000     4466.0550  3550375  575.65%
  16032  6342     3153.0276  5476      661.0000     4463.6585  3563477  575.29%
  16279  6792     1530.4340  1393      661.0000     4451.2810  3624481  573.42%
  16662  6901     2031.8841  2372      661.0000     4441.0551  3646587  571.87%
  16863  7334     3930.6160  8502      661.0000     4429.6924  3728533  570.15%
Elapsed time = 1163.45 sec. (506424.39 ticks, tree = 1940.13 MB, solutions = 23)
  17152  7576      743.9600   375      661.0000     4428.6451  3765366  569.99%
  17534  8009     1516.0000  1339      661.0000     4428.6451  3840670  569.99%
  17753  8225     1197.5476   893      661.0000     4427.4006  3868379  569.80%
  18072  8279     2126.7639  2579      661.0000     4404.0890  3886839  566.28%
  18416  8773     2993.1704  4934      661.0000     4401.2247  3976005  565.84%
  18773  8859     2729.5109  4177      661.0000     4399.5216  3991760  565.59%
  19131  9252     1120.0000   778      661.0000     4392.9255  4050878  564.59%
  19341  9811     2729.9536  4178      661.0000     4380.5921  4129042  562.72%
  19562  9951     3263.2312  5911      661.0000     4370.8500  4155842  561.25%
  19761 10003     2422.0000  2942      661.0000     4370.2636  4169421  561.16%
Elapsed time = 1287.59 sec. (544727.23 ticks, tree = 2671.98 MB, solutions = 23)
Nodefile size = 605.29 MB (436.70 MB after compression)
  20165 10313        cutoff            661.0000     4370.2636  4221841  561.16%
  20426 10397     2179.7973  2724      661.0000     4369.4232  4249021  561.03%
  20713 10913     4071.6424  9124      661.0000     4369.3965  4319393  561.03%
  20957 11219     2108.3200  2873      661.0000     4366.2233  4381448  560.55%
  21200 11466     2797.6156  4373      661.0000     4349.1335  4430571  557.96%
  21524 11607     2922.8687  4740      661.0000     4349.1335  4461462  557.96%
  21820 12016     1632.7857  1569      661.0000     4349.1335  4524778  557.96%
  22006 12112     3490.1738  6709      661.0000     4349.1335  4540699  557.96%
  22242 12352     3744.5676  7776      661.0000     4345.4667  4575580  557.41%
  22458 12511     2123.9306  2578      661.0000     4345.4667  4597117  557.41%
Elapsed time = 1403.44 sec. (583016.22 ticks, tree = 3359.00 MB, solutions = 23)
Nodefile size = 1292.41 MB (942.34 MB after compression)
  22712 12721     2464.6699  3406      661.0000     4345.4667  4638258  557.41%
  22978 13151     3868.0262  8288      661.0000     4334.6585  4720839  555.77%
  23285 13462     4000.8458  7764      661.0000     4334.6585  4775253  555.77%
  23516 13645     2568.2054  3664      661.0000     4334.0323  4805096  555.68%
  23873 13896     2785.4861  3836      661.0000     4334.0323  4854810  555.68%
  24270 14009     3869.0450  9547      661.0000     4316.7492  4872755  553.06%
  24456 14225     2788.5993  4372      661.0000     4314.7798  4914983  552.77%
  24801 14646     1019.0833   664      661.0000     4312.0710  4975490  552.36%
  25170 14852     2610.2038  3833      661.0000     4311.3154  5018100  552.24%
  25508 15158      905.9062   536      661.0000     4310.9482  5065320  552.19%
Elapsed time = 1523.14 sec. (621334.73 ticks, tree = 3684.38 MB, solutions = 23)
Nodefile size = 1623.39 MB (1188.90 MB after compression)
  25751 15794     1453.3077  1391      661.0000     4309.6528  5169900  551.99%
  25974 15861     1677.3966  1678      661.0000     4308.1542  5187793  551.76%
  26271 16432     1412.5294  1339      661.0000     4304.8062  5289269  551.26%
  26610 16573     3690.8207  7551      661.0000     4302.4337  5317066  550.90%
  26962 17050        cutoff            661.0000     4292.2811  5387065  549.36%
  27189 16799     1444.6923  1392      661.0000     4291.4805  5358028  549.24%
  27490 17591     2024.2174  2373      661.0000     4290.5607  5492280  549.10%
  27746 17684     3204.6564  6483      661.0000     4290.5607  5509962  549.10%
Starting limited solution polishing.
  27962 17937     2484.0909  3924      661.0000     4286.0690  5557202  548.42%
  28235 18268     2565.7172  4182      661.0000     4286.0690  5622500  548.42%
Elapsed time = 1639.11 sec. (659579.39 ticks, tree = 3721.08 MB, solutions = 23)
Nodefile size = 1661.69 MB (1221.49 MB after compression)
  28514 18351     2509.4382  4015      661.0000     4286.0690  5645868  548.42%
  28666 18621     3736.3188  7661      661.0000     4286.0690  5680163  548.42%
  28746 18637     3247.2245  5797      661.0000     4286.0690  5684453  548.42%
  28832 18798     2288.1169  2943      661.0000     4286.0690  5716534  548.42%
  28970 18787     1716.6102  1737      661.0000     4286.0690  5708623  548.42%
  29113 18855     3580.1802  7075      661.0000     4286.0690  5724863  548.42%
  29184 19041     2858.2604  4560      661.0000     4286.0690  5758381  548.42%
  29333 19091     1310.3478  1056      661.0000     4280.9513  5764034  547.65%
  29450 19328     3121.8750  5333      661.0000     4280.9513  5800298  547.65%
  29607 19360     2120.9583  2578      661.0000     4280.0458  5805299  547.51%
Elapsed time = 1728.89 sec. (698160.10 ticks, tree = 3736.70 MB, solutions = 23)
Nodefile size = 1675.40 MB (1232.86 MB after compression)
  29859 19746     3951.9262  8627      661.0000     4279.8663  5866382  547.48%
  30054 19822     2570.9426  3667      661.0000     4279.8663  5879833  547.48%
  30288 20111     2601.5034  3745      661.0000     4279.6793  5925508  547.46%
  30652 20374     1700.6393  1910      661.0000     4278.8755  5970928  547.33%
  30974 20306      704.1200   390      661.0000     4278.8755  5957712  547.33%
  31188 20672     3642.9041  7295      661.0000     4278.8755  6023178  547.33%
  31385 20786     3204.2342  6443      661.0000     4278.8755  6043943  547.33%

Zero-half cuts applied:  895
Gomory fractional cuts applied:  37

Root node processing (before b&c):
  Real time             =   46.56 sec. (35545.86 ticks)
Parallel b&c, 12 threads:
  Real time             = 1755.64 sec. (690849.69 ticks)
  Sync time (average)   =  258.71 sec.
  Wait time (average)   =    0.05 sec.
                          ------------
Total (root+branch&cut) = 1802.20 sec. (726395.56 ticks)

Solution pool: 23 solutions saved.

MIP - Time limit exceeded, integer feasible:  Objective =  6.6100000000e+02
Current MIP best bound =  4.2637604057e+03 (gap = 3602.76, 545.05%)
Solution time = 1802.20 sec.  Iterations = 6189260  Nodes = 31406 (21590)
Deterministic time = 726395.59 ticks  (403.06 ticks/sec)

MILP problem relaxed to LP with fixed integer variables using
incumbent solution.
Version identifier: 22.2.0.0 | 2026-05-04 | 5dff98e58
CPXPARAM_TimeLimit                               1800
Parallel mode: deterministic, using up to 12 threads for concurrent optimization:
 * Starting dual Simplex on 1 thread...
 * Starting Barrier on 10 threads...
 * Starting primal Simplex on 1 thread...
Tried aggregator 1 time.
LP Presolve eliminated 33526 rows and 11325 columns.
All rows and columns eliminated.
Presolve time = 0.02 sec. (10.37 ticks)

Dual simplex solved model.


Dual simplex - Optimal:  Objective =  6.6100000000e+02
Solution time =    0.09 sec.  Iterations = 0 (0)
Deterministic time = 21.37 ticks  (229.80 ticks/sec)


Solution written to file 'C:\Users\rodri\AppData\Local\Temp\1c5f2bd7515443dc95fa1aed90d3fb79-pulp.sol'.
