
Log started (V22.2.0.0) Sun Jun 21 01:37:31 2026

Version identifier: 22.2.0.0 | 2026-05-04 | 5dff98e58
CPXPARAM_TimeLimit                               1800
Tried aggregator 1 time.
Reduced MIP has 23251 rows, 7875 columns, and 54375 nonzeros.
Reduced MIP has 125 binaries, 0 generals, 0 SOSs, and 0 indicators.
Presolve time = 0.02 sec. (32.85 ticks)
Found incumbent of value 309.000000 after 0.03 sec. (47.72 ticks)
Probing time = 0.00 sec. (4.78 ticks)
Tried aggregator 1 time.
Detecting symmetries...
Reduced MIP has 23251 rows, 7875 columns, and 54375 nonzeros.
Reduced MIP has 7875 binaries, 0 generals, 0 SOSs, and 0 indicators.
Presolve time = 0.06 sec. (113.07 ticks)
Probing time = 0.02 sec. (4.78 ticks)
Clique table members: 15500.
MIP emphasis: balance optimality and feasibility.
MIP search method: dynamic search.
Parallel mode: deterministic, using up to 12 threads.
Root relaxation solution time = 0.83 sec. (590.90 ticks)

        Nodes                                         Cuts/
   Node  Left     Objective  IInf  Best Integer    Best Bound    ItCnt     Gap

*     0+    0                          309.0000    34802.0000              --- 
*     0+    0                          339.0000    34802.0000              --- 
*     0+    0                          355.0000    34802.0000              --- 
*     0+    0                          359.0000    34802.0000              --- 
*     0+    0                          368.0000    34802.0000              --- 
*     0+    0                          375.0000    34802.0000              --- 
*     0+    0                          381.0000    34802.0000              --- 
*     0+    0                          393.0000    34802.0000              --- 
*     0+    0                          399.0000    34802.0000              --- 
*     0+    0                          404.0000    34802.0000              --- 
      0     0     3340.9920  7098      404.0000     3340.9920        6  726.98%
      0     0     3334.0800  7087      404.0000      Fract: 1       65  725.27%
      0     0     3329.9760  7078      404.0000      Fract: 1      158  724.25%
*     0+    0                          415.0000     3329.9760           702.40%
*     0+    0                          419.0000     3323.9093           693.30%
*     0+    0                          429.0000     3323.9093           674.80%
      0     0        cutoff            429.0000     3323.9093      158  674.80%
Detecting symmetries...
      0     2     3329.9760  7078      429.0000     3321.1962      158  674.17%
Elapsed time = 7.91 sec. (5666.03 ticks, tree = 0.02 MB, solutions = 13)
      2     3     3078.3446  7102      429.0000     3321.1962      938  674.17%
      5     7     3032.0888  6896      429.0000     3306.3934     2445  670.72%
      8     6     3033.5881  6894      429.0000     3306.3934     2767  670.72%
     13    10     3001.5133  6764      429.0000     3306.3934     3550  670.72%
     15    11     2999.4242  6756      429.0000     3306.3934     5187  670.72%
     23     9     2764.0139  6804      429.0000     3221.0471     4617  650.83%
     31    27     2538.7087  6993      429.0000     3220.1159    24893  650.61%
     40    24     2953.1245  6559      429.0000     3220.1159    22084  650.61%
     48    43     2839.9415  6052      429.0000     3220.1159    36728  650.61%
     94    80     3068.8952  6034      429.0000     3220.1159    56934  650.61%
Elapsed time = 14.74 sec. (9495.72 ticks, tree = 1.32 MB, solutions = 13)
    134   121     2782.1249  5761      429.0000     3220.1159    70384  650.61%
    138   127     2681.8826  5375      429.0000     3220.1159    73094  650.61%
    148   108     2766.6203  5764      429.0000     3220.1159    66251  650.61%
    185   154     2501.4164  5500      429.0000     3220.1159    81126  650.61%
    234   204     2334.6889  4052      429.0000     3220.1159   101776  650.61%
    314   260     2022.6076  3041      429.0000     3220.1159   119385  650.61%
    403   307     2153.3627  4217      429.0000     3220.1159   131851  650.61%
    493   369     1825.8958  3692      429.0000     3220.1159   144633  650.61%
    647   538     1388.6667  1835      429.0000     3220.1159   171921  650.61%
    914   543     1253.5000  1112      429.0000     3220.1159   171510  650.61%
Elapsed time = 40.59 sec. (19252.66 ticks, tree = 50.35 MB, solutions = 13)
   1320   741      445.7778   207      429.0000     3220.1159   191795  650.61%
   1501  1189     1679.9612  2666      429.0000     3197.2118   224015  645.27%
   1604  1347     2646.0566  5279      429.0000     3067.9775   238941  615.15%
   1710  1494      752.1875   561      429.0000     3067.9775   257855  615.15%
   1836  1642     2079.1310  3394      429.0000     3042.3889   282344  609.18%
   1979  1776     1916.0833  2942      429.0000     3021.6628   299495  604.35%
   2178  1873     1248.3922  1301      429.0000     3021.6628   312884  604.35%
   2431  1956     2648.2228  5289      429.0000     3021.6628   320053  604.35%
   2711  2361     1075.0667  1020      429.0000     3021.6628   367295  604.35%
   2876  2430      460.5000   237      429.0000     2996.7189   372477  598.54%
Elapsed time = 66.97 sec. (28903.66 ticks, tree = 253.33 MB, solutions = 13)
   2995  2552     2609.5383  6066      429.0000     2996.4524   390405  598.47%
   3117  2834     1163.9796  1197      429.0000     2954.3162   422397  588.65%
   3214  2911     2715.1144  6576      429.0000     2952.2875   433052  588.18%
   3384  3024     2360.1781  5009      429.0000     2952.2875   452125  588.18%
   3495  3192     2503.5252  5583      429.0000     2952.2679   476894  588.17%
   3657  3358      780.4706   633      429.0000     2951.5521   497474  588.01%
   3857  3436     1856.3750  3175      429.0000     2951.5521   510402  588.01%
   3939  3516     1634.6389  2590      429.0000     2946.6984   521226  586.88%

Performing restart 1

Repeating presolve.
Tried aggregator 1 time.
Reduced MIP has 23251 rows, 7875 columns, and 54375 nonzeros.
Reduced MIP has 7875 binaries, 0 generals, 0 SOSs, and 0 indicators.
Presolve time = 0.06 sec. (104.83 ticks)
Tried aggregator 1 time.
Reduced MIP has 23251 rows, 7875 columns, and 54375 nonzeros.
Reduced MIP has 7875 binaries, 0 generals, 0 SOSs, and 0 indicators.
Presolve time = 0.08 sec. (114.18 ticks)
Represolve time = 0.31 sec. (303.20 ticks)
   3943     0     3315.2480  7038      429.0000      Fract: 1   559498  583.69%
   3943     0     3312.7680  7032      429.0000      Fract: 1   559558  583.69%
*  3943+    0                          430.0000     2933.0274           582.10%
   3943     0     3309.4360  7023      430.0000      Fract: 1   559657  582.10%
   3943     0     3307.0483  7013      430.0000      Fract: 1   559773  582.10%
   3943     0     3298.9191  6977      430.0000      Fract: 4   559982  582.10%
   3943     0     3295.0061  6969      430.0000      Fract: 2   560140  582.10%
   3943     0     3292.9548  6959      430.0000      Fract: 1   560231  582.10%
   3943     0     3291.1176  6954      430.0000      Fract: 1   560333  582.10%
   3943     0     3288.7330  6946      430.0000      Fract: 1   560466  582.10%
   3943     0     3286.7926  6938      430.0000      Fract: 1   560605  582.10%
   3943     2     3286.7926  6938      430.0000     2933.0274   560605  582.10%
   3944     3     3258.6462  6829      430.0000     2933.0274   561649  582.10%
Elapsed time = 118.86 sec. (59931.71 ticks, tree = 0.02 MB, solutions = 14)
   3947     5     3034.4634  6879      430.0000     2933.0274   564895  582.10%
   3963     5     2808.5260  7011      430.0000     2933.0274   566440  582.10%
   4000     7     2571.6455  6996      430.0000     2933.0274   568325  582.10%
   4044    26     2534.4643  6899      430.0000     2933.0274   579191  582.10%
   4087   117     2905.6888  6336      430.0000     2933.0274   627906  582.10%
   4115   144     1967.1053  6475      430.0000     2933.0274   646837  582.10%
   4154   164     1777.2870  6696      430.0000     2933.0274   663974  582.10%
   4206   219     1434.7830  5834      430.0000     2933.0274   694732  582.10%
   4274   273     1979.1001  6458      430.0000     2933.0274   723310  582.10%
   4385   330     1476.9864  6245      430.0000     2933.0274   743372  582.10%
Elapsed time = 142.55 sec. (70189.00 ticks, tree = 7.83 MB, solutions = 14)
   4504   384     2202.9650  6445      430.0000     2933.0274   754978  582.10%
   4604   586     2978.3955  6656      430.0000     2933.0274   789008  582.10%
   4637   606     2097.3794  5818      430.0000     2933.0274   791666  582.10%
   4673   657     1516.3750  4777      430.0000     2933.0274   800471  582.10%
   4745   687     2004.3137  5120      430.0000     2933.0274   805241  582.10%
   4839   799     1928.6966  3862      430.0000     2933.0274   822694  582.10%
   4939   595     2978.3500  6656      430.0000     2933.0274   790523  582.10%
   5018   951     1117.3750  3468      430.0000     2933.0274   848899  582.10%
   5109  1068     1755.2871  5104      430.0000     2933.0274   866047  582.10%
   5270  1101      871.3143  2795      430.0000     2933.0274   870756  582.10%
Elapsed time = 169.27 sec. (79832.28 ticks, tree = 124.26 MB, solutions = 14)
   5421  1122      882.7500  2070      430.0000     2933.0274   872755  582.10%
   5595  1472      670.9655   511      430.0000     2933.0274   919733  582.10%
   5809  1542     1329.2877  2789      430.0000     2933.0274   929626  582.10%
   5968  1558     1115.0448  2453      430.0000     2933.0274   932378  582.10%
   6161  1978     2653.2153  5311      430.0000     2933.0274   984581  582.10%
   6319  2163     2216.1803  5219      430.0000     2933.0274  1009648  582.10%
   6483  2367      911.4565  1201      430.0000     2933.0274  1035102  582.10%
   6600  2439      603.9375   702      430.0000     2933.0274  1050718  582.10%
   6763  2502      549.6786   556      430.0000     2933.0274  1061907  582.10%
   6900  2700     2430.5007  6333      430.0000     2933.0274  1087266  582.10%
Elapsed time = 193.70 sec. (89402.96 ticks, tree = 375.49 MB, solutions = 14)
   7021  2777      980.8276  1855      430.0000     2933.0274  1095731  582.10%
   7102  2906      960.4828  1894      430.0000     2933.0274  1110721  582.10%
   7216  2999      580.9091   759      430.0000     2933.0274  1121390  582.10%
   7368  3184     2693.7031  6442      430.0000     2933.0274  1146104  582.10%
   7460  3334     1565.2500  2540      430.0000     2933.0274  1168749  582.10%
   7580  3410     1212.4727  1527      430.0000     2933.0274  1180900  582.10%
   7718  3470     2158.2871  4939      430.0000     2933.0274  1196579  582.10%
   7886  3584     1289.6296  3459      430.0000     2933.0274  1214398  582.10%
   8020  3813     1955.5784  3442      430.0000     2933.0274  1248997  582.10%
   8226  3994     1103.1200  1293      430.0000     2933.0274  1276545  582.10%
Elapsed time = 220.19 sec. (99006.70 ticks, tree = 594.80 MB, solutions = 14)
   8473  3971     1667.8471  3625      430.0000     2933.0274  1274964  582.10%
   8731  4454      558.0417   392      430.0000     2933.0274  1324638  582.10%
   8826  4321     1616.7831  3449      430.0000     2933.0274  1318931  582.10%
   8894  4563      781.8125   542      430.0000     2933.0274  1334048  582.10%
   8900  4594     2491.4140  5496      430.0000     2933.0274  1342725  582.10%

Performing restart 2

Repeating presolve.
Tried aggregator 1 time.
Reduced MIP has 23251 rows, 7875 columns, and 54375 nonzeros.
Reduced MIP has 7875 binaries, 0 generals, 0 SOSs, and 0 indicators.
Presolve time = 0.08 sec. (104.83 ticks)
Tried aggregator 1 time.
Reduced MIP has 23251 rows, 7875 columns, and 54375 nonzeros.
Reduced MIP has 7875 binaries, 0 generals, 0 SOSs, and 0 indicators.
Presolve time = 0.08 sec. (114.18 ticks)
Represolve time = 0.53 sec. (307.02 ticks)
   8903     0     3282.2548  6925      430.0000      Fract: 2  1383736  582.10%
   8903     0     3273.3524  6908      430.0000      Fract: 4  1383876  582.10%
   8903     0     3271.0724  6901      430.0000      Fract: 1  1383960  582.10%
   8903     0     3268.9831  6897      430.0000      Fract: 1  1384068  582.10%
   8903     0     3267.0321  6888      430.0000      Fract: 1  1384183  582.10%
   8903     0     3264.8855  6882      430.0000      Fract: 1  1384320  582.10%
   8903     0     3262.3886  6870      430.0000      Fract: 1  1384476  582.10%
   8903     0     3260.3025  6867      430.0000      Fract: 1  1384625  582.10%
   8903     0     3258.5238  6863      430.0000      Fract: 1  1384723  582.10%
*  8903+    0                          432.0000     2933.0274           578.94%
*  8903+    0                          436.0000     2933.0274           572.71%
   8903     0        cutoff            436.0000     2933.0274  1384723  572.71%
   8903     0     3256.2403  6859      436.0000      Fract: 1  1384866  572.71%
   8903     2     3256.2403  6856      436.0000     2933.0274  1384866  572.71%
   8905     4     3222.0571  6657      436.0000     2933.0274  1386536  572.71%
   8908     4     3021.9371  6850      436.0000     2933.0274  1388025  572.71%
   8918    12     2976.2603  6610      436.0000     2933.0274  1396733  572.71%
   8924    14     2774.6748  6862      436.0000     2933.0274  1400012  572.71%
Elapsed time = 277.11 sec. (137464.44 ticks, tree = 0.02 MB, solutions = 16)
   8949    32     2746.6398  6673      436.0000     2933.0274  1434972  572.71%
   8994    57     2368.2750  5923      436.0000     2933.0274  1448461  572.71%
   9018   109     2893.3319  6214      436.0000     2933.0274  1461627  572.71%
   9043   127     2623.4729  6076      436.0000     2933.0274  1468942  572.71%
   9078   129     2573.9183  5863      436.0000     2933.0274  1470734  572.71%
   9121   197     2456.7080  4454      436.0000     2933.0274  1502238  572.71%
   9146   215     2295.3721  4644      436.0000     2933.0274  1507113  572.71%
   9161   229     2639.2507  5180      436.0000     2933.0274  1510735  572.71%
   9174   249     1923.9522  3880      436.0000     2933.0274  1517178  572.71%
   9326   331     1367.8548  1937      436.0000     2933.0274  1535598  572.71%
Elapsed time = 308.80 sec. (150328.45 ticks, tree = 11.30 MB, solutions = 16)
   9863   563      908.7297   705      436.0000     2933.0274  1582914  572.71%
  10445  1064     2616.6117  6061      436.0000     2933.0274  1639486  572.71%
  10770  1704     1589.4348  2288      436.0000     2933.0274  1750066  572.71%
  11377  2012     1722.4667  2681      436.0000     2933.0274  1801080  572.71%
  11912  2553     2697.1157  6442      436.0000     2933.0274  1880772  572.71%
  12261  3070     2358.3740  4910      436.0000     2914.2546  1977810  568.41%
  12811  3292     1240.0357  1523      436.0000     2908.2706  2016404  567.03%
  13228  3868      524.3750   337      436.0000     2894.2249  2094752  563.81%
  13619  4358      842.8378   660      436.0000     2888.9079  2180818  562.59%
  14147  4693     1455.9231  2035      436.0000     2874.9635  2235866  559.40%
Elapsed time = 407.80 sec. (188539.65 ticks, tree = 59.29 MB, solutions = 16)
  14571  5342     1874.7901  3127      436.0000     2866.6944  2340880  557.50%
  15210  5571     2173.0018  4201      436.0000     2854.5888  2381877  554.72%
  15749  6288     1837.0000  3046      436.0000     2847.1203  2474152  553.01%
  16585  6765      583.3333   413      436.0000     2831.8450  2534455  549.51%
  17099  7671     2037.6439  3702      436.0000     2831.5937  2637293  549.45%
  17865  7871     2057.3409  3702      436.0000     2811.0048  2666785  544.73%
  18447  8649     1693.1892  2617      436.0000     2798.2040  2760225  541.79%
  19148  9229     2050.3220  3702      436.0000     2788.5075  2836594  539.57%
  19812 10020      735.7647   593      436.0000     2780.9005  2932152  537.82%
  20249 10746     1517.5672  2158      436.0000     2768.8611  3025833  535.06%
Elapsed time = 509.06 sec. (226780.27 ticks, tree = 914.09 MB, solutions = 16)
  20702 10846     1068.8367  1185      436.0000     2765.4640  3045822  534.28%
  21234 11301     1086.1915  1049      436.0000     2765.4640  3108855  534.28%
  21682 11824      648.6250   558      436.0000     2765.4640  3169585  534.28%
  22135 12377     2483.8392  6588      436.0000     2765.4640  3241877  534.28%
  22432 12581      818.5263   729      436.0000     2765.4030  3272170  534.27%
  23022 12961      554.6154   385      436.0000     2755.2957  3334972  531.95%
  23486 13673     2219.4825  4285      436.0000     2755.2957  3419266  531.95%
  23994 13884     1460.8462  2027      436.0000     2755.2957  3447568  531.95%
  24471 14440     1531.4118  2218      436.0000     2747.2515  3526172  530.10%
  25084 14980     1361.0164  1796      436.0000     2736.9624  3591644  527.74%
Elapsed time = 609.62 sec. (264981.39 ticks, tree = 1465.03 MB, solutions = 16)
  25692 15306      751.7027   731      436.0000     2723.5412  3639296  524.67%
  26319 15912     1896.2683  3215      436.0000     2721.9088  3712844  524.29%
  26897 16398     2370.0599  4915      436.0000     2716.1554  3784397  522.97%
  27397 17235     2401.6737  5098      436.0000     2710.9978  3891979  521.79%
  28168 17759      522.1200   358      436.0000     2706.1614  3969519  520.68%
  28722 18099     1692.7882  3620      436.0000     2705.6922  4013712  520.57%
  29387 18655     2267.7001  5497      436.0000     2700.9469  4080887  519.48%
  29988 19370      627.7931   440      436.0000     2699.1239  4167537  519.07%
  30503 20076     2282.1667  4560      436.0000     2695.0326  4265738  518.13%
  31105 20354     1406.0794  1906      436.0000     2691.2155  4300904  517.25%
Elapsed time = 718.59 sec. (303183.32 ticks, tree = 2158.64 MB, solutions = 16)
Nodefile size = 99.12 MB (67.85 MB after compression)
  31753 21089     1821.8706  3539      436.0000     2689.6960  4411379  516.90%
  32623 21729      985.0000  1188      436.0000     2682.5853  4485745  515.27%
  33104 22624     1072.1020  1188      436.0000     2679.1913  4585688  514.49%
  33774 22804     2337.5156  5814      436.0000     2679.1088  4610702  514.47%
  34174 23742     1049.0600  1281      436.0000     2676.6681  4744719  513.91%
  34877 24074     1408.5970  2217      436.0000     2674.1465  4792884  513.34%
  35383 24530     1265.0000  1854      436.0000     2673.8631  4854873  513.27%
  36241 24900      509.6667   355      436.0000     2667.6646  4904295  511.85%
  37005 25467      758.7297   731      436.0000     2658.2718  4969354  509.70%
  37764 26943     2300.8275  5616      436.0000     2657.6874  5132539  509.56%
Elapsed time = 839.74 sec. (341397.63 ticks, tree = 3235.93 MB, solutions = 16)
Nodefile size = 1180.92 MB (826.04 MB after compression)
  38482 27664        cutoff            436.0000     2656.5412  5218529  509.30%
  38965 28075     2363.2899  5960      436.0000     2655.7080  5273099  509.11%
  39392 28426     1275.2459  1856      436.0000     2654.5295  5330667  508.84%
  40194 29004     2074.2294  4560      436.0000     2653.6889  5418253  508.64%
  40812 29107     1795.5536  3458      436.0000     2651.5326  5432177  508.15%
  41459 30430     2326.1530  4723      436.0000     2647.7008  5586545  507.27%
  42228 30385     1491.6056  2487      436.0000     2646.4455  5583468  506.98%
  42944 31767     1419.2687  2224      436.0000     2642.5600  5753898  506.09%
  43604 32506     2181.9421  5028      436.0000     2636.8722  5842168  504.79%
  44141 32568      824.4500   844      436.0000     2636.4537  5849958  504.69%
Elapsed time = 958.03 sec. (379612.71 ticks, tree = 4051.45 MB, solutions = 16)
Nodefile size = 1994.78 MB (1398.85 MB after compression)
  44663 33163        cutoff            436.0000     2633.9976  5932943  504.13%
  45236 34042      512.8400   356      436.0000     2633.9976  6055659  504.13%
  45980 34156     2150.1139  4916      436.0000     2632.4895  6077026  503.78%
  46672 35029      879.5349   966      436.0000     2630.0846  6181039  503.23%
  47356 35409      462.0000   302      436.0000     2629.1650  6225757  503.02%
  48119 36377     1911.2709  3869      436.0000     2624.9645  6346055  502.06%
  48830 37036      894.9318  1009      436.0000     2623.7321  6423383  501.77%
  49665 37542      590.4444   383      436.0000     2623.7321  6483258  501.77%
  50285 38042      505.2500   331      436.0000     2615.5032  6542106  499.89%
  50817 39274     1680.9231  2996      436.0000     2613.9127  6694622  499.52%
Elapsed time = 1075.80 sec. (417803.26 ticks, tree = 4989.99 MB, solutions = 16)
Nodefile size = 2930.92 MB (2055.55 MB after compression)
  51545 39623     2036.6433  4376      436.0000     2613.3512  6746558  499.39%
  52199 40410      825.0500   844      436.0000     2612.0828  6838473  499.10%
  52851 40254     1423.5441  2283      436.0000     2609.9526  6822267  498.61%
  53668 41893     2073.1916  4556      436.0000     2608.8575  7020613  498.36%
  54412 41597     1102.7547  1427      436.0000     2607.8462  6983450  498.13%
  55100 42187     2215.0750  5200      436.0000     2605.3611  7054745  497.56%
  55688 43660     1773.5964  3366      436.0000     2604.1295  7231910  497.28%
  56208 44426     2181.8137  5020      436.0000     2600.8118  7331868  496.52%
  56701 44684     1884.4659  3780      436.0000     2599.5530  7369572  496.23%
  57336 44865     2145.8628  4931      436.0000     2599.5530  7393557  496.23%
Elapsed time = 1206.17 sec. (456007.31 ticks, tree = 5749.91 MB, solutions = 16)
Nodefile size = 3673.81 MB (2579.11 MB after compression)
  57939 45088     2209.5556  5124      436.0000     2599.5530  7420194  496.23%
  58626 46071      736.4412   626      436.0000     2598.1493  7539351  495.91%
  59336 46848     1727.8889  3221      436.0000     2598.1493  7630835  495.91%
  60018 47510     1542.4706  2217      436.0000     2598.1493  7700461  495.91%
  60766 48357      538.3077   407      436.0000     2598.1493  7794165  495.91%
  61392 48604      957.4348  1094      436.0000     2590.8530  7825433  494.23%
  62076 49568     2095.5153  4650      436.0000     2590.8530  7938066  494.23%
  62753 49917     1783.0723  3376      436.0000     2589.4358  7982918  493.91%
  63306 49778     2379.2142  4993      436.0000     2585.9000  7964273  493.10%
  64012 51455     1617.6184  2843      436.0000     2585.9000  8170111  493.10%
Elapsed time = 1324.74 sec. (494190.59 ticks, tree = 6760.50 MB, solutions = 16)
Nodefile size = 4694.86 MB (3300.02 MB after compression)
  64790 52245      992.7755  1232      436.0000     2584.1843  8272907  492.70%
  65458 52303     1686.6962  3064      436.0000     2580.5536  8279758  491.87%
  66047 52569     1761.5000  3299      436.0000     2580.5536  8312706  491.87%
  66722 53697     1095.7358  1426      436.0000     2580.5536  8439099  491.87%
  67298 53759     1718.0750  3140      436.0000     2580.5536  8446016  491.87%
  67827 54564     1940.4917  3946      436.0000     2580.5536  8544967  491.87%
  68488 55461      730.7500   693      436.0000     2579.1533  8645277  491.55%
  69064 56202     2268.5796  5479      436.0000     2575.5707  8729369  490.73%
  69701 56363     1343.6563  2039      436.0000     2573.4409  8749226  490.24%
  70358 56911     1586.1429  2350      436.0000     2570.5090  8821149  489.57%
Elapsed time = 1448.67 sec. (532401.88 ticks, tree = 7647.34 MB, solutions = 16)
Nodefile size = 5582.92 MB (3926.80 MB after compression)
  71145 57927        cutoff            436.0000     2567.7604  8951623  488.94%
  71853 58663     1156.0385  1323      436.0000     2567.1531  9045921  488.80%
  72619 58620     1434.4412  2290      436.0000     2565.2317  9038705  488.36%
  73481 59546        cutoff            436.0000     2564.7483  9147592  488.25%
  74251 60786      631.2000  1318      436.0000     2561.9531  9288077  487.60%
  74990 61065     1837.6831  3620      436.0000     2560.4752  9323244  487.26%
  75764 61638     2021.5266  4286      436.0000     2559.6754  9389485  487.08%
  76392 63433     1847.1977  3628      436.0000     2556.5112  9594338  486.36%
  77104 63948     1324.8333  1742      436.0000     2555.2396  9652444  486.06%
  77820 63765     1981.8361  4116      436.0000     2553.9395  9633078  485.77%
Elapsed time = 1578.97 sec. (570583.78 ticks, tree = 8607.10 MB, solutions = 16)
Nodefile size = 6542.62 MB (4602.36 MB after compression)
  78359 65037     1409.7910  2223      436.0000     2552.8287  9791011  485.51%
  79264 65593     2197.6893  5131      436.0000     2550.7753  9864811  485.04%
  80021 66003     1149.1636  1528      436.0000     2550.4824  9914941  484.97%
Starting limited solution polishing.
  80739 67424      449.7727   282      436.0000     2548.7659 10068169  484.58%
  81168 68019     1360.1094  2039      436.0000     2548.2662 10142792  484.46%
  81548 68598     2048.8144  3700      436.0000     2548.2662 10202942  484.46%
  82046 68254     2077.9270  4556      436.0000     2548.1366 10168568  484.43%
  82304 69110     1066.7059  1324      436.0000     2548.1366 10261507  484.43%
  82706 69541     2285.1597  5521      436.0000     2548.1366 10310453  484.43%
  83195 69608      831.1750   846      436.0000     2548.1366 10318142  484.43%
Elapsed time = 1709.56 sec. (608811.80 ticks, tree = 9430.14 MB, solutions = 16)
Nodefile size = 7350.66 MB (5169.71 MB after compression)
  83665 70328     2156.5380  4929      436.0000     2548.0359 10396836  484.41%
  84211 70224      530.1200   356      436.0000     2548.0359 10387168  484.41%
  84558 71304     1164.9643  1584      436.0000     2544.4029 10511442  483.58%
  84963 71726     1105.5000  1476      436.0000     2543.9572 10564261  483.48%
  85325 71959      808.6190   969      436.0000     2543.9572 10592194  483.48%
  85695 72012     1600.6000  2771      436.0000     2543.9572 10599151  483.48%
  86154 72516     1240.8814  1747      436.0000     2543.9572 10656786  483.48%
  86381 70951     1384.0923  2102      436.0000     2543.9572 10466328  483.48%

Gomory fractional cuts applied:  41

Root node processing (before b&c):
  Real time             =    7.59 sec. (5630.55 ticks)
Parallel b&c, 12 threads:
  Real time             = 1801.83 sec. (635583.79 ticks)
  Sync time (average)   =  520.23 sec.
  Wait time (average)   =    0.04 sec.
                          ------------
Total (root+branch&cut) = 1809.42 sec. (641214.34 ticks)

Solution pool: 16 solutions saved.

MIP - Time limit exceeded, integer feasible:  Objective =  4.3600000000e+02
Current MIP best bound =  2.5404206512e+03 (gap = 2104.42, 482.67%)
Solution time = 1809.42 sec.  Iterations = 10796024  Nodes = 86382 (73724)
Deterministic time = 641214.36 ticks  (354.38 ticks/sec)

MILP problem relaxed to LP with fixed integer variables using
incumbent solution.
Version identifier: 22.2.0.0 | 2026-05-04 | 5dff98e58
CPXPARAM_TimeLimit                               1800
Parallel mode: deterministic, using up to 12 threads for concurrent optimization:
 * Starting dual Simplex on 1 thread...
 * Starting Barrier on 10 threads...
 * Starting primal Simplex on 1 thread...
Tried aggregator 1 time.
LP Presolve eliminated 23251 rows and 7875 columns.
All rows and columns eliminated.
Presolve time = 0.06 sec. (7.15 ticks)

Dual simplex solved model.


Dual simplex - Optimal:  Objective =  4.3600000000e+02
Solution time =    0.22 sec.  Iterations = 0 (0)
Deterministic time = 14.77 ticks  (67.77 ticks/sec)


Solution written to file 'C:\Users\rodri\AppData\Local\Temp\2b0dbf6108904b309345e7e4b576d466-pulp.sol'.
