
Log started (V22.2.0.0) Sun Jun 21 02:38:00 2026

Version identifier: 22.2.0.0 | 2026-05-04 | 5dff98e58
CPXPARAM_TimeLimit                               1800
Tried aggregator 1 time.
Reduced MIP has 33526 rows, 11325 columns, and 78375 nonzeros.
Reduced MIP has 150 binaries, 0 generals, 0 SOSs, and 0 indicators.
Presolve time = 0.03 sec. (46.82 ticks)
Found incumbent of value 521.000000 after 0.05 sec. (68.24 ticks)
Probing time = 0.02 sec. (5.85 ticks)
Tried aggregator 1 time.
Detecting symmetries...
Reduced MIP has 33526 rows, 11325 columns, and 78375 nonzeros.
Reduced MIP has 11325 binaries, 0 generals, 0 SOSs, and 0 indicators.
Presolve time = 0.11 sec. (181.84 ticks)
Probing time = 0.02 sec. (5.85 ticks)
Clique table members: 22350.
MIP emphasis: balance optimality and feasibility.
MIP search method: dynamic search.
Parallel mode: deterministic, using up to 12 threads.
Root relaxation solution time = 1.17 sec. (951.16 ticks)

        Nodes                                         Cuts/
   Node  Left     Objective  IInf  Best Integer    Best Bound    ItCnt     Gap

*     0+    0                          521.0000    50465.0000              --- 
*     0+    0                          528.0000    50465.0000              --- 
*     0+    0                          554.0000    50465.0000              --- 
*     0+    0                          562.0000    50465.0000              --- 
      0     0     5046.5000 10212      562.0000     5046.5000        6  797.95%
*     0+    0                          654.0000     5046.5000           671.64%
      0     0     5041.2200 10833      654.0000     Cuts: 631      692  670.83%
      0     0     5037.2133 10670      654.0000     Cuts: 221     1036  670.22%
      0     0     5036.2182 10681      654.0000 ZeroHalf: 306     1300  670.06%
      0     0     5035.6879 11077      654.0000 ZeroHalf: 319     1578  669.98%
      0     0     5034.8218 11001      654.0000 ZeroHalf: 108     1710  669.85%
Detecting symmetries...
      0     0     5034.5218 11008      654.0000  ZeroHalf: 95     1799  669.80%
*     0+    0                          672.0000     5034.5218           649.18%
      0     0        cutoff            672.0000     5034.5218     1799  649.18%
      0     0     5033.6252 11171      672.0000 ZeroHalf: 175     1980  649.05%
      0     0     5032.7472 11178      672.0000  ZeroHalf: 70     2184  632.33%
Detecting symmetries...
      0     2     5032.7472 11163      672.0000     4921.2329     2184  632.33%
Elapsed time = 28.50 sec. (24142.90 ticks, tree = 0.02 MB, solutions = 6)
      1     3     5007.4939 11043      672.0000     4921.2329     2530  632.33%
      3     4     4706.3080 11050      672.0000     4921.2329     3161  632.33%
      5     5     4710.3378 11067      672.0000     4921.2329     4971  632.33%
      6     6     4676.4667 10636      672.0000     4921.2329     5576  632.33%
     10     8     4677.5238 10926      672.0000     4921.2329     7156  632.33%
     12     9     4648.9205 10487      672.0000     4921.2329     9083  632.33%
     16     8     4407.2857 11073      672.0000     4921.2329     8241  632.33%
     19    12     4909.3382 10580      672.0000     4921.2329    17848  632.33%
     23    16     4341.3517 10609      672.0000     4921.2329    23561  632.33%
     36    11     4126.0204 11220      672.0000     4921.2329    16414  632.33%
Elapsed time = 39.20 sec. (28830.09 ticks, tree = 0.02 MB, solutions = 6)
     45    24     4549.3212 10193      672.0000     4909.2667    31846  630.55%
     62    44     4138.9493  9834      672.0000     4907.7800    54943  630.32%
     78    53     4257.2887 10391      672.0000     4907.7800    67328  630.32%
     96    82     4061.5333  9355      672.0000     4907.7800    84781  630.32%
    111    99     4483.3560 10067      672.0000     4907.7800    97323  630.32%
    118   100     4453.6400  9935      672.0000     4907.7800    98423  630.32%
    124   118     3942.7405  8850      672.0000     4907.7800   107640  630.32%
    130   121     3879.8760  8599      672.0000     4907.7800   110381  630.32%
    135   126     4325.3618  9397      672.0000     4907.7800   117495  630.32%
    140   129     3787.9762  8230      672.0000     4907.7800   119278  630.32%
Elapsed time = 73.69 sec. (39772.29 ticks, tree = 7.20 MB, solutions = 6)
    148   143     4079.7059  9496      672.0000     4907.7800   127784  630.32%
    157   141     3959.9545  8923      672.0000     4907.7800   128462  630.32%
    171   150     3891.4000  8671      672.0000     4907.7800   134479  630.32%
    188   152     3838.0703  8415      672.0000     4907.7800   135424  630.32%
    204   186     4169.3282  8760      672.0000     4907.7800   154048  630.32%
    234   198     3542.5546  7348      672.0000     4907.7800   157463  630.32%
    267   240     3366.6549  6543      672.0000     4907.7800   174764  630.32%
    304   246     3185.1215  5920      672.0000     4907.7800   175987  630.32%
    344   275     3436.2087  6853      672.0000     4907.7800   189482  630.32%
    385   316     2834.9579  4717      672.0000     4907.7800   200199  630.32%
Elapsed time = 102.05 sec. (49814.74 ticks, tree = 9.58 MB, solutions = 6)
    433   321     2687.5333  4252      672.0000     4907.7800   201477  630.32%
    483   433     2371.4304  3264      672.0000     4907.7800   234813  630.32%
    531   445     2009.9552  2374      672.0000     4907.7800   236189  630.32%
    582   464     1925.4516  1999      672.0000     4907.7800   239923  630.32%
    643   476     2556.2250  3249      672.0000     4907.7800   245194  630.32%
    727   539      958.2000   538      672.0000     4907.7800   253528  630.32%
    797   535     2358.0000  2992      672.0000     4907.7800   257092  630.32%
    861   682     2142.6761  2502      672.0000     4907.7800   287633  630.32%
    931   644     2767.9032  4537      672.0000     4907.7800   279985  630.32%
   1028   841     2770.4565  4440      672.0000     4907.7800   316628  630.32%
Elapsed time = 131.23 sec. (59458.44 ticks, tree = 17.10 MB, solutions = 6)
   1137   711     2835.8621  3762      672.0000     4907.7800   294508  630.32%
   1249   869     2144.5556  2739      672.0000     4907.7800   322430  630.32%
   1368  1165     1030.3871   522      672.0000     4907.7800   368474  630.32%
   1506  1189      711.7895   266      672.0000     4907.7800   370115  630.32%
   1600  1259      776.0000   351      672.0000     4907.7800   379907  630.32%
   1673  1234      885.6667   431      672.0000     4907.7800   376650  630.32%
   1730  1494     3636.3478  6650      672.0000     4907.7800   414905  630.32%
   1770  1538     4080.8372  8347      672.0000     4907.7800   421404  630.32%
   1798  1489     4118.4769  8465      672.0000     4907.7800   413222  630.32%
   1829  1546     3819.3388  7403      672.0000     4871.5105   423756  624.93%
Elapsed time = 158.88 sec. (69098.60 ticks, tree = 27.66 MB, solutions = 6)
   1863  1567     4078.2326  8342      672.0000     4841.0085   427890  620.39%
   1894  1766     3879.3000  8628      672.0000     4841.0085   476206  620.39%
   1933  1794     3637.6475  7632      672.0000     4841.0085   487167  620.39%
   1977  1777     4186.0000  8712      672.0000     4841.0085   481075  620.39%
   2023  1838     3335.8393  6483      672.0000     4841.0085   502482  620.39%
   2063  1843     3174.3178  5909      672.0000     4841.0085   503667  620.39%
   2113  1930     3234.4078  5408      672.0000     4841.0085   527526  620.39%
   2173  1993     2023.7538  2098      672.0000     4841.0085   539747  620.39%
   2250  1940     2908.5376  4429      672.0000     4841.0085   529846  620.39%
   2316  2060     3083.3750  5604      672.0000     4841.0085   552887  620.39%
Elapsed time = 187.88 sec. (78780.58 ticks, tree = 35.25 MB, solutions = 6)
   2390  2135     2460.6329  3162      672.0000     4617.6453   573641  587.15%
   2489  2117     3055.2039  5507      672.0000     4617.6453   570406  587.15%
   2565  2121     2299.9730  2796      672.0000     4617.6453   568526  587.15%
   2649  2426     1315.3333   869      672.0000     4617.6453   622606  587.15%
   2758  2400     1459.5000  1118      672.0000     4616.8152   619300  587.03%
   2891  2356     1365.6304  1079      672.0000     4616.8152   608204  587.03%
   3018  2632     1015.4118   610      672.0000     4616.8152   659366  587.03%
   3149  2536     4022.6045  9122      672.0000     4616.8152   644204  587.03%
   3230  2826      776.3200   376      672.0000     4616.8152   682179  587.03%
   3287  2728     1337.3182   945      672.0000     4614.7642   672790  586.72%
Elapsed time = 215.94 sec. (88384.46 ticks, tree = 46.28 MB, solutions = 6)
   3326  2987     3441.5818  6105      672.0000     4614.7642   713229  586.72%
   3375  3091      799.5000   372      672.0000     4614.7642   725276  586.72%
   3420  2997     3126.6200  5098      672.0000     4614.7642   715621  586.72%
   3455  3136     3797.2205  8234      672.0000     4614.7642   738755  586.72%
   3498  3224     3986.7778  7985      672.0000     4614.7642   759508  586.72%
   3545  3258     2338.7467  2863      672.0000     4614.7642   764605  586.72%
   3599  3421     2797.8222  4152      672.0000     4614.7642   813373  586.72%
   3662  3373     3645.5328  7642      672.0000     4614.7642   806619  586.72%
   3725  3452     2861.3918  4903      672.0000     4614.7642   822577  586.72%
   3799  3439     2219.7778  2640      672.0000     4614.7642   815855  586.72%
Elapsed time = 243.61 sec. (98046.68 ticks, tree = 56.97 MB, solutions = 6)
   3842  3483     2993.9802  5306      672.0000     4614.7642   834652  586.72%
   3880  3515     1882.7460  2038      672.0000     4571.4707   838320  580.28%
   3908  3544     3086.3636  4999      672.0000     4571.4707   851364  580.28%

Performing restart 1

Repeating presolve.
Tried aggregator 1 time.
Reduced MIP has 33526 rows, 11325 columns, and 78375 nonzeros.
Reduced MIP has 11325 binaries, 0 generals, 0 SOSs, and 0 indicators.
Presolve time = 0.14 sec. (169.97 ticks)
Tried aggregator 1 time.
Reduced MIP has 33526 rows, 11325 columns, and 78375 nonzeros.
Reduced MIP has 11325 binaries, 0 generals, 0 SOSs, and 0 indicators.
Presolve time = 0.12 sec. (183.44 ticks)
Represolve time = 0.38 sec. (482.08 ticks)
   3910     0     5029.4187 10888      672.0000     Cuts: 122   920946  580.28%
   3910     0     5023.2558 10621      672.0000     Cuts: 339   921590  580.28%
   3910     0     5020.9854 10756      672.0000     Cuts: 532   922171  580.28%
   3910     0     5017.0143 10953      672.0000     Cuts: 376   922805  580.28%
   3910     0     5014.3700 10912      672.0000     Cuts: 238   923335  580.28%
   3910     0     5011.2756 10939      672.0000     Cuts: 217   923720  580.28%
   3910     0     5010.2743 10838      672.0000     Cuts: 219   924061  580.28%
   3910     0     5009.2100 10615      672.0000     Cuts: 361   924365  580.28%
   3910     0     5007.8778 10788      672.0000     Cuts: 410   924994  580.28%
   3910     2     5007.8778 10767      672.0000     4571.4707   924994  580.28%
   3911     3     4978.1935 10597      672.0000     4571.4707   927986  580.28%
   3912     3     4709.5109 10831      672.0000     4571.4707   929449  580.28%
   3922     5     4685.6722 10668      672.0000     4571.4707   933644  580.28%
   3931    15     4656.3460 10520      672.0000     4571.4707   936304  580.28%
   3935    12     4334.6916 10413      672.0000     4571.4707   936815  580.28%
   3959    29     4347.6829 10460      672.0000     4571.4707   953873  580.28%
Elapsed time = 329.47 sec. (157593.10 ticks, tree = 0.36 MB, solutions = 6)
   3982    41     4338.7641 10105      672.0000     4571.4707   973781  580.28%
   4018    63     4343.5971 10382      672.0000     4571.4707   986889  580.28%
   4059   100     4351.2324 10453      672.0000     4571.4707  1000774  580.28%
   4117   161     4354.3997 10471      672.0000     4571.4707  1020944  580.28%
   4164   177     3629.3159  9344      672.0000     4571.4707  1023402  580.28%
   4208   201     3961.1277 10024      672.0000     4571.4707  1028363  580.28%
   4248   292     3635.0288  9660      672.0000     4571.4707  1051334  580.28%
   4293   353     4383.1585 10609      672.0000     4571.4707  1070526  580.28%
   4324   373     3188.4423  8451      672.0000     4571.4707  1076455  580.28%
   4391   457     2359.8333  8325      672.0000     4571.4707  1102809  580.28%
Elapsed time = 366.50 sec. (170316.26 ticks, tree = 69.25 MB, solutions = 6)
   4434   499     3146.8475  6873      672.0000     4571.4707  1110899  580.28%
   4539   584     2643.2155  6882      672.0000     4571.4707  1129810  580.28%
   4727   659     2265.6854  4080      672.0000     4571.4707  1144961  580.28%
   4949   944     1777.8254  2075      672.0000     4571.4707  1207548  580.28%
   5229  1191     1225.5854   941      672.0000     4571.4707  1263735  580.28%
   5589  1476     3712.1835  8788      672.0000     4571.4707  1327251  580.28%
   5846  1581     2167.0000  3837      672.0000     4571.4707  1352373  580.28%
   6142  1889     1979.1667  5645      672.0000     4571.4707  1417756  580.28%
   6492  2369      685.1818   388      672.0000     4571.4707  1511415  580.28%
   6766  2730     1612.1290  2085      672.0000     4571.4707  1571863  580.28%
Elapsed time = 483.67 sec. (208564.23 ticks, tree = 670.09 MB, solutions = 6)
   7126  3008      766.7600   441      672.0000     4571.4707  1623340  580.28%
   7445  3352     1311.3750  1303      672.0000     4571.4707  1681455  580.28%
   7680  3634     1116.2698  2443      672.0000     4571.4707  1738344  580.28%
   8021  3744     4236.1682  9694      672.0000     4571.4707  1774056  580.28%
   8234  4174     2128.7143  3028      672.0000     4571.4707  1859858  580.28%
   8503  4407     1183.5897   858      672.0000     4571.4707  1914755  580.28%
   8738  4583      832.5172  2234      672.0000     4571.4707  1965404  580.28%

Performing restart 2

Repeating presolve.
Tried aggregator 1 time.
Reduced MIP has 33526 rows, 11325 columns, and 78375 nonzeros.
Reduced MIP has 11325 binaries, 0 generals, 0 SOSs, and 0 indicators.
Presolve time = 0.09 sec. (169.97 ticks)
Tried aggregator 1 time.
Reduced MIP has 33526 rows, 11325 columns, and 78375 nonzeros.
Reduced MIP has 11325 binaries, 0 generals, 0 SOSs, and 0 indicators.
Presolve time = 0.11 sec. (183.44 ticks)
Represolve time = 0.72 sec. (489.11 ticks)
   8797     0     5005.1594 10673      672.0000     Cuts: 343  2031526  580.28%
   8797     0     5002.2928 10716      672.0000     Cuts: 484  2032318  580.28%
   8797     0     4999.6914 10684      672.0000     Cuts: 515  2033007  580.28%
   8797     0     4998.3215 10775      672.0000     Cuts: 305  2033537  580.28%
   8797     0     4996.2383 10808      672.0000     Cuts: 362  2034155  580.28%
   8797     0     4993.7303 10800      672.0000     Cuts: 293  2034822  580.28%
   8797     0     4992.2562 10763      672.0000     Cuts: 288  2035365  580.28%
   8797     0     4990.1957 10738      672.0000     Cuts: 453  2036076  580.28%
   8797     0     4989.2591 10811      672.0000     Cuts: 327  2036624  580.28%
   8797     0     4986.7270 10775      672.0000     Cuts: 308  2037236  580.28%
   8797     0     4986.4008 10815      672.0000 ZeroHalf: 361  2037605  580.28%
   8797     0     4986.0452 10939      672.0000 ZeroHalf: 352  2037983  580.28%
   8797     2     4986.0452 10909      672.0000     4571.4707  2037983  580.28%
   8799     3     4698.2131 10796      672.0000     4571.4707  2043145  580.28%
   8806     6     4891.7477 10390      672.0000     4571.4707  2050839  580.28%
Elapsed time = 668.80 sec. (313228.23 ticks, tree = 0.02 MB, solutions = 6)
   8818    12     4615.6301 10491      672.0000     4571.4707  2066591  580.28%
   8835    29     4336.2764 10560      672.0000     4571.4707  2129817  580.28%
   8854    37     4518.0274 10083      672.0000     4571.4707  2153332  580.28%
   8895    73     4422.0279  9631      672.0000     4571.4707  2224695  580.28%
   8919    93     4306.4168  9106      672.0000     4571.4707  2245757  580.28%
   8925   112     4204.5078  8654      672.0000     4571.4707  2262804  580.28%
   8932   119     3681.0032  8661      672.0000     4571.4707  2270197  580.28%
   8967   149     4099.0409  9384      672.0000     4571.4707  2285915  580.28%
   9044   158     3834.5620  8187      672.0000     4571.4707  2289831  580.28%
   9170   277     2784.6316  4728      672.0000     4571.4707  2335710  580.28%
Elapsed time = 789.53 sec. (353022.27 ticks, tree = 44.30 MB, solutions = 6)
   9460   363     2422.5500  3204      672.0000     4571.4707  2357627  580.28%
   9972   661     1559.3200  1201      672.0000     4571.4707  2400952  580.28%
  10073  1198     4139.4680  9649      672.0000     4571.4707  2457763  580.28%
  10137  1218     3879.9694  8420      672.0000     4571.4707  2470745  580.28%
  10242  1344     3721.4941  6877      672.0000     4571.4707  2528940  580.28%
  10407  1371     3352.4219  6277      672.0000     4571.4707  2538383  580.28%
  10774  1608     3045.3306  4446      672.0000     4571.4707  2606674  580.28%
  11286  1884      842.7778   420      672.0000     4571.4707  2652245  580.28%
  11578  1949     4134.0227  9625      672.0000     4571.4707  2663404  580.28%
  11724  2473     3674.5565  7584      672.0000     4571.4707  2733489  580.28%
Elapsed time = 904.12 sec. (391484.42 ticks, tree = 339.28 MB, solutions = 6)
  11839  2827     3725.4514  7786      672.0000     4571.4707  2806884  580.28%
  12060  3022     2828.2582  4361      672.0000     4571.4707  2877484  580.28%
  12400  2978     4332.9612  9220      672.0000     4571.4707  2855424  580.28%
  12668  3461     3037.4556  4441      672.0000     4571.4707  2964893  580.28%
  12862  3755     3032.7825  5018      672.0000     4571.4707  3021178  580.28%
  13085  3898     3404.1140  6493      672.0000     4571.4707  3049163  580.28%
  13356  4101      920.3226   437      672.0000     4571.4707  3098972  580.28%
  13689  4363     2747.3810  4066      672.0000     4571.4707  3160567  580.28%
  14013  4876     2146.2609  2273      672.0000     4571.4707  3252262  580.28%
  14242  4957     3550.0381  7065      672.0000     4571.4707  3266609  580.28%
Elapsed time = 1016.08 sec. (429855.75 ticks, tree = 385.76 MB, solutions = 6)
  14494  5198     3079.0699  5217      672.0000     4571.4707  3315582  580.28%
  14735  5484     1833.1613  1895      672.0000     4571.4707  3369095  580.28%
  15010  5740     2784.0717  4255      672.0000     4571.4707  3429501  580.28%
  15343  6182        cutoff            672.0000     4571.4707  3505688  580.28%
  15618  6390     3718.6740  7815      672.0000     4464.5030  3551276  564.36%
  15800  6591     1533.7500  1340      672.0000     4447.6675  3587821  561.86%
  16072  6809     1676.6429  1561      672.0000     4435.5735  3640086  560.06%
  16283  7032     1796.7049  1844      672.0000     4435.5735  3687520  560.06%
  16534  7259     1690.3333  1615      672.0000     4425.6364  3734614  558.58%
  16905  7663     3671.5558  7604      672.0000     4425.6364  3820996  558.58%
Elapsed time = 1127.52 sec. (468105.07 ticks, tree = 427.82 MB, solutions = 6)
  17185  7960     2130.1146  2476      672.0000     4425.2465  3868512  558.52%
  17541  8229     4032.6430  9097      672.0000     4421.7852  3920827  558.00%
  17782  8417     1179.8500   774      672.0000     4403.9130  3949455  555.34%
  17988  8701     3539.8824  7094      672.0000     4396.9680  4013373  554.31%
  18275  8719     3000.3474  5036      672.0000     4396.3674  4017671  554.22%
  18595  9266     3356.0885  6411      672.0000     4395.0129  4136944  554.02%
  18862  9286     2753.1720  4265      672.0000     4390.4677  4141308  553.34%
  19149  9653     1395.7500  1150      672.0000     4384.7209  4196396  552.49%
  19459  9956      994.4706   596      672.0000     4384.7209  4255807  552.49%
  19584 10179     3447.7687  6723      672.0000     4384.7209  4299258  552.49%
Elapsed time = 1237.28 sec. (506360.40 ticks, tree = 470.54 MB, solutions = 6)
  19804 10381     2964.4980  4924      672.0000     4384.7209  4347169  552.49%
  19975 10632     2003.1324  2276      672.0000     4367.7205  4396213  549.96%
  20176 10704     2862.1134  4642      672.0000     4367.7205  4412563  549.96%
  20408 10903     3575.8605  7210      672.0000     4367.7205  4452499  549.96%
  20602 10847     3537.7473  6275      672.0000     4366.2552  4448723  549.74%
  20813 11371     3405.0710  6621      672.0000     4366.2552  4536002  549.74%
  21061 11494      883.6667   478      672.0000     4363.5648  4558390  549.34%
  21377 11675     1337.5106  1149      672.0000     4363.5648  4592044  549.34%
  21610 12003     3723.1500  7770      672.0000     4363.5648  4658107  549.34%
  21747 12080     1349.3830  1101      672.0000     4353.1073  4670497  547.78%
Elapsed time = 1340.44 sec. (544728.84 ticks, tree = 501.07 MB, solutions = 6)
  21919 12400     2614.3758  3827      672.0000     4348.1623  4732289  547.05%
  22262 12576     3404.0644  6631      672.0000     4348.1623  4786331  547.05%
  22472 12858     3929.4260  9955      672.0000     4337.8454  4837966  545.51%
  22702 12991      897.4000   507      672.0000     4335.4287  4861503  545.15%
  22920 13164     1666.0526  1602      672.0000     4335.4287  4893268  545.15%
  23183 13679     2284.0753  2909      672.0000     4332.9102  4998744  544.78%
  23511 13804     2621.7114  3781      672.0000     4327.4261  5036425  543.96%
  23891 13819     1895.6000  2076      672.0000     4325.9939  5035246  543.75%
  24103 14078     3810.4169  9374      672.0000     4324.9986  5091900  543.60%
  24270 14464     3613.9005  8438      672.0000     4320.4928  5144078  542.93%
Elapsed time = 1452.98 sec. (583012.46 ticks, tree = 533.07 MB, solutions = 6)
  24429 14807     2389.1515  2834      672.0000     4319.2105  5212325  542.74%
  24726 14966     2498.1676  4004      672.0000     4313.9542  5257673  541.96%
  25106 15314      858.8276   474      672.0000     4313.9542  5325647  541.96%
  25385 15735     1302.8000  1011      672.0000     4308.8170  5389513  541.19%
  25649 16018     3409.9243  7545      672.0000     4308.8170  5446657  541.19%
  25855 16033     2972.5103  5824      672.0000     4307.7911  5450967  541.04%
  26096 16415     2236.1876  2751      672.0000     4299.8258  5527318  539.86%
  26445 16497      893.8000   507      672.0000     4298.4118  5540213  539.64%
  26662 16712     3873.4496  8406      672.0000     4297.5296  5582344  539.51%
  26878 17355     2623.5682  3810      672.0000     4296.6711  5703320  539.39%
Elapsed time = 1564.69 sec. (621259.36 ticks, tree = 577.99 MB, solutions = 6)
  27219 17470     3012.3585  5914      672.0000     4293.4812  5730974  538.91%
  27446 17449     3405.7420  6606      672.0000     4293.4812  5726423  538.91%
  27723 17594     2089.8732  2474      672.0000     4291.2357  5771002  538.58%
  27903 18195     3873.0239  9670      672.0000     4291.1860  5870016  538.57%
  28138 18143     2988.0535  5046      672.0000     4291.1860  5865153  538.57%
Starting limited solution polishing.
  28328 18411     1486.0377  1439      672.0000     4275.8753  5913135  536.29%
  28506 18537     2190.2718  3064      672.0000     4275.8753  5949550  536.29%
  28648 18897     1239.1818  1013      672.0000     4275.8753  6032218  536.29%
  28833 18931     3036.4220  5239      672.0000     4275.8753  6052227  536.29%
  28944 18965     2025.0319  2344      672.0000     4275.7058  6057106  536.27%
Elapsed time = 1672.27 sec. (659544.66 ticks, tree = 599.30 MB, solutions = 6)
  29133 19319        cutoff            672.0000     4275.7058  6112212  536.27%
  29172 19310     3722.1187  8953      672.0000     4275.7058  6115080  536.27%
  29284 19552      847.4828   477      672.0000     4275.5427  6154375  536.24%
  29429 19517     1026.0000   698      672.0000     4275.5037  6147587  536.24%
  29588 19632     1863.2348  2277      672.0000     4275.5037  6172611  536.24%
  29953 19853     3150.2329  6501      672.0000     4275.5037  6233760  536.24%
  30191 19851      714.6957   405      672.0000     4273.4223  6224694  535.93%
  30481 20214     3852.5387  9549      672.0000     4273.4223  6287686  535.93%
  30667 20405     1299.1333  1014      672.0000     4273.4223  6316603  535.93%
  30963 20682     1549.4727  1545      672.0000     4266.0637  6361952  534.83%
Elapsed time = 1770.20 sec. (697909.98 ticks, tree = 860.77 MB, solutions = 6)
  31263 20837      829.4074   444      672.0000     4265.1184  6386776  534.69%
  31600 21030     2949.4693  4944      672.0000     4262.1331  6429329  534.25%

Zero-half cuts applied:  1162
Gomory fractional cuts applied:  32

Root node processing (before b&c):
  Real time             =   28.44 sec. (24082.97 ticks)
Parallel b&c, 12 threads:
  Real time             = 1771.70 sec. (684878.76 ticks)
  Sync time (average)   =  223.33 sec.
  Wait time (average)   =    0.07 sec.
                          ------------
Total (root+branch&cut) = 1800.14 sec. (708961.73 ticks)

Solution pool: 6 solutions saved.

MIP - Time limit exceeded, integer feasible:  Objective =  6.7200000000e+02
Current MIP best bound =  4.2590622481e+03 (gap = 3587.06, 533.79%)
Solution time = 1800.14 sec.  Iterations = 6644437  Nodes = 31777 (22224)
Deterministic time = 708961.76 ticks  (393.84 ticks/sec)

MILP problem relaxed to LP with fixed integer variables using
incumbent solution.
Version identifier: 22.2.0.0 | 2026-05-04 | 5dff98e58
CPXPARAM_TimeLimit                               1800
Parallel mode: deterministic, using up to 12 threads for concurrent optimization:
 * Starting dual Simplex on 1 thread...
 * Starting Barrier on 10 threads...
 * Starting primal Simplex on 1 thread...
Tried aggregator 1 time.
LP Presolve eliminated 33526 rows and 11325 columns.
All rows and columns eliminated.
Presolve time = 0.02 sec. (10.38 ticks)

Dual simplex solved model.


Dual simplex - Optimal:  Objective =  6.7200000000e+02
Solution time =    0.05 sec.  Iterations = 0 (0)
Deterministic time = 21.38 ticks  (454.80 ticks/sec)


Solution written to file 'C:\Users\rodri\AppData\Local\Temp\dedfedc2969c4d5ab995f8bac45ec20f-pulp.sol'.
