
Log started (V22.2.0.0) Sun Jun 21 03:38:08 2026

Version identifier: 22.2.0.0 | 2026-05-04 | 5dff98e58
CPXPARAM_TimeLimit                               1800
Tried aggregator 1 time.
Reduced MIP has 33526 rows, 11325 columns, and 78375 nonzeros.
Reduced MIP has 150 binaries, 0 generals, 0 SOSs, and 0 indicators.
Presolve time = 0.06 sec. (46.78 ticks)
Found incumbent of value 503.000000 after 0.08 sec. (68.20 ticks)
Probing time = 0.02 sec. (5.85 ticks)
Tried aggregator 1 time.
Detecting symmetries...
Reduced MIP has 33526 rows, 11325 columns, and 78375 nonzeros.
Reduced MIP has 11325 binaries, 0 generals, 0 SOSs, and 0 indicators.
Presolve time = 0.12 sec. (181.81 ticks)
Probing time = 0.00 sec. (5.85 ticks)
Clique table members: 22350.
MIP emphasis: balance optimality and feasibility.
MIP search method: dynamic search.
Parallel mode: deterministic, using up to 12 threads.
Root relaxation solution time = 1.08 sec. (957.42 ticks)

        Nodes                                         Cuts/
   Node  Left     Objective  IInf  Best Integer    Best Bound    ItCnt     Gap

*     0+    0                          503.0000    50733.0000              --- 
*     0+    0                          505.0000    50733.0000              --- 
*     0+    0                          529.0000    50733.0000              --- 
*     0+    0                          547.0000    50733.0000              --- 
*     0+    0                          556.0000    50733.0000              --- 
*     0+    0                          577.0000    50733.0000              --- 
      0     0     5073.3000 10217      577.0000     5073.3000        6  779.25%
*     0+    0                          610.0000     5073.3000           731.69%
      0     0     5068.1600 10846      610.0000     Cuts: 640      702  730.85%
      0     0     5062.8800 10585      610.0000     Cuts: 175      884  729.98%
      0     0     5062.0879 10893      610.0000 ZeroHalf: 431     1140  729.85%
*     0+    0                          623.0000     5062.0879           712.53%
      0     0        cutoff            623.0000     5062.0879     1140  712.53%
      0     0     5061.3249 10976      623.0000 ZeroHalf: 173     1384  712.41%
      0     0     5060.2392 11092      623.0000 ZeroHalf: 122     1559  712.24%
Detecting symmetries...
      0     0     5059.0661 11129      623.0000 ZeroHalf: 132     1780  712.05%
*     0+    0                          633.0000     5059.0661           699.22%
      0     0     5058.5617 10971      633.0000 ZeroHalf: 132     1932  682.06%
      0     0     5058.0348 10907      633.0000 ZeroHalf: 169     2106  682.06%
      0     0     5057.6727 11157      633.0000 ZeroHalf: 290     2412  682.06%
*     0+    0                          642.0000     4950.4375           671.10%
      0     0     5057.4722 10969      642.0000  ZeroHalf: 83     2547  671.10%
      0     0     5057.0890 11227      642.0000 ZeroHalf: 194     2841  671.10%
Detecting symmetries...
      0     2     5057.0890 11227      642.0000     4950.4375     2841  671.10%
Elapsed time = 35.25 sec. (27379.13 ticks, tree = 0.02 MB, solutions = 10)
      1     3     5030.4702 11100      642.0000     4950.4375     5285  671.10%
      2     3     4766.8591 11262      642.0000     4950.4375     5958  671.10%
      3     4     4740.2297 11000      642.0000     4950.4375     6251  671.10%
      5     6     4712.4762 10873      642.0000     4950.4375     9611  671.10%
     11     5     4731.9054 11117      642.0000     4950.4375     9627  671.10%
     12     9     4974.7231 10715      642.0000     4950.4375    12206  671.10%
     13    10     4397.4932 10976      642.0000     4950.4375    12806  671.10%
     18    16     4371.6000 10838      642.0000     4950.4375    16488  671.10%
     24    25     4585.8322 10364      642.0000     4950.4375    25400  671.10%
*    32+   11                          653.0000     4950.4375           658.11%
     34    21     4343.2708 10695      653.0000     4950.4375    23386  658.11%
Elapsed time = 45.25 sec. (32965.11 ticks, tree = 0.03 MB, solutions = 11)
     44    39     4297.5563 10373      653.0000     4950.4375    44692  658.11%
     57    34     4637.2908 10597      653.0000     4950.4375    37993  658.11%
     71    61     4535.3099 10270      653.0000     4950.4375    77953  658.11%
     84    55     4605.0764 10465      653.0000     4950.4375    71936  658.11%
     95    76     4474.3000  9991      653.0000     4950.4375    98827  658.11%
    111    98     4517.4790 10050      653.0000     4950.4375   118375  658.11%
    130    97     4341.2444  9298      653.0000     4950.4375   117900  658.11%
    149   119     4276.7368  9032      653.0000     4950.4375   128592  658.11%
    168   137     3626.0000  8521      653.0000     4950.4375   133844  658.11%
    177    56     4178.1522  9830      653.0000     4950.4375    68753  658.11%
Elapsed time = 75.59 sec. (43227.28 ticks, tree = 0.17 MB, solutions = 17)
    181   148     4199.0595  8703      653.0000     4950.4375   139683  658.11%
    184    92     4436.1871  9814      653.0000     4950.4375   113208  658.11%
    201   155     4335.2647  9412      653.0000     4950.4375   144118  658.11%
    229   139     3572.4762  8212      653.0000     4950.4375   134540  658.11%
    269   220     2868.7593  6173      653.0000     4950.4375   162875  658.11%
    305   227     3775.1270  8222      653.0000     4950.4375   165920  658.11%
    354   317     3133.0000  5568      653.0000     4950.4375   191404  658.11%
    394   321     3025.2800  5156      653.0000     4950.4375   192493  658.11%
    449   329     2789.3696  4400      653.0000     4950.4375   193805  658.11%
    505   382     1927.8286  2714      653.0000     4950.4375   207766  658.11%
Elapsed time = 104.92 sec. (53255.13 ticks, tree = 5.23 MB, solutions = 17)
    572   419     2932.7961  5590      653.0000     4950.4375   220174  658.11%
    672   398     3495.9273  6168      653.0000     4950.4375   215381  658.11%
    781   499     1791.2787  1964      653.0000     4950.4375   236389  658.11%
    911   613      828.0000   372      653.0000     4950.4375   250909  658.11%
   1020   633     3038.1458  4648      653.0000     4950.4375   263987  658.11%
   1090   786     2300.7945  2732      653.0000     4950.4375   289626  658.11%
   1186   857     1219.0000   846      653.0000     4950.4375   301468  658.11%
   1302   887     1365.7045  1069      653.0000     4950.4375   305851  658.11%
   1423  1207      841.6154   377      653.0000     4950.4375   342310  658.11%
   1510  1195     4084.0094  8266      653.0000     4950.4375   345956  658.11%
Elapsed time = 133.72 sec. (62880.58 ticks, tree = 17.19 MB, solutions = 17)
   1581  1333     4333.4306 10696      653.0000     4950.4375   363716  658.11%
   1603  1402     4423.8986  9665      653.0000     4950.4375   371885  658.11%
   1626  1530     3242.4490  4769      653.0000     4950.4375   390882  658.11%
   1652  1555     4200.7542  8777      653.0000     4950.4375   402479  658.11%
   1681  1533     3617.5649  6570      653.0000     4950.4375   392453  658.11%
   1708  1584     3425.8519  5891      653.0000     4950.4375   414709  658.11%
   1733  1630     3978.6162  7801      653.0000     4950.4375   434021  658.11%
   1763  1605     4082.9688  8270      653.0000     4950.4375   423402  658.11%
   1795  1696     3042.2292  4678      653.0000     4950.4375   454274  658.11%
   1821  1706     3878.4590  7477      653.0000     4950.4375   458482  658.11%
Elapsed time = 161.58 sec. (72632.76 ticks, tree = 26.50 MB, solutions = 17)
   1849  1709     3771.8824  7125      653.0000     4950.4375   459528  658.11%
   1888  1727     2872.9231  4198      653.0000     4950.4375   463958  658.11%
   1942  1775     1502.9583  1200      653.0000     4950.4375   476375  658.11%
   2008  1829     3384.0748  5813      653.0000     4950.4375   496785  658.11%
   2085  1902      928.6667   458      653.0000     4950.4375   508929  658.11%
   2184  1977     2108.7761  2309      653.0000     4950.4375   529953  658.11%
   2271  1994     1575.1373  1341      653.0000     4950.4375   531600  658.11%
   2382  2056     2611.5904  3495      653.0000     4701.2320   541614  619.94%
   2487  2143     1124.4444   719      653.0000     4701.2320   556132  619.94%
   2607  2165      780.8000   375      653.0000     4701.2320   557803  619.94%
Elapsed time = 189.83 sec. (82324.31 ticks, tree = 32.26 MB, solutions = 17)
   2744  2239     1744.2034  1847      653.0000     4701.2320   577860  619.94%
   2887  2263     1074.9143   654      653.0000     4701.2320   579427  619.94%
   3038  2690      685.2857   273      653.0000     4701.2320   633766  619.94%
   3087  2585     2108.3582  2311      653.0000     4701.2320   625542  619.94%
   3126  2601     1549.3333  1344      653.0000     4681.3571   627252  616.90%
   3183  2723     1542.3585  1504      653.0000     4681.3571   643891  616.90%
   3250  2830     4184.5155  9936      653.0000     4681.3571   664096  616.90%
   3292  3091      696.1739   345      653.0000     4681.3571   701123  616.90%
   3322  3026     3949.6238  8808      653.0000     4681.3571   697266  616.90%
   3345  3157     3746.0678  7017      653.0000     4681.3571   726291  616.90%
Elapsed time = 217.56 sec. (92000.12 ticks, tree = 50.41 MB, solutions = 17)
   3368  3186     3476.3793  6910      653.0000     4681.3571   739675  616.90%
   3391  3190     3352.4911  6462      653.0000     4681.3571   740750  616.90%
   3417  3257     3888.6401  8534      653.0000     4681.3571   764485  616.90%
   3440  3242     3797.7519  8050      653.0000     4681.3571   759037  616.90%
   3464  3262     3730.7081  7843      653.0000     4681.3571   766489  616.90%
   3486  3322     3631.0314  7478      653.0000     4681.3571   791881  616.90%
   3512  3306     3447.2191  6798      653.0000     4681.3571   784052  616.90%
   3541  3345     3202.4710  5918      653.0000     4681.3571   800592  616.90%
   3577  3365     3667.0738  7600      653.0000     4681.3571   808363  616.90%
   3617  3441     3010.8600  5203      653.0000     4681.3571   831667  616.90%
Elapsed time = 246.33 sec. (101811.23 ticks, tree = 54.09 MB, solutions = 17)
   3669  3447     2826.2766  4571      653.0000     4681.3571   832877  616.90%
   3728  3443     2358.2658  3258      653.0000     4681.3571   830482  616.90%
   3806  3560     3237.2574  6027      653.0000     4681.3571   862840  616.90%
   3869  3611     1558.0377  1504      653.0000     4681.3571   871087  616.90%
   3927  3582     1857.0806  2038      653.0000     4681.3571   864487  616.90%
   3962  3604     1201.0000   833      653.0000     4681.3571   866032  616.90%
   3988  3581     3035.9010  5261      653.0000     4681.3571   869521  616.90%

Performing restart 1

Repeating presolve.
Tried aggregator 1 time.
Reduced MIP has 33526 rows, 11325 columns, and 78375 nonzeros.
Reduced MIP has 11325 binaries, 0 generals, 0 SOSs, and 0 indicators.
Presolve time = 0.12 sec. (169.93 ticks)
Tried aggregator 1 time.
Reduced MIP has 33526 rows, 11325 columns, and 78375 nonzeros.
Reduced MIP has 11325 binaries, 0 generals, 0 SOSs, and 0 indicators.
Presolve time = 0.12 sec. (183.41 ticks)
Represolve time = 0.36 sec. (485.63 ticks)
   3992     0     5055.9678 11110      653.0000      Cuts: 68   939641  616.90%
   3992     0     5053.7641 11225      653.0000     Cuts: 193   939991  616.90%
   3992     0     5047.4691 10865      653.0000      Cuts: 69   940473  616.90%
   3992     0     5045.6171 10923      653.0000     Cuts: 398   941178  616.90%
   3992     0     5042.1253 10999      653.0000     Cuts: 263   941810  616.90%
   3992     0     5039.0022 10835      653.0000     Cuts: 209   942345  616.90%
   3992     0     5035.8777 10823      653.0000     Cuts: 341   942921  616.90%
   3992     0     5033.7671 10851      653.0000     Cuts: 294   943550  616.90%
   3992     2     5033.7671 10822      653.0000     4681.3571   943550  616.90%
   3993     3     5002.7236 10667      653.0000     4681.3571   946777  616.90%
   3995     4     4969.3644 10519      653.0000     4681.3571   948342  616.90%
Elapsed time = 332.03 sec. (160450.60 ticks, tree = 0.02 MB, solutions = 17)
   4010     4     4707.8911 10658      653.0000     4681.3571   949743  616.90%
   4017    19     4643.4621 10358      653.0000     4681.3571   959063  616.90%
   4021     9     4379.6782 10541      653.0000     4681.3571   956045  616.90%
   4041    30     4355.3363 10393      653.0000     4681.3571   988019  616.90%
   4063    30     4079.7657 10489      653.0000     4681.3571   981131  616.90%
   4080    58     4046.4444 10365      653.0000     4681.3571  1009308  616.90%
   4089    53     4049.4411 10408      653.0000     4681.3571  1007718  616.90%
   4129    78     4369.2574 10489      653.0000     4681.3571  1020193  616.90%
   4172   156     4286.4613 10023      653.0000     4681.3571  1054462  616.90%
   4311   256     3815.6201  9173      653.0000     4681.3571  1084865  616.90%
Elapsed time = 369.61 sec. (173484.24 ticks, tree = 31.99 MB, solutions = 17)
   4434   335     3718.0068 10093      653.0000     4681.3571  1132864  616.90%
   4569   486     3750.2073  8773      653.0000     4681.3571  1186149  616.90%
   4604   577     3166.4615  8716      653.0000     4681.3571  1216745  616.90%
   4660   603     3621.0319  9598      653.0000     4681.3571  1223455  616.90%
   4726   627     4204.1178  9620      653.0000     4681.3571  1229823  616.90%
   4813   676     3268.3393  8865      653.0000     4681.3571  1241567  616.90%
   4994   873     3619.4638  8117      653.0000     4681.3571  1300401  616.90%
   5196   917     2654.9439  5807      653.0000     4681.3571  1310035  616.90%
   5412  1286     3240.4545  7360      653.0000     4681.3571  1414447  616.90%
   5685  1368     1882.2778  2734      653.0000     4681.3571  1428958  616.90%
Elapsed time = 490.69 sec. (212508.93 ticks, tree = 293.35 MB, solutions = 17)
   6078  1730      933.1379   572      653.0000     4681.3571  1508548  616.90%
   6516  2021     1779.2500  2844      653.0000     4681.3571  1574398  616.90%
   7062  2534     1130.0909  1215      653.0000     4681.3571  1643143  616.90%
   7474  3236     1456.7407  1622      653.0000     4681.3571  1740215  616.90%
   7731  3402     3964.7746  9928      653.0000     4681.3571  1774298  616.90%
   7979  3807     1809.6000  1848      653.0000     4681.3571  1861421  616.90%
   8270  3998     2956.3165  6265      653.0000     4681.3571  1904178  616.90%
   8457  4166     3666.9510  7356      653.0000     4681.3571  1929275  616.90%
   8698  4529     2926.1000  6146      653.0000     4681.3571  2025423  616.90%
   9051  4697     3580.4129  6981      653.0000     4681.3571  2056520  616.90%
Elapsed time = 603.91 sec. (250735.81 ticks, tree = 1199.84 MB, solutions = 17)
   9126  4555     3281.2875  5932      653.0000     4681.3571  2032100  616.90%

Performing restart 2

Repeating presolve.
Tried aggregator 1 time.
Reduced MIP has 33526 rows, 11325 columns, and 78375 nonzeros.
Reduced MIP has 11325 binaries, 0 generals, 0 SOSs, and 0 indicators.
Presolve time = 0.09 sec. (169.93 ticks)
Tried aggregator 1 time.
Reduced MIP has 33526 rows, 11325 columns, and 78375 nonzeros.
Reduced MIP has 11325 binaries, 0 generals, 0 SOSs, and 0 indicators.
Presolve time = 0.11 sec. (183.41 ticks)
Represolve time = 0.64 sec. (488.49 ticks)
   9128     0     5029.9467 10770      653.0000     Cuts: 216  2127859  616.90%
   9128     0     5024.5988 10803      653.0000     Cuts: 585  2128895  616.90%
   9128     0     5022.5049 10774      653.0000     Cuts: 296  2129553  616.90%
   9128     0     5020.4257 10669      653.0000     Cuts: 308  2130162  616.90%
   9128     0     5019.0441 10663      653.0000     Cuts: 296  2130680  616.90%
   9128     0     5016.7414 10604      653.0000     Cuts: 339  2131281  616.90%
   9128     0     5013.7935 10764      653.0000     Cuts: 505  2132103  616.90%
*  9128+    0                          660.0000     4681.3571           609.30%
   9128     0     5011.9445 10691      660.0000     Cuts: 344  2132791  609.30%
   9128     0     5009.3841 10805      660.0000     Cuts: 360  2133516  609.30%
   9128     0     5008.0736 10805      660.0000     Cuts: 308  2134139  609.30%
   9128     0     5007.4564 10811      660.0000 ZeroHalf: 315  2134553  609.30%
   9128     0     5006.8761 10910      660.0000 ZeroHalf: 297  2134909  609.30%
   9128     2     5006.8761 10895      660.0000     4681.3571  2134909  609.30%
   9131     4     4943.3795 10635      660.0000     4681.3571  2140516  609.30%
   9140     7     4401.4219 10751      660.0000     4681.3571  2150148  609.30%
   9152    17     4102.9252 10832      660.0000     4681.3571  2174216  609.30%
   9168    32     4317.1437 10368      660.0000     4681.3571  2236167  609.30%
   9187    49     4261.2352 10091      660.0000     4681.3571  2282616  609.30%
   9222    77     4188.7851  9729      660.0000     4681.3571  2333713  609.30%
   9246    89     3931.8261  9875      660.0000     4681.3571  2349322  609.30%
   9260    98     4368.3483  9295      660.0000     4681.3571  2356442  609.30%
Elapsed time = 789.22 sec. (356017.14 ticks, tree = 9.20 MB, solutions = 18)
   9293   132     3653.2078  8562      660.0000     4681.3571  2380416  609.30%
   9348   160     3392.4891  7192      660.0000     4681.3571  2404723  609.30%
   9438   228     3296.7657  5931      660.0000     4681.3571  2447672  609.30%
   9515   327     3365.4667  5367      660.0000     4681.3571  2484661  609.30%
   9609   386     2856.0106  4412      660.0000     4681.3571  2506467  609.30%
   9881   415     2437.1053  2814      660.0000     4681.3571  2512162  609.30%
  10386   726     1011.0625   544      660.0000     4681.3571  2566666  609.30%
  10609  1064     4168.1737  9683      660.0000     4681.3571  2609841  609.30%
  10719  1339     2009.7714  2512      660.0000     4681.3571  2654168  609.30%
  10901  1610     4435.1631  9658      660.0000     4627.8075  2719041  601.18%
Elapsed time = 900.16 sec. (394520.11 ticks, tree = 371.84 MB, solutions = 18)
  11104  1644     3576.6167  6217      660.0000     4627.8075  2737390  601.18%
  11585  1838     1105.8286   640      660.0000     4627.7112  2779824  601.17%
  12052  2481        cutoff            660.0000     4627.7112  2880539  601.17%
  12310  2811     2116.8824  2237      660.0000     4627.7112  2936841  601.17%
  12493  3131     4034.1940  9038      660.0000     4621.6445  2997405  600.25%
  12680  3217     4143.4081  9577      660.0000     4562.8131  3007419  591.34%
  12811  3252     3586.5597  7202      660.0000     4562.8131  3023016  591.34%
  13123  3572     1247.6098   856      660.0000     4562.8131  3097206  591.34%
  13355  3714     2018.3824  2306      660.0000     4562.8035  3126313  591.33%
  13662  4265     2223.5467  2783      660.0000     4535.6117  3232580  587.21%
Elapsed time = 1012.69 sec. (432802.64 ticks, tree = 1100.61 MB, solutions = 18)
  13889  4490     3342.2951  6212      660.0000     4535.2476  3272787  587.16%
  14030  4684     2993.7500  5023      660.0000     4511.3318  3314758  583.54%
  14293  4883     1984.3582  2214      660.0000     4511.3318  3372472  583.54%
  14684  5022      958.4667   483      660.0000     4508.2733  3397830  583.07%
  14980  5176     1250.8293   856      660.0000     4500.1297  3428219  581.84%
  15303  5849     1308.6818   973      660.0000     4496.3480  3536227  581.26%
  15455  5996     3123.7500  5430      660.0000     4496.2883  3569052  581.26%
  15708  6030     2058.5429  2436      660.0000     4476.9531  3574019  578.33%
  16045  6487     2263.5789  2857      660.0000     4474.7362  3676579  577.99%
  16293  6671     1837.7333  1735      660.0000     4466.3905  3706629  576.73%
Elapsed time = 1124.42 sec. (471103.86 ticks, tree = 1763.44 MB, solutions = 18)
  16587  6831     1866.8571  1972      660.0000     4465.6534  3730217  576.61%
  16915  7047     4077.2292  9255      660.0000     4452.3764  3768619  574.60%
  17160  7370     1768.5833  1794      660.0000     4446.0655  3825391  573.65%
  17534  7614     2628.9213  3916      660.0000     4445.7593  3876182  573.60%
  17940  8078      940.0000   478      660.0000     4440.8428  3952586  572.85%
  18226  8087     3619.1599  7322      660.0000     4433.1407  3964190  571.69%
  18499  8874     3971.0816  8772      660.0000     4429.1085  4070148  571.08%
  18704  9047     1886.2969  2026      660.0000     4422.6182  4102009  570.09%
  18992  9142     1958.2500  1963      660.0000     4417.8685  4120410  569.37%
  19337  9467     2765.6452  4270      660.0000     4417.5300  4193560  569.32%
Elapsed time = 1244.16 sec. (509442.26 ticks, tree = 2532.65 MB, solutions = 18)
Nodefile size = 471.34 MB (343.71 MB after compression)
  19701  9885     3498.4906  6849      660.0000     4417.5300  4272594  569.32%
  19996  9929     2620.0909  3835      660.0000     4417.5300  4283375  569.32%
  20234 10383     3112.7059  6250      660.0000     4402.0118  4344992  566.97%
  20395 10592     1907.0000  2090      660.0000     4396.7628  4386264  566.18%
  20624 10779     2905.1122  4772      660.0000     4396.7628  4430581  566.18%
  20823 10948     1383.0426  1120      660.0000     4396.7628  4466117  566.18%
  20951 11063     1436.5625  1169      660.0000     4396.7628  4488872  566.18%
  21036 11102     2953.7475  4911      660.0000     4396.7628  4499630  566.18%
  21112 11251     1605.0741  1461      660.0000     4396.7628  4520451  566.18%
  21203 11364     1096.0278   669      660.0000     4396.7628  4535108  566.18%
Elapsed time = 1343.19 sec. (547756.84 ticks, tree = 2936.28 MB, solutions = 18)
Nodefile size = 878.69 MB (646.59 MB after compression)
  21340 11515     1476.1800  1260      660.0000     4396.7628  4561837  566.18%
  21470 11474     3284.0631  6966      660.0000     4396.1582  4556601  566.08%
  21676 11816     4089.6093  9307      660.0000     4384.1227  4606799  564.26%
  21901 12032        cutoff            660.0000     4384.1227  4648754  564.26%
  22212 12258     1562.1321  1409      660.0000     4382.3116  4688758  563.99%
  22482 12484     1810.3548  1907      660.0000     4372.2721  4726540  562.47%
  22712 12618     1728.7966  1733      660.0000     4368.3434  4749937  561.87%
  23049 13093     2216.6667  2495      660.0000     4365.7762  4835373  561.48%
  23322 13294     2334.6456  3080      660.0000     4361.9059  4868721  560.89%
  23587 13525     3336.4798  6247      660.0000     4359.5605  4920122  560.54%
Elapsed time = 1453.31 sec. (586195.28 ticks, tree = 3335.84 MB, solutions = 18)
Nodefile size = 1272.47 MB (941.90 MB after compression)
  23941 13969     2464.1084  3406      660.0000     4359.5605  5003481  560.54%
  24296 14030      693.4545   379      660.0000     4348.1152  5008255  558.81%
  24484 14292     2746.4783  4182      660.0000     4338.4040  5065951  557.33%
  24737 14833     1191.6500   811      660.0000     4338.2843  5151381  557.32%
  25000 14837      791.8400   366      660.0000     4338.2843  5147879  557.32%
  25290 15022     2779.4242  4964      660.0000     4338.2843  5194776  557.32%
  25657 15548     1880.3281  2027      660.0000     4334.5798  5284081  556.75%
  25955 15805     3767.1564  7922      660.0000     4334.5798  5338823  556.75%
  26202 15981     3509.5450  7933      660.0000     4329.4992  5372236  555.98%
  26492 16394     2946.1212  4835      660.0000     4329.0918  5442836  555.92%
Elapsed time = 1570.84 sec. (624458.64 ticks, tree = 3421.55 MB, solutions = 18)
Nodefile size = 1361.71 MB (1011.92 MB after compression)
  26789 16587     3423.9244  6614      660.0000     4319.4104  5473464  554.46%
  27194 17115     3941.5501  9964      660.0000     4319.0380  5567748  554.40%
  27469 17124     3700.6875  8790      660.0000     4314.2061  5571530  553.67%
  27706 17380     3236.3759  5916      660.0000     4314.2061  5614713  553.67%
Starting limited solution polishing.
  27900 17765     2674.1263  4545      660.0000     4308.9940  5682774  552.88%
  28140 18004     2782.5758  5007      660.0000     4308.9940  5729607  552.88%
  28319 18058     1691.5690  1675      660.0000     4308.9940  5741868  552.88%
  28408 18145     2652.8085  4456      660.0000     4308.9940  5764811  552.88%
  28456 18248     1843.3636  2220      660.0000     4308.9940  5791748  552.88%
  28540 18369     3981.6549  8801      660.0000     4307.9806  5807836  552.72%
Elapsed time = 1673.47 sec. (662860.62 ticks, tree = 3448.85 MB, solutions = 18)
Nodefile size = 1389.23 MB (1035.05 MB after compression)
  28579 18323     3651.2652  8533      660.0000     4307.9806  5805570  552.72%
  28639 18462     3737.3371  7801      660.0000     4307.9806  5821088  552.72%
  28732 18627     1053.6389   666      660.0000     4307.9806  5849264  552.72%
  28943 18852     1803.6250  2094      660.0000     4306.8226  5895453  552.55%
  29193 18848     3860.2375  9573      660.0000     4306.8226  5893204  552.55%
  29288 19210     2571.5824  4165      660.0000     4305.2980  5956230  552.32%
  29446 19278        cutoff            660.0000     4305.2980  5962235  552.32%
  29579 19380     1647.5926  1408      660.0000     4305.2980  5983817  552.32%
  29926 19567      665.9091   377      660.0000     4301.5935  6024213  551.76%
  30291 19859      742.6957   385      660.0000     4301.5935  6071623  551.76%
Elapsed time = 1769.12 sec. (701329.94 ticks, tree = 3466.98 MB, solutions = 18)
Nodefile size = 1408.13 MB (1050.86 MB after compression)
  30440 18134     2231.5000  3239      660.0000     4301.5935  5757470  551.76%
  30698 20526     1038.6667   702      660.0000     4301.2839  6172867  551.71%
  30914 20470     3034.1961  5242      660.0000     4301.2839  6169931  551.71%

Zero-half cuts applied:  1083
Gomory fractional cuts applied:  27

Root node processing (before b&c):
  Real time             =   35.19 sec. (27319.98 ticks)
Parallel b&c, 12 threads:
  Real time             = 1767.06 sec. (686574.64 ticks)
  Sync time (average)   =  236.72 sec.
  Wait time (average)   =    0.04 sec.
                          ------------
Total (root+branch&cut) = 1802.25 sec. (713894.63 ticks)

Solution pool: 18 solutions saved.

MIP - Time limit exceeded, integer feasible:  Objective =  6.6000000000e+02
Current MIP best bound =  4.2857601384e+03 (gap = 3625.76, 549.36%)
Solution time = 1802.25 sec.  Iterations = 6298046  Nodes = 30931 (21080)
Deterministic time = 713894.66 ticks  (396.11 ticks/sec)

MILP problem relaxed to LP with fixed integer variables using
incumbent solution.
Version identifier: 22.2.0.0 | 2026-05-04 | 5dff98e58
CPXPARAM_TimeLimit                               1800
Parallel mode: deterministic, using up to 12 threads for concurrent optimization:
 * Starting dual Simplex on 1 thread...
 * Starting Barrier on 10 threads...
 * Starting primal Simplex on 1 thread...
Tried aggregator 1 time.
LP Presolve eliminated 33526 rows and 11325 columns.
All rows and columns eliminated.
Presolve time = 0.01 sec. (10.38 ticks)

Dual simplex solved model.


Dual simplex - Optimal:  Objective =  6.6000000000e+02
Solution time =    0.06 sec.  Iterations = 0 (0)
Deterministic time = 21.38 ticks  (344.79 ticks/sec)


Solution written to file 'C:\Users\rodri\AppData\Local\Temp\f434ac2af31e4389920a252a1d1dad0e-pulp.sol'.
