
Log started (V22.2.0.0) Sun Jun 21 09:20:12 2026

Version identifier: 22.2.0.0 | 2026-05-04 | 5dff98e58
CPXPARAM_TimeLimit                               1800
Tried aggregator 1 time.
Reduced MIP has 33526 rows, 11325 columns, and 78375 nonzeros.
Reduced MIP has 150 binaries, 0 generals, 0 SOSs, and 0 indicators.
Presolve time = 0.03 sec. (46.81 ticks)
Found incumbent of value 504.000000 after 0.05 sec. (68.22 ticks)
Probing time = 0.02 sec. (5.85 ticks)
Tried aggregator 1 time.
Detecting symmetries...
Reduced MIP has 33526 rows, 11325 columns, and 78375 nonzeros.
Reduced MIP has 11325 binaries, 0 generals, 0 SOSs, and 0 indicators.
Presolve time = 0.09 sec. (181.82 ticks)
Probing time = 0.02 sec. (5.85 ticks)
Clique table members: 22350.
MIP emphasis: balance optimality and feasibility.
MIP search method: dynamic search.
Parallel mode: deterministic, using up to 12 threads.
Root relaxation solution time = 1.11 sec. (971.06 ticks)

        Nodes                                         Cuts/
   Node  Left     Objective  IInf  Best Integer    Best Bound    ItCnt     Gap

*     0+    0                          504.0000    49510.0000              --- 
*     0+    0                          511.0000    49510.0000              --- 
*     0+    0                          523.0000    49510.0000              --- 
*     0+    0                          536.0000    49510.0000              --- 
*     0+    0                          544.0000    49510.0000              --- 
*     0+    0                          551.0000    49510.0000              --- 
*     0+    0                          558.0000    49510.0000              --- 
      0     0     4951.0000 10186      558.0000     4951.0000        7  787.28%
*     0+    0                          596.0000     4951.0000           730.70%
      0     0     4943.9000 10804      596.0000     Cuts: 629      723  729.51%
      0     0     4941.8400 10720      596.0000     Cuts: 175      957  729.17%
      0     0     4940.2667 10679      596.0000 ZeroHalf: 388     1253  728.90%
      0     0     4939.7000 10862      596.0000 ZeroHalf: 326     1524  728.81%
      0     0     4939.1500 11034      596.0000 ZeroHalf: 293     1796  728.72%
Detecting symmetries...
      0     0     4937.8417 11014      596.0000 ZeroHalf: 104     2044  728.50%
      0     0     4936.1789 10915      596.0000 ZeroHalf: 245     2354  728.22%
      0     0     4935.8529 11190      596.0000 ZeroHalf: 202     2584  728.16%
*     0+    0                          630.0000     4935.8529           683.47%
      0     0     4931.6036 10890      630.0000      Cuts: 95     3031  681.91%
      0     0     4926.3933 10886      630.0000     Cuts: 287     3582  681.91%
      0     0     4925.6908 10929      630.0000 ZeroHalf: 271     3848  681.86%
      0     0     4924.1266 11048      630.0000 ZeroHalf: 371     4329  681.52%
      0     0     4923.5142 11028      630.0000 ZeroHalf: 236     4676  681.51%
      0     0     4922.2622 10869      630.0000 ZeroHalf: 201     5080  681.31%
      0     0     4921.4847 11171      630.0000 ZeroHalf: 435     5503  681.19%
      0     0     4921.0721 11046      630.0000  ZeroHalf: 99     5769  681.12%
      0     0     4920.6109 11126      630.0000 ZeroHalf: 199     6051  681.05%
Detecting symmetries...
      0     2     4920.6109 11126      630.0000     4920.6109     6051  681.05%
Elapsed time = 37.75 sec. (35040.58 ticks, tree = 0.02 MB, solutions = 9)
      1     3     4899.2723 10974      630.0000     4919.6664     7536  680.90%
      2     3     4651.9463 11183      630.0000     4919.6664     8982  680.90%
      3     4     4875.9750 10724      630.0000     4919.6664    10035  680.90%
      4     4     4617.4064 11016      630.0000     4919.6664    11741  680.90%
      6     5     4356.1486 11181      630.0000     4899.2506    13197  677.66%
      8     7     4588.6747 10886      630.0000     4875.9749    18673  673.96%
     11     9     4331.2517 11026      630.0000     4875.9749    23140  673.96%
     14     9     4053.5714 11171      630.0000     4875.9749    24201  673.96%
     15    11     4562.1952 10810      630.0000     4875.9749    28122  673.96%
     21    20     4539.7655 10659      630.0000     4841.9118    47982  668.56%
Elapsed time = 49.16 sec. (42626.79 ticks, tree = 0.02 MB, solutions = 9)
     32    24     4253.4931 10662      630.0000     4841.9118    55782  668.56%
*    37+    8                          634.0000     4841.9118           663.71%
     44    26     4199.7676 10378      634.0000     4841.9118    56807  663.71%
*    46+   11                          640.0000     4811.2375           651.76%
*    46+   10                          641.0000     4811.2375           650.58%
*    50+   11                          651.0000     4811.2375           639.05%
     54    42     4148.5929 10078      651.0000     4811.2375    74552  639.05%
     71    47     4687.3196 10099      651.0000     4811.2375    88298  639.05%
     79    47     4268.2098 10752      651.0000     4811.2375    92707  639.05%
     90    65     4114.7410  9946      651.0000     4811.2375   109926  639.05%
     94    78     4034.6544  9452      651.0000     4811.2375   123028  639.05%
    108    99     4237.8519  9216      651.0000     4811.2375   144507  639.05%
    128   101     4179.3684  8953      651.0000     4811.2375   145502  639.05%
    150   131     3730.9556  9443      651.0000     4811.2375   169433  639.05%
Elapsed time = 71.44 sec. (53173.41 ticks, tree = 2.95 MB, solutions = 15)
    171   147     4142.0808  8825      651.0000     4811.2375   179176  639.05%
    189   136     4343.2516  9835      651.0000     4811.2375   174777  639.05%
    203   149     4075.7231  8569      651.0000     4811.2375   181502  639.05%
    222   198     3744.1587  8141      651.0000     4811.2375   215738  639.05%
    240   203     3684.3065  7884      651.0000     4811.2375   220826  639.05%
    251   235     3683.0161  7890      651.0000     4811.2375   245030  639.05%
    270   224     4188.4252  8097      651.0000     4811.2375   239807  639.05%
    293   255     4115.4697  8864      651.0000     4811.2375   261318  639.05%
    322   253     3334.2500  6476      651.0000     4811.2375   252995  639.05%
    349   263     3512.4202  7297      651.0000     4811.2375   267392  639.05%
Elapsed time = 94.44 sec. (63033.66 ticks, tree = 3.45 MB, solutions = 15)
    372   280     3654.8448  6785      651.0000     4811.2375   275339  639.05%
    388   350     3514.1250  6333      651.0000     4811.2375   302571  639.05%
    402   353     3418.1835  5956      651.0000     4811.2375   303592  639.05%
    410   366     3320.2453  5645      651.0000     4811.2375   308214  639.05%
    425   378     3110.6190  5677      651.0000     4811.2375   313057  639.05%
    442   377     3359.5614  6722      651.0000     4811.2375   312782  639.05%
    473   381     3250.2909  6256      651.0000     4811.2375   313932  639.05%
    493   427     3107.8762  5702      651.0000     4811.2375   328714  639.05%
    532   432     2956.1600  5172      651.0000     4811.2375   329842  639.05%
    573   472     2518.4945  4391      651.0000     4811.2375   341725  639.05%
Elapsed time = 120.70 sec. (73083.66 ticks, tree = 6.30 MB, solutions = 15)
    622   475     2176.3288  2780      651.0000     4811.2375   339990  639.05%
    687   582     2266.6389  2506      651.0000     4811.2375   369592  639.05%
    774   520     2437.6173  3306      651.0000     4811.2375   355274  639.05%
    896   652      890.4444   456      651.0000     4811.2375   376229  639.05%
   1031   685     2846.3077  4225      651.0000     4811.2375   386868  639.05%
   1172   779     1150.4737   774      651.0000     4811.2375   403312  639.05%
   1288   803      734.3043   356      651.0000     4811.2375   405087  639.05%
   1414   915     1385.2391  1120      651.0000     4811.2375   422510  639.05%
   1514   932     1013.4118   647      651.0000     4811.2375   424275  639.05%
   1646   962     1194.0526   721      651.0000     4811.2375   430314  639.05%
Elapsed time = 148.47 sec. (82695.45 ticks, tree = 13.24 MB, solutions = 15)
   1708   981      854.5000   385      651.0000     4687.3157   432034  620.02%
   1757  1286     4122.5786 10028      651.0000     4687.3157   473547  620.02%
   1786  1441     4137.1061  8751      651.0000     4621.5572   500065  609.92%
   1814  1257     1929.7500  2064      651.0000     4621.5572   469896  609.92%
   1840  1737     4106.2036  8591      651.0000     4555.8175   545741  599.82%
   1862  1731     3835.7000  8597      651.0000     4555.8175   542633  599.82%
   1885  1638     4073.3986  9766      651.0000     4555.8175   528319  599.82%
   1921  1807     1428.7083  1187      651.0000     4555.8175   571387  599.82%
   1953  1819     1080.1351   766      651.0000     4555.8175   572516  599.82%
   1993  1767     3671.2308  6912      651.0000     4555.8175   557689  599.82%
Elapsed time = 173.36 sec. (92340.57 ticks, tree = 26.43 MB, solutions = 15)
   2046  1799     3471.3694  6240      651.0000     4555.8175   570183  599.82%
   2075  1886     3956.5556  7969      651.0000     4555.8175   599918  599.82%
   2104  1862     3334.4860  5499      651.0000     4555.8175   591921  599.82%
   2142  1974     4235.0708 10637      651.0000     4551.9151   619074  599.22%
   2189  1942     2878.4301  4138      651.0000     4551.9151   614956  599.22%
   2261  1952     2541.7590  3299      651.0000     4551.9151   616347  599.22%
   2346  2086     1791.0508  1699      651.0000     4551.9151   642098  599.22%
   2440  2125     1804.9032  1939      651.0000     4551.9151   654129  599.22%
   2527  2145     3860.1000  8668      651.0000     4551.9151   659833  599.22%
   2644  2333      888.5333   459      651.0000     4551.9151   686187  599.22%
Elapsed time = 199.98 sec. (102012.63 ticks, tree = 33.87 MB, solutions = 15)
   2784  2517      741.5000   350      651.0000     4551.9151   711425  599.22%
   2866  2252      958.1250   519      651.0000     4551.9151   677278  599.22%
   2961  2649     1209.1429   910      651.0000     4551.9151   731006  599.22%
   3019  2528     3382.2368  6684      651.0000     4551.9151   717766  599.22%
   3093  2845     2793.6923  3963      651.0000     4551.9151   759527  599.22%
   3141  2852     1218.6667   858      651.0000     4551.9151   756966  599.22%
   3194  2846     2758.3111  3878      651.0000     4551.9151   759661  599.22%
   3259  2966      968.5455   543      651.0000     4551.9151   782895  599.22%
   3326  3077     2003.6970  2105      651.0000     4551.9151   805805  599.22%
   3379  2986     3991.8148  9398      651.0000     4529.6322   795373  595.80%
Elapsed time = 227.31 sec. (111663.91 ticks, tree = 45.08 MB, solutions = 15)
   3432  3135     1689.9483  1701      651.0000     4529.6322   819606  595.80%
   3498  3289      677.0000   345      651.0000     4502.6549   851832  591.65%
   3552  3324     3340.7664  5493      651.0000     4502.6549   863546  591.65%
   3589  3409     3344.8407  6570      651.0000     4502.6549   874663  591.65%
   3626  3203     3621.1885  7654      651.0000     4501.2430   839659  591.44%
   3670  3416     3121.1415  5593      651.0000     4501.2430   876862  591.44%
   3718  3502     2192.3026  2843      651.0000     4501.2430   906101  591.44%
   3766  3420     3802.8125  8445      651.0000     4501.2430   880330  591.44%
   3822  3538     1128.8000   820      651.0000     4501.2430   909354  591.44%
   3888  3553     2906.6465  4814      651.0000     4501.2430   919073  591.44%
Elapsed time = 252.23 sec. (121377.37 ticks, tree = 53.96 MB, solutions = 15)
   3925  3588     3584.0579  7535      651.0000     4501.2430   933247  591.44%
   3948  3577     3440.6897  6905      651.0000     4501.2430   929547  591.44%
   3972  3617     1705.8983  1753      651.0000     4501.2430   933232  591.44%
   3987  3599     3253.9545  6239      651.0000     4501.2430   936440  591.44%
   3988  3441     3443.8017  6905      651.0000     4501.2430   886922  591.44%

Performing restart 1

Repeating presolve.
Tried aggregator 1 time.
Reduced MIP has 33526 rows, 11325 columns, and 78375 nonzeros.
Reduced MIP has 11325 binaries, 0 generals, 0 SOSs, and 0 indicators.
Presolve time = 0.12 sec. (169.95 ticks)
Tried aggregator 1 time.
Reduced MIP has 33526 rows, 11325 columns, and 78375 nonzeros.
Reduced MIP has 11325 binaries, 0 generals, 0 SOSs, and 0 indicators.
Presolve time = 0.12 sec. (183.42 ticks)
Represolve time = 0.38 sec. (486.10 ticks)
   3991     0     4918.3516 10980      651.0000     Cuts: 129  1002660  591.44%
   3991     0     4914.2082 10837      651.0000     Cuts: 235  1003362  591.44%
   3991     0     4909.5898 10856      651.0000     Cuts: 282  1004014  591.44%
   3991     0     4908.9355 10833      651.0000     Cuts: 258  1004469  591.44%
   3991     0     4905.4565 10676      651.0000     Cuts: 326  1005266  591.44%
   3991     0     4903.8359 10705      651.0000     Cuts: 429  1005772  591.44%
   3991     0     4901.8812 10814      651.0000     Cuts: 739  1006564  591.44%
   3991     0     4897.6087 10637      651.0000     Cuts: 270  1007379  591.44%
   3991     0     4894.7037 10722      651.0000     Cuts: 487  1008128  591.44%
   3991     2     4894.7037 10696      651.0000     4501.2430  1008128  591.44%
   3992     3     4863.1308 10534      651.0000     4501.2430  1011326  591.44%
   3993     4     4830.7260 10462      651.0000     4501.2430  1013061  591.44%
   3997     5     4797.7342 10310      651.0000     4501.2430  1013954  591.44%
   4010    15     4535.8598 10357      651.0000     4501.2430  1032332  591.44%
Elapsed time = 353.64 sec. (192440.32 ticks, tree = 0.02 MB, solutions = 15)
   4077    28     4436.6042  9806      651.0000     4501.2430  1057884  591.44%
*  4086+   11                          654.0000     4501.2430           588.26%
*  4086+   11                          657.0000     4501.2430           585.12%
   4114   103     3642.3234 10112      657.0000     4501.2430  1114080  585.12%
   4188   137     4142.1182  9748      657.0000     4501.2430  1166956  585.12%
   4261   228     2859.8870  7099      657.0000     4501.2430  1209523  585.12%
   4311   277     3843.7926  9708      657.0000     4501.2430  1230002  585.12%
   4400   315     3922.6025  8735      657.0000     4501.2430  1241813  585.12%
   4568   425     3759.3018  7982      657.0000     4501.2430  1276861  585.12%
   4772   559     2063.4257  3610      657.0000     4501.2430  1306857  585.12%
   4972   814     3583.2964  7223      657.0000     4501.2430  1377736  585.12%
   5128  1011     3584.5015  8307      657.0000     4501.2430  1426356  585.12%
Elapsed time = 464.20 sec. (230875.15 ticks, tree = 205.87 MB, solutions = 17)
   5434  1154     2949.1406  5566      657.0000     4501.2430  1452919  585.12%
   5773  1508     2417.7805  3298      657.0000     4501.2430  1507408  585.12%
   6082  1858     1624.3519  1475      657.0000     4501.2430  1579133  585.12%
   6355  2007     1980.2857  3111      657.0000     4501.2430  1609579  585.12%
   6504  2356     2668.7338  6192      657.0000     4501.2430  1692546  585.12%
   6701  2530     3034.8285  5225      657.0000     4501.2430  1750905  585.12%
   6882  2741     3171.7691  5711      657.0000     4501.2430  1797912  585.12%
   7183  2956     1863.9355  1906      657.0000     4501.2430  1838466  585.12%
   7485  3177     1044.1471   671      657.0000     4501.2430  1868640  585.12%
   7706  3525     4052.5101  9418      657.0000     4501.2430  1933764  585.12%
Elapsed time = 576.12 sec. (269159.47 ticks, tree = 811.38 MB, solutions = 17)
   7995  3705     2794.6146  4395      657.0000     4501.2430  1974356  585.12%
   8285  4014     2415.5647  3579      657.0000     4501.2430  2043514  585.12%
   8661  4262     1626.8065  2088      657.0000     4501.2430  2082707  585.12%
   9049  4507     3818.1833  8383      657.0000     4501.2430  2133202  585.12%
   9230  4776     4083.1504  9454      657.0000     4501.2430  2165692  585.12%

Performing restart 2

Repeating presolve.
Tried aggregator 1 time.
Reduced MIP has 33526 rows, 11325 columns, and 78375 nonzeros.
Reduced MIP has 11325 binaries, 0 generals, 0 SOSs, and 0 indicators.
Presolve time = 0.11 sec. (169.95 ticks)
Tried aggregator 1 time.
Reduced MIP has 33526 rows, 11325 columns, and 78375 nonzeros.
Reduced MIP has 11325 binaries, 0 generals, 0 SOSs, and 0 indicators.
Presolve time = 0.11 sec. (183.42 ticks)
Represolve time = 0.61 sec. (493.83 ticks)
   9232     0     4892.4087 10713      657.0000     Cuts: 468  2242286  585.12%
   9232     0     4891.4530 10683      657.0000     Cuts: 378  2242843  585.12%
   9232     0     4890.2976 10730      657.0000     Cuts: 319  2243510  585.12%
   9232     0     4888.8182 10727      657.0000     Cuts: 278  2244089  585.12%
*  9232+    0                          659.0000     4501.2430           583.04%
   9232     0     4883.7899 10734      659.0000     Cuts: 467  2245143  583.04%
   9232     0     4877.6958 10692      659.0000     Cuts: 425  2246160  583.04%
*  9232+    0                          665.0000     4501.2430           576.88%
   9232     0        cutoff            665.0000     4501.2430  2246160  576.88%
   9232     0     4875.7723 10632      665.0000     Cuts: 412  2246954  576.88%
   9232     0     4874.3688 10644      665.0000     Cuts: 546  2247764  576.88%
   9232     0     4871.9081 10637      665.0000     Cuts: 419  2248692  576.88%
   9232     2     4871.9081 10596      665.0000     4501.2430  2248692  576.88%
   9233     3     4844.7532 10467      665.0000     4501.2430  2251821  576.88%
   9239     7     4564.3041 10407      665.0000     4501.2430  2261813  576.88%
   9253    15     4505.6633 10183      665.0000     4501.2430  2279050  576.88%
   9297    31     3951.9341 10312      665.0000     4501.2430  2312544  576.88%
Elapsed time = 750.92 sec. (377889.67 ticks, tree = 0.60 MB, solutions = 19)
   9353    75     4223.7042  8881      665.0000     4501.2430  2355487  576.88%
   9417   144     4135.0261  8506      665.0000     4501.2430  2403229  576.88%
   9484   236     3377.1869  7406      665.0000     4501.2430  2454771  576.88%
   9523   174     3766.8388  8043      665.0000     4501.2430  2422015  576.88%
   9574   286     3107.7414  6244      665.0000     4501.2430  2477280  576.88%
   9714   382     4095.5371  7362      665.0000     4501.2430  2511940  576.88%
  10058   536     1722.9123  1627      665.0000     4501.2430  2546643  576.88%
  10653   763      710.0000   340      665.0000     4501.2430  2588800  576.88%
  10948  1417     4118.0272  8488      665.0000     4501.2430  2663859  576.88%
  11110  1696     4177.1108  8733      665.0000     4501.2430  2706984  576.88%
Elapsed time = 858.36 sec. (416352.68 ticks, tree = 392.49 MB, solutions = 19)
  11192  1777     4059.1410  8243      665.0000     4501.2430  2730650  576.88%
  11330  1942     2806.4792  4527      665.0000     4501.2430  2797403  576.88%
  11576  2109     1486.0800  1261      665.0000     4501.2430  2846685  576.88%
  11992  2309     2103.3407  2557      665.0000     4501.2430  2892526  576.88%
  12338  2875     1595.4615  1308      665.0000     4501.2430  2971781  576.88%
  12551  3038     2454.2095  3489      665.0000     4478.4148  3010577  573.45%
  12709  3250      984.8235   597      665.0000     4478.4148  3055930  573.45%
  12846  3378     1147.2750   814      665.0000     4478.4148  3094584  573.45%
  12960  3551     3665.6027  7633      665.0000     4478.4148  3157402  573.45%
  13079  3569     3655.3372  7533      665.0000     4443.3311  3166737  568.17%
Elapsed time = 964.88 sec. (454730.72 ticks, tree = 452.05 MB, solutions = 19)
  13224  3669     3648.6961  7524      665.0000     4443.3311  3199947  568.17%
  13567  4025      996.6857   630      665.0000     4443.3311  3285775  568.17%
  13888  4132     4143.3461  9790      665.0000     4443.3311  3303367  568.17%
  14011  4397     4021.7344  9254      665.0000     4436.7705  3345377  567.18%
  14139  4658     3890.5748  8626      665.0000     4402.4820  3411475  562.03%
  14280  4815     2439.6825  3465      665.0000     4396.7377  3451324  561.16%
  14460  4895     3097.3560  5519      665.0000     4391.6094  3492427  560.39%
  14637  5060     1949.5000  1965      665.0000     4388.7961  3528190  559.97%
  14960  5273     2671.6571  4071      665.0000     4388.7961  3582841  559.97%
  15319  5633     2016.7536  2349      665.0000     4388.5910  3643910  559.94%
Elapsed time = 1072.09 sec. (492997.37 ticks, tree = 488.82 MB, solutions = 19)
  15499  5777     3967.8196  8995      665.0000     4385.7778  3669392  559.52%
  15602  6104     2118.4466  2628      665.0000     4379.8787  3734647  558.63%
  15779  6107     3803.6327  8247      665.0000     4379.8787  3743612  558.63%
  15895  6137     3493.0635  7072      665.0000     4360.7299  3759834  555.75%
  16106  6498     3423.2957  5913      665.0000     4358.8511  3848205  555.47%
  16509  6569     2571.9773  3813      665.0000     4358.8511  3870559  555.47%
  16854  6870     1063.2105   730      665.0000     4339.1162  3920238  552.50%
  17021  7325     2288.0101  3060      665.0000     4337.4961  3998568  552.26%
  17220  7384     3687.7990  7781      665.0000     4331.6729  4010390  551.38%
  17359  7782     1954.0938  1958      665.0000     4329.1982  4101133  551.01%
Elapsed time = 1177.62 sec. (531324.97 ticks, tree = 536.37 MB, solutions = 19)
  17535  7687     2502.1426  3653      665.0000     4328.1880  4092254  550.86%
  17749  7991        cutoff            665.0000     4328.1880  4154183  550.86%
  18042  8129     2002.9498  2354      665.0000     4328.1880  4193500  550.86%
  18462  8293     3766.0428  7190      665.0000     4308.3463  4219334  547.87%
  18668  8699     3355.1471  5708      665.0000     4303.2071  4293495  547.10%
  18930  8969     3547.4442  7173      665.0000     4300.5298  4336182  546.70%
  19179  9472     1498.2500  1345      665.0000     4298.1116  4432166  546.33%
  19361  9433     3155.7720  5700      665.0000     4290.4671  4428867  545.18%
  19628  9795     2374.6146  3298      665.0000     4284.9669  4495022  544.36%
  19912  9945     1337.8936  1093      665.0000     4280.9748  4523271  543.76%
Elapsed time = 1287.83 sec. (569575.71 ticks, tree = 1101.37 MB, solutions = 19)
  20187 10367     3896.2634  8626      665.0000     4280.9748  4609065  543.76%
  20467 10637     1959.5255  2278      665.0000     4273.8820  4660289  542.69%
  20660 10834     3789.9205  8149      665.0000     4270.4111  4685648  542.17%
  20894 10887     3293.1524  6164      665.0000     4265.9585  4705422  541.50%
  21062 11089     1663.4310  1667      665.0000     4263.4153  4740478  541.12%
  21331 11564     1211.2791   926      665.0000     4259.3633  4835923  540.51%
  21576 11729     2136.8297  2688      665.0000     4259.3633  4867055  540.51%
  21856 11778     3988.1666  7876      665.0000     4258.1544  4872018  540.32%
  22001 11927      960.2941   591      665.0000     4252.1109  4910498  539.42%
  22216 12171     3112.3340  4894      665.0000     4249.8851  4956472  539.08%
Elapsed time = 1395.62 sec. (607841.42 ticks, tree = 1450.34 MB, solutions = 19)
  22414 12352     1405.0408  1185      665.0000     4246.7393  4993259  538.61%
  22745 12567     3573.1592  8376      665.0000     4246.7352  5042266  538.61%
  23106 13155     3633.2429  7514      665.0000     4246.7352  5149816  538.61%
  23363 13053     3591.1753  7277      665.0000     4237.4956  5137351  537.22%
  23562 13453     2735.7050  4340      665.0000     4234.4368  5200653  536.76%
  23766 13868     1704.7833  1781      665.0000     4232.9486  5278456  536.53%
  24055 13829     3264.7327  6936      665.0000     4232.7530  5275102  536.50%
  24313 14072     3396.6656  7532      665.0000     4231.4196  5331186  536.30%
  24554 14315     3395.3593  7532      665.0000     4229.9713  5371355  536.09%
  24872 14808        cutoff            665.0000     4229.9713  5463408  536.09%
Elapsed time = 1505.86 sec. (646076.21 ticks, tree = 2124.93 MB, solutions = 19)
Nodefile size = 72.08 MB (51.65 MB after compression)
  25156 15139        cutoff            665.0000     4224.1576  5518425  535.21%
  25427 14968     1032.7895   767      665.0000     4223.6681  5488851  535.14%
  25767 15249     3269.6968  7054      665.0000     4216.7041  5555306  534.09%
  25876 15468     3201.7853  6703      665.0000     4214.0203  5600345  533.69%
  26020 15972     2333.0173  3225      665.0000     4208.7978  5681773  532.90%
  26348 16047     3539.3617  8039      665.0000     4206.6356  5702085  532.58%
  26732 16431     1366.0400  1284      665.0000     4206.6356  5795134  532.58%
  27024 16598     2072.9769  2558      665.0000     4206.0990  5827438  532.50%
  27180 17003     1464.9434  1437      665.0000     4201.6062  5889516  531.82%
  27320 17011     2839.8928  4622      665.0000     4200.9559  5900157  531.72%
Elapsed time = 1614.19 sec. (684375.35 ticks, tree = 2163.32 MB, solutions = 19)
Nodefile size = 109.29 MB (78.69 MB after compression)
Starting limited solution polishing.
  27501 17317     2165.6729  2768      665.0000     4199.2487  5960833  531.47%
  27744 17572      771.2963   443      665.0000     4199.2487  6025628  531.47%
  28029 17662     1670.2295  1899      665.0000     4199.2487  6064780  531.47%
  28218 17995     2000.8447  2703      665.0000     4199.2487  6123120  531.47%
  28362 18093     1713.0333  1781      665.0000     4199.2487  6141626  531.47%
  28434 18054     2993.7630  5843      665.0000     4199.2487  6136204  531.47%
  28576 18195     2806.0538  4526      665.0000     4198.6310  6166245  531.37%
  28736 18524     1534.4815  1437      665.0000     4198.6310  6212358  531.37%
  28940 18637     3212.3161  6710      665.0000     4198.1715  6238768  531.30%
  29065 18687     2739.8444  4909      665.0000     4198.1715  6251560  531.30%
Elapsed time = 1718.34 sec. (722769.07 ticks, tree = 2487.21 MB, solutions = 19)
Nodefile size = 426.70 MB (310.10 MB after compression)
  29239 18934     1685.5806  1959      665.0000     4196.8878  6297279  531.11%
  29420 19119     2251.1751  2690      665.0000     4188.0277  6330977  529.78%
  29624 19195     3677.3008  7659      665.0000     4188.0277  6343374  529.78%
  29767 19360     2409.6104  3384      665.0000     4187.3507  6374819  529.68%
  29913 19445     3080.4494  5405      665.0000     4185.9437  6388795  529.47%
  30090 19562     1791.3175  1957      665.0000     4185.9437  6410026  529.47%
  30351 19702     3232.3798  5931      665.0000     4184.0788  6436587  529.18%

Zero-half cuts applied:  842
Gomory fractional cuts applied:  37

Root node processing (before b&c):
  Real time             =   37.73 sec. (34981.81 ticks)
Parallel b&c, 12 threads:
  Real time             = 1766.84 sec. (719286.40 ticks)
  Sync time (average)   =  224.32 sec.
  Wait time (average)   =    0.05 sec.
                          ------------
Total (root+branch&cut) = 1804.58 sec. (754268.21 ticks)

Solution pool: 19 solutions saved.

MIP - Time limit exceeded, integer feasible:  Objective =  6.6500000000e+02
Current MIP best bound =  4.1840788064e+03 (gap = 3519.08, 529.18%)
Solution time = 1804.62 sec.  Iterations = 6545094  Nodes = 30366 (20383)
Deterministic time = 754268.24 ticks  (417.96 ticks/sec)

MILP problem relaxed to LP with fixed integer variables using
incumbent solution.
Version identifier: 22.2.0.0 | 2026-05-04 | 5dff98e58
CPXPARAM_TimeLimit                               1800
Parallel mode: deterministic, using up to 12 threads for concurrent optimization:
 * Starting dual Simplex on 1 thread...
 * Starting Barrier on 10 threads...
 * Starting primal Simplex on 1 thread...
Tried aggregator 1 time.
LP Presolve eliminated 33526 rows and 11325 columns.
All rows and columns eliminated.
Presolve time = 0.09 sec. (10.37 ticks)

Dual simplex solved model.


Dual simplex - Optimal:  Objective =  6.6500000000e+02
Solution time =    0.28 sec.  Iterations = 0 (0)
Deterministic time = 21.37 ticks  (76.06 ticks/sec)


Solution written to file 'C:\Users\rodri\AppData\Local\Temp\411e9ac9bde04460bfe940be59d01583-pulp.sol'.
